Log file open, 05/10/15 11:56:34
LogInit:Display: Running engine for game: Grammatik
LogInit: Version: 4.7.6-2513093+++depot+UE4-Releases+4.7
LogInit: API Version: 2455222
LogInit: Compiled (64-bit): Apr 15 2015 12:09:54
LogInit: Compiled with Visual C++: 18.00.21005.01
LogInit: Build Configuration: Development
LogInit: Branch Name: ++depot+UE4-Releases+4.7
LogInit: Command line:  
LogInit: Base directory: C:/Program Files/Epic Games/4.7/Engine/Binaries/Win64/
LogInit: Rocket: 1
[2015.05.10-09.56.34:073][  0]LogTaskGraph: Started task graph with 3 named threads and 4 total threads.
[2015.05.10-09.56.34:112][  0]LogOnline:Warning: No default platform service specified for OnlineSubsystem
[2015.05.10-09.56.34:149][  0]LogInit: Presizing for 0 objects not considered by GC, pre-allocating 0 bytes.
[2015.05.10-09.56.34:163][  0]LogInit: Object subsystem initialized
[2015.05.10-09.56.34:168][  0]LogConsoleResponse:Warning: Skipping Unknown console variable: 'TranslucentSortAxis = (X=0.000000,Y=-1.000000,Z=0.000000)'
[2015.05.10-09.56.34:168][  0]LogConsoleResponse:Warning:   Found in ini file 'C:/Users/Julia/Documents/GitHub/MyProject/Saved/Config/Windows/Engine.ini', in section '[/Script/Engine.RendererSettings]'
[2015.05.10-09.56.34:168][  0]LogConsoleResponse:Warning: Skipping Unknown console variable: 'UIScaleRule = ShortestSide'
[2015.05.10-09.56.34:168][  0]LogConsoleResponse:Warning:   Found in ini file 'C:/Users/Julia/Documents/GitHub/MyProject/Saved/Config/Windows/Engine.ini', in section '[/Script/Engine.RendererSettings]'
[2015.05.10-09.56.34:168][  0]LogConsoleResponse:Warning: Skipping Unknown console variable: 'UIScaleCurve = (EditorCurveData=(Keys=),ExternalCurve=None)'
[2015.05.10-09.56.34:168][  0]LogConsoleResponse:Warning:   Found in ini file 'C:/Users/Julia/Documents/GitHub/MyProject/Saved/Config/Windows/Engine.ini', in section '[/Script/Engine.RendererSettings]'
[2015.05.10-09.56.34:169][  0]LogInit: Selected Device Profile: [Windows]
[2015.05.10-09.56.34:169][  0]LogInit: Applying CVar settings loaded from the selected device profile: [Windows]
[2015.05.10-09.56.34:193][  0]LogInit: Computer: JULIA-LAPTOP
[2015.05.10-09.56.34:193][  0]LogInit: User: Julia
[2015.05.10-09.56.34:193][  0]LogInit: CPU Page size=4096, Cores=2
[2015.05.10-09.56.34:193][  0]LogInit: High frequency timer resolution =2.435957 MHz
[2015.05.10-09.56.34:193][  0]LogMemory: Memory total: Physical=5.9GB (6GB approx) Virtual=8192.0GB
[2015.05.10-09.56.34:196][  0]LogMemory: Platform Memory Stats for Windows
[2015.05.10-09.56.34:196][  0]LogMemory: Process Physical Memory: 47.36 MB used, 47.36 MB peak
[2015.05.10-09.56.34:197][  0]LogMemory: Process Virtual Memory: 25.46 MB used, 25.46 MB peak
[2015.05.10-09.56.34:197][  0]LogMemory: Physical Memory: 2353.54 MB used, 6002.92 MB total
[2015.05.10-09.56.34:197][  0]LogMemory: Virtual Memory: 275.05 MB used, 8388608.00 MB total
[2015.05.10-09.56.34:400][  0]LogD3D11RHI: Found D3D11 adapter 0: Intel(R) HD Graphics 4000 (Feature Level 11_0)
[2015.05.10-09.56.34:400][  0]LogD3D11RHI: Adapter has 64MB of dedicated video memory, 0MB of dedicated system memory, and 1632MB of shared system memory, 2 output[s]
[2015.05.10-09.56.34:400][  0]LogD3D11RHI: Chosen D3D11 Adapter Id = 0
[2015.05.10-09.56.34:410][  0]LogRHI: Texture pool is 616 MB (70% of 880 MB)
[2015.05.10-09.56.34:434][  0]LogD3D11RHI: Async texture creation enabled
[2015.05.10-09.56.34:559][  0]LogTextLocalizationManager: The requested culture ('de_DE') has no localization data; falling back to 'en' for localization and internationalization data.
[2015.05.10-09.56.34:680][  0]LogTextLocalizationManager:Warning: Loading localization resources contain conflicting entries for (Namespace:UICommands, Key:Save_ToolTip):
Resource: (C:/Program Files/Epic Games/4.7/Engine/Content/Localization/Editor/en/Editor.locres) Hash: (-29098895) String: (Saves the current level to disk)
Resource: (C:/Program Files/Epic Games/4.7/Engine/Content/Localization/Engine/en/Engine.locres) Hash: (-1280300587) String: (Save selected data to vlog file)
[2015.05.10-09.56.34:681][  0]LogTextLocalizationManager:Warning: Loading localization resources contain conflicting entries for (Namespace:ContentBrowser, Key:ImportAssetToolTip):
Resource: (C:/Program Files/Epic Games/4.7/Engine/Content/Localization/Editor/en/Editor.locres) Hash: (-630476809) String: (Import to {0}...)
Resource: (C:/Program Files/Epic Games/4.7/Engine/Content/Localization/Editor/en/Editor.locres) Hash: (1271782899) String: (Imports an asset from file to this folder.)
[2015.05.10-09.56.34:787][  0]LogContentStreaming: Texture pool size is 0.000000MB
[2015.05.10-09.56.38:839][  0]LogTargetPlatformManager:Display: Building Assets For Windows
[2015.05.10-09.56.39:730][  0]LogTargetPlatformManager:Display: Building Assets For Windows
[2015.05.10-09.56.39:829][  0]LogDerivedDataCache:Display: Max Cache Size: 512 MB
[2015.05.10-09.56.39:962][  0]LogDerivedDataCache: Loaded boot cache 0.13s 39MB C:/Users/Julia/AppData/Local/UnrealEngine/4.7/DerivedDataCache/Boot.ddc.
[2015.05.10-09.56.39:962][  0]LogDerivedDataCache:Display: Loaded Boot cache: C:/Users/Julia/AppData/Local/UnrealEngine/4.7/DerivedDataCache/Boot.ddc
[2015.05.10-09.56.39:962][  0]LogDerivedDataCache: FDerivedDataBackendGraph:  Pak pak cache file ../../../../../../Users/Julia/Documents/GitHub/MyProject/DerivedDataCache/DDC.ddp not found, will not use a pak cache.
[2015.05.10-09.56.39:962][  0]LogDerivedDataCache: Unable to find inner node Pak for hierarchical cache Hierarchy.
[2015.05.10-09.56.40:110][  0]LogDerivedDataCache:Display: Pak cache opened for reading ../../../Engine/DerivedDataCache/Compressed.ddp.
[2015.05.10-09.56.40:127][  0]LogDerivedDataCache: Using Local data cache path C:/Users/Julia/AppData/Local/UnrealEngine/Common/DerivedDataCache: Writable
[2015.05.10-09.56.41:141][  0]LogMeshUtilities: No automatic mesh reduction module available
[2015.05.10-09.56.41:141][  0]LogMeshUtilities: No automatic mesh merging module available
[2015.05.10-09.56.41:916][  0]LogInit: WinSock: version 1.1 (2.2), MaxSocks=32767, MaxUdp=65467
[2015.05.10-09.56.42:048][  0]LogSlate:Warning: Failed to load font data from '../../../Engine/Content/Slate/Fonts/Roboto-Italic.ttf'
[2015.05.10-09.56.44:713][  0]UdpMessaging: Initializing bridge on interface 0.0.0.0:0 to multicast group 230.0.0.1:6666.
[2015.05.10-09.56.45:015][  0]SourceControl: Info Source control is disabled
[2015.05.10-09.56.45:015][  0]SourceControl: Info Source control is disabled
[2015.05.10-09.56.45:015][  0]SourceControl: Info Source control is disabled
[2015.05.10-09.56.45:029][  0]LogSourceControl: RunCommandInternalRaw: 'git version'
[2015.05.10-09.56.45:110][  0]LogSourceControl: RunCommandInternalRaw: ExecProcess ReturnCode=0 OutResults='git version 1.8.1.msysgit.1
'
[2015.05.10-09.56.45:546][  0]LogObj: 24232 objects as part of root set at end of initial load.
[2015.05.10-09.56.45:546][  0]LogUObjectAllocator: 5137176 out of 0 bytes used by permanent object pool.
[2015.05.10-09.56.45:652][  0]LogEngine: Initializing Engine...
[2015.05.10-09.56.47:921][  0]LogInit: XAudio2 using 'Lautsprecher (Conexant SmartAudio HD)' : 2 channels at 48 kHz using 32 bits per sample (channel mask 0x3)
[2015.05.10-09.56.47:933][  0]LogInit: FAudioDevice initialized.
[2015.05.10-09.56.47:986][  0]LogAIModule: Creating AISystem for world NewWorld
[2015.05.10-09.56.48:011][  0]LogDerivedDataCache: Saved boot cache 0.02s 39MB C:/Users/Julia/AppData/Local/UnrealEngine/4.7/DerivedDataCache/Boot.ddc.
[2015.05.10-09.56.48:015][  0]LogInit: Texture streaming: Enabled
[2015.05.10-09.56.48:176][  0]LogAnalytics: Creating configured Analytics provider AnalyticsET
[2015.05.10-09.56.48:177][  0]LogAnalytics: ET APIKey = Rocket.Release. APIServer = http://et2.epicgames.com/ET2/. AppVersion = 4.7.6-2513093+++depot+UE4-Releases+4.7
[2015.05.10-09.56.48:177][  0]LogAnalytics: ET APIKey = Rocket.Release. DataRouterUploadURL = https://datarouter-public-service-gamedev.ol.epicgames.net/datarouter/api/v1/public/data. AppVersion = 4.7.6-2513093+++depot+UE4-Releases+4.7
[2015.05.10-09.56.48:177][  0]LogAnalytics: SetUserId 258c484a4356f31f399d94975cb9c330|0e5824b1e13449eea755d55dd689a1a3|d17cefa2-9ca8-4f6e-9b98-256428fec4a3
[2015.05.10-09.56.48:177][  0]LogAnalytics: AnalyticsET::StartSession [Rocket.Release]
[2015.05.10-09.56.48:215][  0]LogInit: Transaction tracking system initialized
[2015.05.10-09.56.48:633][  0]BlueprintLog: New page: Editor Load
[2015.05.10-09.56.48:679][  0]LogAssetRegistry: FAssetRegistry took 0.0101 seconds to start up
[2015.05.10-09.56.48:679][  0]LogDirectoryWatcher:Warning: Failed to begin reading directory changes for ../../../Engine/Plugins/Experimental/CharacterAI/Content/. Error: 0
[2015.05.10-09.56.49:774][  0]LogTargetPlatformManager:Display: Building Assets For Windows
[2015.05.10-09.56.50:482][  0]LogTargetPlatformManager:Display: Building Assets For Windows
[2015.05.10-09.56.50:993][  0]LogSlate:Warning: Failed to load font data from '../../../Engine/Content/Editor/Slate/Fonts/Roboto-Regular.ttf'
[2015.05.10-09.56.50:993][  0]LogSlate:Warning: Failed to load font data from '../../../Engine/Content/Editor/Slate/Fonts/Roboto-Bold.ttf'
[2015.05.10-09.56.51:004][  0]LogConsoleResponse:Display: 
[2015.05.10-09.56.51:276][  0]LogCook:Display: Done creating registry. It took  0.00s.
[2015.05.10-09.56.51:618][  0]LogSourceControl: RunCommandInternalRaw: 'git version'
[2015.05.10-09.56.51:638][  0]LogSourceControl: RunCommandInternalRaw: ExecProcess ReturnCode=0 OutResults='git version 1.8.1.msysgit.1
'
[2015.05.10-09.56.51:638][  0]Cmd: MAP LOAD FILE="../../../../../../Users/Julia/Documents/GitHub/MyProject/Content/ThirdPersonBP/Maps/World.umap" TEMPLATE=0 SHOWPROGRESS=1 FEATURELEVEL=3
[2015.05.10-09.56.51:641][  0]LightingResults: New page: Lighting Build
[2015.05.10-09.56.51:661][  0]MapCheck: New page: Map Check
[2015.05.10-09.56.51:661][  0]LightingResults: New page: Lighting Build
[2015.05.10-09.56.51:691][  0]LogParticles: Destroying 0 GPU particle simulations for FXSystem 0x00000000162E0680
[2015.05.10-09.56.52:917][  0]LogEditorServer: Finished looking for orphan Actors (0.000 secs)
[2015.05.10-09.56.52:918][  0]LogAIModule: Creating AISystem for world World
[2015.05.10-09.56.52:919][  0]Cmd: MAP CHECKDEP
[2015.05.10-09.56.52:919][  0]MapCheck: New page: World - May 10, 2015, 1:56:52 PM
[2015.05.10-09.56.53:153][  0]MapCheck: Info Map check complete: 0 Error(s), 0 Warning(s), took 233.708ms to complete.
[2015.05.10-09.56.53:154][  0]LogFileHelpers: Loading map 'World' took 1.515
[2015.05.10-09.56.53:486][  0]LogSourceControl: RunCommandInternalRaw: 'git status'
[2015.05.10-09.56.53:486][  0]LogCollectionManager: Loaded 0 collections in 0.003945 seconds
[2015.05.10-09.56.53:552][  0]LogContentBrowser: Native class hierarchy populated in 0.0661 seconds. Added 1696 classes and 261 folders.
[2015.05.10-09.56.53:749][  0]LogContentBrowser: Native class hierarchy updated for 'SceneOutliner' in 0.0117 seconds. Added 1 classes and 2 folders.
[2015.05.10-09.56.53:900][  0]LogCrashTracker: Crashtracker disabled due to settings.
[2015.05.10-09.56.53:902][  0]LogSlate:Warning: Failed to load font data from 'Veranda'
[2015.05.10-09.56.53:920][  0]LogUObjectGlobals:Warning: Failed to find object 'Class None.'
[2015.05.10-09.56.53:971][  0]LogSourceControl: RunCommandInternalRaw: ExecProcess ReturnCode=0 OutResults='# On branch master
# Changes not staged for commit:
#   (use "git add <file>..." to update what will be committed)
#   (use "git checkout -- <file>..." to discard changes in working directory)
#
#	modified:   Content/ThirdPersonBP/Blueprints/BP_GroundTile.uasset
#	modified:   Intermediate/CachedAssetRegistry.bin
#	modified:   Saved/AutoScreenshot.png
#	modified:   Saved/Autosaves/Game/ThirdPersonBP/Blueprints/BP_GroundTile_Auto1.uasset
#	modified:   Saved/Autosaves/Game/ThirdPersonBP/Blueprints/BP_GroundTile_Auto2.uasset
#	modified:   Saved/Autosaves/Game/ThirdPersonBP/Blueprints/BP_GroundTile_Auto4.uasset
#	modified:   Saved/Autosaves/Game/ThirdPersonBP/Blueprints/BP_GroundTile_Auto5.uasset
#	modified:   Saved/Autosaves/Game/ThirdPersonBP/Blueprints/BP_GroundTile_Auto6.uasset
#	modified:   Saved/Autosaves/Game/ThirdPersonBP/Blueprints/BP_GroundTile_Auto7.uasset
#	modified:   Saved/Autosaves/PackageRestoreData.json
#	modified:   Saved/Config/Windows/Editor.ini
#	modified:   Saved/Config/Windows/EditorLayout.ini
#	modified:   Saved/Config/Windows/EditorUserSettings.ini
#	modified:   Saved/Config/Windows/Engine.ini
#	modified:   Saved/Logs/Grammatik.log
#
# Untracked files:
#   (use "git add <file>..." to include in what will be committed)
#
#	Binaries/
#	Build/Windows/Thumbs.db
#	Intermediate/Build/
#	Intermediate/ProjectFiles/
#	Saved/Autosaves/Game/Blueprints/
#	Saved/Autosaves/Game/ThirdPersonBP/Blueprints/BP_GroundTile_Auto3.uasset
#	Saved/Autosaves/Game/ThirdPersonBP/Blueprints/Example_Auto3.uasset
#	Saved/Autosaves/Game/ThirdPersonBP/Blueprints/Example_Auto4.uasset
#	Saved/Autosaves/Game/ThirdPersonBP/Blueprints/Satz_Auto3.uasset
#	Saved/Autosaves/Game/ThirdPersonBP/Blueprints/Satz_Auto4.uasset
#	Saved/Autosaves/Game/ThirdPersonBP/Blueprints/Satz_Auto5.uasset
#	Saved/Autosaves/Game/ThirdPersonBP/Blueprints/Satz_old_Auto3.uasset
#	Saved/Autosaves/Game/ThirdPersonBP/Blueprints/Table_Auto1.uasset
#	Saved/Autosaves/Game/ThirdPersonBP/Blueprints/Table_Auto2.uasset
#	Saved/Autosaves/Game/ThirdPersonBP/Blueprints/Table_Auto4.uasset
#	Saved/Backup/BP_GroundTile_2015-05-09-13-55-19.uasset
#	Saved/Backup/BP_GroundTile_2015-05-09-14-05-21.uasset
#	Saved/Backup/BP_GroundTile_2015-05-09-14-15-23.uasset
#	Saved/Backup/BP_GroundTile_2015-05-09-14-25-35.uasset
#	Saved/Backup/BP_GroundTile_2015-05-09-14-34-27.uasset
#	Saved/Backup/BP_GroundTile_2015-05-09-14-47-57.uasset
#	Saved/Backup/BP_GroundTile_2015-05-09-14-53-28.uasset
#	Saved/Backup/BP_GroundTile_2015-05-09-15-03-33.uasset
#	Saved/Backup/BP_GroundTile_2015-05-09-15-09-00.uasset
#	Saved/Backup/BP_GroundTile_2015-05-09-15-14-29.uasset
#	Saved/Backup/BP_GroundTile_2015-05-09-15-24-31.uasset
#	Saved/Backup/BP_GroundTile_2015-05-09-15-34-33.uasset
#	Saved/Backup/BP_GroundTile_2015-05-09-15-44-35.uasset
#	Saved/Backup/BP_GroundTile_2015-05-09-19-02-35.uasset
#	Saved/Backup/BP_GroundTile_2015-05-10-10-11-52.uasset
#	Saved/Backup/BP_GroundTile_2015-05-10-10-22-07.uasset
#	Saved/Backup/BP_GroundTile_2015-05-10-10-32-08.uasset
#	Saved/Backup/BP_GroundTile_2015-05-10-10-44-24.uasset
#	Saved/Backup/BP_GroundTile_2015-05-10-10-51-49.uasset
#	Saved/Backup/BP_GroundTile_2015-05-10-11-01-47.uasset
#	Saved/Backup/BP_GroundTile_2015-05-10-11-16-12.uasset
#	Saved/Backup/BP_GroundTile_2015-05-10-11-49-45.uasset
#	Saved/Backup/BP_GroundTile_2015-05-10-11-55-45.uasset
#	Saved/Backup/BP_Text_2015-05-03-12-46-56.uasset
#	Saved/Backup/BP_Text_2015-05-03-12-57-12.uasset
#	Saved/Backup/M_Vehicle_Sedan_2015-04-26-18-31-43.uasset
#	Saved/Backup/Resolve_Backup[2015-05-09-19-00-49]/
#	Saved/Backup/Resolve_Backup[2015-05-09-19-02-48]/
#	Saved/Backup/Resolve_Backup[2015-05-09-19-05-54]/
#	Saved/Backup/Satz_2015-05-09-14-53-29.uasset
#	Saved/Backup/Satz_old_2015-05-09-15-03-34.uasset
#	Saved/Backup/Satz_old_2015-05-09-15-34-33.uasset
#	Saved/Backup/Satz_old_2015-05-09-15-45-35.uasset
#	Saved/Backup/Table_2015-05-09-13-46-20.uasset
#	Saved/Backup/Table_2015-05-09-13-55-20.uasset
#	Saved/Backup/Table_2015-05-09-14-04-27.uasset
#	Saved/Backup/Table_2015-05-09-14-15-24.uasset
#	Saved/Backup/Table_2015-05-09-14-53-28.uasset
#	Saved/Backup/Table_2015-05-09-15-03-33.uasset
#	Saved/Backup/Table_2015-05-09-15-32-31.uasset
#	Saved/Backup/VehicleExampleMap_2015-04-26-18-31-55.umap
#	Saved/Backup/World_2015-05-03-12-46-56.umap
#	Saved/Backup/World_2015-05-03-12-57-13.umap
#	Saved/Logs/Dump-1063822688.dmp
#	Saved/Logs/Dump-1314919488.dmp
#	Saved/Logs/Dump-1361029488.dmp
#	Saved/Logs/Dump1953721904.dmp
#	Saved/Logs/Grammatik-backup-2015.05.09-10.47.55.log
#	Saved/Logs/Grammatik-backup-2015.05.09-13.28.49.log
#	Saved/Logs/Grammatik-backup-2015.05.09-13.30.51.log
#	Saved/Logs/Grammatik-backup-2015.05.09-13.32.39.log
#	Saved/Logs/Grammatik-backup-2015.05.09-13.33.11.log
#	Saved/Logs/Grammatik-backup-2015.05.09-13.35.00.log
#	Saved/Logs/Grammatik-backup-2015.05.09-14.55.08.log
#	Saved/Logs/Grammatik-backup-2015.05.09-15.04.11.log
#	Saved/Logs/Grammatik-backup-2015.05.09-18.52.47.log
#	Saved/Logs/Grammatik-backup-2015.05.09-18.54.49.log
#	Saved/Logs/Grammatik-backup-2015.05.09-19.00.15.log
#	Saved/Logs/Grammatik-backup-2015.05.10-10.00.21.log
#	Saved/Logs/Grammatik-backup-2015.05.10-11.56.33.log
#	Saved/Logs/Grammatik_2.log
#	Saved/Logs/MyProject.log
#	Saved/Logs/MyProject_2.log
#	Saved/Thumbs.db
no changes added to commit (use "git add" and/or "git commit -a")
'
[2015.05.10-09.56.53:972][  0]LogSourceControl: RunCommandInternalRaw: 'git symbolic-ref --short HEAD'
[2015.05.10-09.56.53:984][  0]LogLoad: Full Startup: 23.07 seconds (BP compile: 0.30 seconds)
[2015.05.10-09.56.54:547][  0]LogSourceControl: RunCommandInternalRaw: ExecProcess ReturnCode=0 OutResults='master
'
[2015.05.10-09.56.54:547][  0]LogContentBrowser:Verbose: The content browser source was changed by the sources view to '/Game/ThirdPersonBP/Blueprints'
[2015.05.10-09.56.54:833][  0]SourceControl: Info master
[2015.05.10-09.56.55:006][  0]LogRenderer:Warning: Reallocating scene render targets to support 32x32 (Frame:2).
[2015.05.10-09.56.55:469][  0]LogRenderer:Warning: Reallocating scene render targets to support 1056x584 (Frame:3).
[2015.05.10-09.56.59:054][  9]LogAssetRegistry: Asset discovery search completed in 10.3857 seconds
[2015.05.10-09.57.03:084][ 23]LogSourceControl: RunCommandInternalRaw: 'git status --porcelain --ignored "C:/Users/Julia/Documents/GitHub/MyProject/Content/ThirdPersonBP/Blueprints/BP_Cone.uasset" "C:/Users/Julia/Documents/GitHub/MyProject/Content/ThirdPersonBP/Blueprints/BP_GroundTile.uasset" "C:/Users/Julia/Documents/GitHub/MyProject/Content/ThirdPersonBP/Blueprints/BP_INTER.uasset" "C:/Users/Julia/Documents/GitHub/MyProject/Content/ThirdPersonBP/Blueprints/BP_Pferd.uasset" "C:/Users/Julia/Documents/GitHub/MyProject/Content/ThirdPersonBP/Blueprints/BP_Rock.uasset" "C:/Users/Julia/Documents/GitHub/MyProject/Content/ThirdPersonBP/Blueprints/BP_Text.uasset" "C:/Users/Julia/Documents/GitHub/MyProject/Content/ThirdPersonBP/Blueprints/GrammatikGameMode.uasset" "C:/Users/Julia/Documents/GitHub/MyProject/Content/ThirdPersonBP/Blueprints/Satz.uasset" "C:/Users/Julia/Documents/GitHub/MyProject/Content/ThirdPersonBP/Blueprints/Table.uasset"'
[2015.05.10-09.57.03:151][ 23]LogSourceControl: RunCommandInternalRaw: ExecProcess ReturnCode=0 OutResults=' M Content/ThirdPersonBP/Blueprints/BP_GroundTile.uasset
'
[2015.05.10-09.57.03:182][ 23]LogLinker:Warning: Asset '../../../Engine/Content/EngineMeshes/Humanoid.uasset' has been saved with empty engine version. The asset will be loaded but may be incompatible.
[2015.05.10-09.57.11:784][246]BlueprintLog: New page: Pre-PIE auto-recompile
[2015.05.10-09.57.11:832][246]LogPlayLevel: [PIE] Compiling BP_GroundTile before PIE...
[2015.05.10-09.57.12:195][246]LogPlayLevel: [PIE] Compiling BP_Pferd before PIE...
[2015.05.10-09.57.12:455][246]LogPlayLevel: [PIE] Compiling GrammatikGameMode before PIE...
[2015.05.10-09.57.12:647][246]LogPlayLevel: PIE:  Blueprint regeneration took 863 ms (3 blueprints)
[2015.05.10-09.57.12:647][246]PIE: New page: PIE session: World (May 10, 2015, 1:57:12 PM)
[2015.05.10-09.57.12:652][246]LogPlayLevel: PIE: StaticDuplicateObject took: (0.004292s)
[2015.05.10-09.57.12:653][246]LogPlayLevel: PIE: World Init took: (0.000559s)
[2015.05.10-09.57.12:653][246]LogPlayLevel: PIE: Created PIE world by copying editor world from /Game/ThirdPersonBP/Maps/World.World to /Game/ThirdPersonBP/Maps/UEDPIE_0_World.World (0.005049s)
[2015.05.10-09.57.12:842][246]LogWorld: Game class is 'GrammatikGameMode_C'
[2015.05.10-09.57.12:845][246]LogAIModule: Creating AISystem for world World
[2015.05.10-09.57.12:850][246]LogWorld: Bringing World /Game/ThirdPersonBP/Maps/UEDPIE_0_World.World up for play (max tick rate 0) at 2015.05.10-11.57.12
[2015.05.10-09.57.12:851][246]LogWorld: Bringing up level for play took: 0.004481
[2015.05.10-09.57.12:855][246]LogArray:Warning: Attempted to get an item from array CallFunc_GetAllActorsOfClass_OutActors out of bounds [0/0]!
[2015.05.10-09.57.12:856][246]LogArray:Warning: Attempted to get an item from array CallFunc_GetAllActorsOfClass_OutActors out of bounds [0/0]!
[2015.05.10-09.57.12:871][246]LogArray:Warning: Attempted to get an item from array TestSatzArrayy out of bounds [0/0]!
[2015.05.10-09.57.12:892][246]LogArray:Warning: Attempted to get an item from array TestSatzArrayy out of bounds [0/0]!
[2015.05.10-09.57.12:927][246]LogArray:Warning: Attempted to get an item from array TestSatzArrayy out of bounds [0/0]!
[2015.05.10-09.57.12:939][246]LogArray:Warning: Attempted to get an item from array TestSatzArrayy out of bounds [0/0]!
[2015.05.10-09.57.12:952][246]LogArray:Warning: Attempted to get an item from array TestSatzArrayy out of bounds [0/0]!
[2015.05.10-09.57.12:966][246]LogArray:Warning: Attempted to get an item from array TestSatzArrayy out of bounds [0/0]!
[2015.05.10-09.57.12:980][246]LogArray:Warning: Attempted to get an item from array TestSatzArrayy out of bounds [0/0]!
[2015.05.10-09.57.12:996][246]LogArray:Warning: Attempted to get an item from array TestSatzArrayy out of bounds [0/0]!
[2015.05.10-09.57.13:012][246]LogArray:Warning: Attempted to get an item from array TestSatzArrayy out of bounds [0/0]!
[2015.05.10-09.57.13:028][246]LogArray:Warning: Attempted to get an item from array TestSatzArrayy out of bounds [0/0]!
[2015.05.10-09.57.13:074][246]PIE: Info Play in editor start time for /Game/ThirdPersonBP/Maps/UEDPIE_0_World 1.995
[2015.05.10-09.57.13:411][246]LogRenderer:Warning: Reallocating scene render targets to support 1296x760 (Frame:8).
[2015.05.10-09.57.17:634][280]LogParticles: Destroying 0 GPU particle simulations for FXSystem 0x000000002C111800
[2015.05.10-09.57.24:292][604]BlueprintLog: New page: Pre-PIE auto-recompile
[2015.05.10-09.57.24:320][604]LogPlayLevel: [PIE] Compiling BP_GroundTile before PIE...
[2015.05.10-09.57.24:595][604]LogPlayLevel: [PIE] Compiling BP_Pferd before PIE...
[2015.05.10-09.57.24:790][604]LogPlayLevel: [PIE] Compiling GrammatikGameMode before PIE...
[2015.05.10-09.57.24:932][604]LogPlayLevel: PIE:  Blueprint regeneration took 640 ms (3 blueprints)
[2015.05.10-09.57.24:932][604]PIE: New page: PIE session: World (May 10, 2015, 1:57:24 PM)
[2015.05.10-09.57.24:941][604]LogPlayLevel: PIE: StaticDuplicateObject took: (0.006982s)
[2015.05.10-09.57.24:941][604]LogPlayLevel: PIE: World Init took: (0.000554s)
[2015.05.10-09.57.24:942][604]LogPlayLevel: PIE: Created PIE world by copying editor world from /Game/ThirdPersonBP/Maps/World.World to /Game/ThirdPersonBP/Maps/UEDPIE_0_World.World (0.007944s)
[2015.05.10-09.57.25:049][604]LogWorld: Game class is 'GrammatikGameMode_C'
[2015.05.10-09.57.25:051][604]LogAIModule: Creating AISystem for world World
[2015.05.10-09.57.25:054][604]LogWorld: Bringing World /Game/ThirdPersonBP/Maps/UEDPIE_0_World.World up for play (max tick rate 0) at 2015.05.10-11.57.25
[2015.05.10-09.57.25:065][604]LogWorld: Bringing up level for play took: 0.014089
[2015.05.10-09.57.25:072][604]LogArray:Warning: Attempted to get an item from array CallFunc_GetAllActorsOfClass_OutActors out of bounds [0/0]!
[2015.05.10-09.57.25:078][604]LogArray:Warning: Attempted to get an item from array CallFunc_GetAllActorsOfClass_OutActors out of bounds [0/0]!
[2015.05.10-09.57.25:082][604]LogBlueprintDebug:Warning: Hit breakpoint on node 'K2Node_VariableSet', from offset 502
[2015.05.10-09.57.25:082][604]LogBlueprintDebug: 
Script call stack:
	Function /Game/ThirdPersonBP/Blueprints/BP_GroundTile.BP_GroundTile_C:UserConstructionScript

[2015.05.10-09.57.25:126][604]LogScriptCore:Warning: Cannot call UnrealScript (HUD /Game/ThirdPersonBP/Maps/UEDPIE_0_World.World:PersistentLevel.HUD_1 - Function /Script/Engine.HUD:ReceiveDrawHUD) while stopped at a breakpoint.
[2015.05.10-09.57.37:421][604]LogArray:Warning: Attempted to get an item from array TestSatzArrayy out of bounds [0/0]!
[2015.05.10-09.57.37:434][604]LogArray:Warning: Attempted to get an item from array TestSatzArrayy out of bounds [0/0]!
[2015.05.10-09.57.37:444][604]LogArray:Warning: Attempted to get an item from array TestSatzArrayy out of bounds [0/0]!
[2015.05.10-09.57.37:453][604]LogArray:Warning: Attempted to get an item from array TestSatzArrayy out of bounds [0/0]!
[2015.05.10-09.57.37:464][604]LogArray:Warning: Attempted to get an item from array TestSatzArrayy out of bounds [0/0]!
[2015.05.10-09.57.37:473][604]LogArray:Warning: Attempted to get an item from array TestSatzArrayy out of bounds [0/0]!
[2015.05.10-09.57.37:483][604]LogArray:Warning: Attempted to get an item from array TestSatzArrayy out of bounds [0/0]!
[2015.05.10-09.57.37:492][604]LogArray:Warning: Attempted to get an item from array TestSatzArrayy out of bounds [0/0]!
[2015.05.10-09.57.37:501][604]LogArray:Warning: Attempted to get an item from array TestSatzArrayy out of bounds [0/0]!
[2015.05.10-09.57.37:510][604]LogArray:Warning: Attempted to get an item from array TestSatzArrayy out of bounds [0/0]!
[2015.05.10-09.57.37:548][604]PIE: Info Play in editor start time for /Game/ThirdPersonBP/Maps/UEDPIE_0_World 12.467
[2015.05.10-09.57.37:723][604]LogActorComponent: UnregisterComponent: (/Engine/Transient.CharMoveComp) Not registered. Aborting.
[2015.05.10-09.57.37:815][605]LogParticles: Destroying 0 GPU particle simulations for FXSystem 0x000000002CAA7BA0
[2015.05.10-09.57.57:056][116]LogActorComponent: UnregisterComponent: (/Engine/Transient.CharMoveComp) Not registered. Aborting.
[2015.05.10-09.57.57:142][116]LogSourceControl: RunCommandInternalRaw: 'git status --porcelain --ignored "C:/Users/Julia/Documents/GitHub/MyProject/Content/ThirdPersonBP/Blueprints/Satz.uasset"'
[2015.05.10-09.57.57:194][116]LogSourceControl: RunCommandInternalRaw: ExecProcess ReturnCode=0 OutResults=''
[2015.05.10-09.57.57:244][116]Cmd: OBJ SAVEPACKAGE PACKAGE="/Game/ThirdPersonBP/Blueprints/Satz" FILE="../../../../../../Users/Julia/Documents/GitHub/MyProject/Content/ThirdPersonBP/Blueprints/Satz.uasset" SILENT=true
[2015.05.10-09.57.57:316][116]LogSavePackage: Save=10.655360ms
[2015.05.10-09.57.57:316][116]LogSavePackage: Moving '../../../../../../Users/Julia/Documents/GitHub/MyProject/Saved/SatzAE1A26004EDE65EF58C59CBDF625E1D9.tmp' to '../../../../../../Users/Julia/Documents/GitHub/MyProject/Content/ThirdPersonBP/Blueprints/Satz.uasset'
[2015.05.10-09.57.57:347][117]LogSourceControl: RunCommandInternalRaw: 'git status --porcelain --ignored "C:/Users/Julia/Documents/GitHub/MyProject/Content/ThirdPersonBP/Blueprints/Satz.uasset"'
[2015.05.10-09.57.57:579][130]LogSourceControl: RunCommandInternalRaw: ExecProcess ReturnCode=0 OutResults=' M Content/ThirdPersonBP/Blueprints/Satz.uasset
'
[2015.05.10-09.58.00:835][290]BlueprintLog: New page: Pre-PIE auto-recompile
[2015.05.10-09.58.00:859][290]LogPlayLevel: [PIE] Compiling BP_GroundTile before PIE...
[2015.05.10-09.58.01:114][290]LogPlayLevel: [PIE] Compiling BP_Pferd before PIE...
[2015.05.10-09.58.01:312][290]LogPlayLevel: [PIE] Compiling GrammatikGameMode before PIE...
[2015.05.10-09.58.01:456][290]LogPlayLevel: PIE:  Blueprint regeneration took 621 ms (3 blueprints)
[2015.05.10-09.58.01:456][290]PIE: New page: PIE session: World (May 10, 2015, 1:58:01 PM)
[2015.05.10-09.58.01:463][290]LogPlayLevel: PIE: StaticDuplicateObject took: (0.005452s)
[2015.05.10-09.58.01:467][290]LogPlayLevel: PIE: World Init took: (0.004468s)
[2015.05.10-09.58.01:468][290]LogPlayLevel: PIE: Created PIE world by copying editor world from /Game/ThirdPersonBP/Maps/World.World to /Game/ThirdPersonBP/Maps/UEDPIE_0_World.World (0.010140s)
[2015.05.10-09.58.01:560][290]LogWorld: Game class is 'GrammatikGameMode_C'
[2015.05.10-09.58.01:562][290]LogAIModule: Creating AISystem for world World
[2015.05.10-09.58.01:566][290]LogWorld: Bringing World /Game/ThirdPersonBP/Maps/UEDPIE_0_World.World up for play (max tick rate 0) at 2015.05.10-11.58.01
[2015.05.10-09.58.01:567][290]LogWorld: Bringing up level for play took: 0.005404
[2015.05.10-09.58.01:570][290]LogArray:Warning: Attempted to get an item from array CallFunc_GetAllActorsOfClass_OutActors out of bounds [0/0]!
[2015.05.10-09.58.01:570][290]LogArray:Warning: Attempted to get an item from array CallFunc_GetAllActorsOfClass_OutActors out of bounds [0/0]!
[2015.05.10-09.58.01:571][290]LogBlueprintDebug:Warning: Hit breakpoint on node 'K2Node_VariableSet', from offset 502
[2015.05.10-09.58.01:571][290]LogBlueprintDebug: 
Script call stack:
	Function /Game/ThirdPersonBP/Blueprints/BP_GroundTile.BP_GroundTile_C:UserConstructionScript

[2015.05.10-09.58.01:618][290]LogScriptCore:Warning: Cannot call UnrealScript (HUD /Game/ThirdPersonBP/Maps/UEDPIE_0_World.World:PersistentLevel.HUD_2 - Function /Script/Engine.HUD:ReceiveDrawHUD) while stopped at a breakpoint.
[2015.05.10-09.58.23:264][290]LogArray:Warning: Attempted to get an item from array TestSatzArrayy out of bounds [0/0]!
[2015.05.10-09.58.23:273][290]LogArray:Warning: Attempted to get an item from array TestSatzArrayy out of bounds [0/0]!
[2015.05.10-09.58.23:281][290]LogArray:Warning: Attempted to get an item from array TestSatzArrayy out of bounds [0/0]!
[2015.05.10-09.58.23:289][290]LogArray:Warning: Attempted to get an item from array TestSatzArrayy out of bounds [0/0]!
[2015.05.10-09.58.23:298][290]LogArray:Warning: Attempted to get an item from array TestSatzArrayy out of bounds [0/0]!
[2015.05.10-09.58.23:306][290]LogArray:Warning: Attempted to get an item from array TestSatzArrayy out of bounds [0/0]!
[2015.05.10-09.58.23:314][290]LogArray:Warning: Attempted to get an item from array TestSatzArrayy out of bounds [0/0]!
[2015.05.10-09.58.23:321][290]LogArray:Warning: Attempted to get an item from array TestSatzArrayy out of bounds [0/0]!
[2015.05.10-09.58.23:329][290]LogArray:Warning: Attempted to get an item from array TestSatzArrayy out of bounds [0/0]!
[2015.05.10-09.58.23:336][290]LogArray:Warning: Attempted to get an item from array TestSatzArrayy out of bounds [0/0]!
[2015.05.10-09.58.23:380][290]PIE: Info Play in editor start time for /Game/ThirdPersonBP/Maps/UEDPIE_0_World 22.299
[2015.05.10-09.58.23:617][291]LogParticles: Destroying 0 GPU particle simulations for FXSystem 0x000000002CA96840
[2015.05.10-09.58.24:863][361]LogUObjectGlobals:Warning: Failed to find object 'Object None.'
[2015.05.10-09.58.24:864][361]LogUObjectGlobals:Warning: Failed to find object 'Object None.'
[2015.05.10-09.58.24:865][361]LogUObjectGlobals:Warning: Failed to find object 'Object None.'
[2015.05.10-09.58.24:865][361]LogUObjectGlobals:Warning: Failed to find object 'Object None.'
[2015.05.10-09.58.24:866][361]LogUObjectGlobals:Warning: Failed to find object 'Object None.'
[2015.05.10-09.58.24:867][361]LogUObjectGlobals:Warning: Failed to find object 'Object None.'
[2015.05.10-09.58.24:867][361]LogUObjectGlobals:Warning: Failed to find object 'Object None.'
[2015.05.10-09.58.24:875][361]LogUObjectHash:Warning: Ambiguous search, could be K2Node_IfThenElse /Game/ThirdPersonBP/Blueprints/BP_GroundTile.BP_GroundTile:UserConstructionScript.K2Node_IfThenElse_28 or K2Node_IfThenElse /Engine/Transient.PROTO_BP_Blueprint_0:UserConstructionScript.K2Node_IfThenElse_28
[2015.05.10-09.58.24:875][361]LogProperty:Warning: ObjectProperty /Script/Engine.EdGraphPin:LinkedTo.LinkedTo: unresolved reference to 'EdGraphPin'K2Node_IfThenElse_28.EdGraphPin_5780''
[2015.05.10-09.58.24:876][361]LogProperty:Warning: ObjectProperty /Script/Engine.EdGraphPin:LinkedTo.LinkedTo: unresolved reference to 'EdGraphPin'K2Node_VariableGet_1765.EdGraphPin_5736''
[2015.05.10-09.58.24:877][361]LogProperty:Warning: ObjectProperty /Script/Engine.EdGraphPin:LinkedTo.LinkedTo: unresolved reference to 'EdGraphPin'K2Node_MacroInstance_252.EdGraphPin_7035''
[2015.05.10-09.58.24:881][361]LogProperty:Warning: ObjectProperty /Script/Engine.EdGraphPin:LinkedTo.LinkedTo: unresolved reference to 'EdGraphPin'K2Node_MacroInstance_252.EdGraphPin_7033''
[2015.05.10-09.58.24:881][361]LogProperty:Warning: ObjectProperty /Script/Engine.EdGraphPin:LinkedTo.LinkedTo: unresolved reference to 'EdGraphPin'K2Node_CallFunction_4158.EdGraphPin_5744''
[2015.05.10-09.58.24:885][361]LogProperty:Warning: ObjectProperty /Script/Engine.EdGraphPin:LinkedTo.LinkedTo: unresolved reference to 'EdGraphPin'K2Node_MacroInstance_252.EdGraphPin_7032''
[2015.05.10-09.58.24:889][361]LogProperty:Warning: ObjectProperty /Script/Engine.EdGraphPin:LinkedTo.LinkedTo: unresolved reference to 'EdGraphPin'K2Node_CallFunction_5617.EdGraphPin_5792''
[2015.05.10-09.58.24:895][361]LogProperty:Warning: ObjectProperty /Script/Engine.EdGraphPin:LinkedTo.LinkedTo: unresolved reference to 'EdGraphPin'K2Node_CallFunction_5617.EdGraphPin_5791''
[2015.05.10-09.58.43:629][278]LogEditorTransaction: Undo Create Pin Link
[2015.05.10-09.58.44:662][301]LogEditorTransaction: Undo Move Nodes
[2015.05.10-09.58.46:014][337]LogEditorTransaction: Undo Paste clipboard contents
[2015.05.10-09.59.02:499][369]LogUObjectGlobals:Warning: Failed to find object 'Object None.'
[2015.05.10-09.59.02:499][369]LogUObjectHash:Warning: Ambiguous search, could be K2Node_CallArrayFunction /Game/ThirdPersonBP/Blueprints/BP_GroundTile.BP_GroundTile:UserConstructionScript.K2Node_CallArrayFunction_34 or K2Node_CallArrayFunction /Game/ThirdPersonBP/Blueprints/BP_GroundTile.BP_GroundTile:UserConstructionScript.K2Node_CallArrayFunction_34
[2015.05.10-09.59.02:500][369]LogUObjectGlobals:Warning: Failed to find object 'Object None.'
[2015.05.10-09.59.02:500][369]LogUObjectHash:Warning: Ambiguous search, could be K2Node_IfThenElse /Game/ThirdPersonBP/Blueprints/BP_GroundTile.BP_GroundTile:UserConstructionScript.K2Node_IfThenElse_28 or K2Node_IfThenElse /Game/ThirdPersonBP/Blueprints/BP_GroundTile.BP_GroundTile:UserConstructionScript.K2Node_IfThenElse_28
[2015.05.10-09.59.02:500][369]LogUObjectGlobals:Warning: Failed to find object 'Object None.'
[2015.05.10-09.59.02:500][369]LogUObjectHash:Warning: Ambiguous search, could be EdGraphNode_Comment /Game/ThirdPersonBP/Blueprints/BP_GroundTile.BP_GroundTile:UserConstructionScript.EdGraphNode_Comment_88 or EdGraphNode_Comment /Game/ThirdPersonBP/Blueprints/BP_GroundTile.BP_GroundTile:UserConstructionScript.EdGraphNode_Comment_88
[2015.05.10-09.59.02:501][369]LogUObjectGlobals:Warning: Failed to find object 'Object None.'
[2015.05.10-09.59.02:501][369]LogUObjectHash:Warning: Ambiguous search, could be K2Node_VariableGet /Game/ThirdPersonBP/Blueprints/BP_GroundTile.BP_GroundTile:UserConstructionScript.K2Node_VariableGet_1765 or K2Node_VariableGet /Game/ThirdPersonBP/Blueprints/BP_GroundTile.BP_GroundTile:UserConstructionScript.K2Node_VariableGet_1765
[2015.05.10-09.59.02:501][369]LogUObjectGlobals:Warning: Failed to find object 'Object None.'
[2015.05.10-09.59.02:501][369]LogUObjectHash:Warning: Ambiguous search, could be K2Node_CallFunction /Game/ThirdPersonBP/Blueprints/BP_GroundTile.BP_GroundTile:UserConstructionScript.K2Node_CallFunction_4158 or K2Node_CallFunction /Game/ThirdPersonBP/Blueprints/BP_GroundTile.BP_GroundTile:UserConstructionScript.K2Node_CallFunction_4158
[2015.05.10-09.59.02:502][369]LogUObjectGlobals:Warning: Failed to find object 'Object None.'
[2015.05.10-09.59.02:502][369]LogUObjectHash:Warning: Ambiguous search, could be K2Node_MacroInstance /Game/ThirdPersonBP/Blueprints/BP_GroundTile.BP_GroundTile:UserConstructionScript.K2Node_MacroInstance_252 or K2Node_MacroInstance /Game/ThirdPersonBP/Blueprints/BP_GroundTile.BP_GroundTile:UserConstructionScript.K2Node_MacroInstance_252
[2015.05.10-09.59.02:502][369]LogUObjectGlobals:Warning: Failed to find object 'Object None.'
[2015.05.10-09.59.02:502][369]LogUObjectHash:Warning: Ambiguous search, could be K2Node_CallFunction /Game/ThirdPersonBP/Blueprints/BP_GroundTile.BP_GroundTile:UserConstructionScript.K2Node_CallFunction_5617 or K2Node_CallFunction /Game/ThirdPersonBP/Blueprints/BP_GroundTile.BP_GroundTile:UserConstructionScript.K2Node_CallFunction_5617
[2015.05.10-09.59.13:645][950]LogEditorTransaction: Undo Move Nodes
[2015.05.10-09.59.14:202][956]LogEditorTransaction: Undo Paste clipboard contents
[2015.05.10-09.59.17:978][ 92]LogUObjectGlobals:Warning: Failed to find object 'Object None.'
[2015.05.10-09.59.17:978][ 92]LogUObjectHash:Warning: Ambiguous search, could be K2Node_CallArrayFunction /Game/ThirdPersonBP/Blueprints/BP_GroundTile.BP_GroundTile:UserConstructionScript.K2Node_CallArrayFunction_34 or K2Node_CallArrayFunction /Game/ThirdPersonBP/Blueprints/BP_GroundTile.BP_GroundTile:UserConstructionScript.K2Node_CallArrayFunction_34
[2015.05.10-09.59.17:978][ 92]LogUObjectGlobals:Warning: Failed to find object 'Object None.'
[2015.05.10-09.59.17:978][ 92]LogUObjectHash:Warning: Ambiguous search, could be K2Node_IfThenElse /Game/ThirdPersonBP/Blueprints/BP_GroundTile.BP_GroundTile:UserConstructionScript.K2Node_IfThenElse_28 or K2Node_IfThenElse /Game/ThirdPersonBP/Blueprints/BP_GroundTile.BP_GroundTile:UserConstructionScript.K2Node_IfThenElse_28
[2015.05.10-09.59.17:979][ 92]LogUObjectGlobals:Warning: Failed to find object 'Object None.'
[2015.05.10-09.59.17:979][ 92]LogUObjectHash:Warning: Ambiguous search, could be EdGraphNode_Comment /Game/ThirdPersonBP/Blueprints/BP_GroundTile.BP_GroundTile:UserConstructionScript.EdGraphNode_Comment_88 or EdGraphNode_Comment /Game/ThirdPersonBP/Blueprints/BP_GroundTile.BP_GroundTile:UserConstructionScript.EdGraphNode_Comment_88
[2015.05.10-09.59.17:979][ 92]LogUObjectGlobals:Warning: Failed to find object 'Object None.'
[2015.05.10-09.59.17:979][ 92]LogUObjectHash:Warning: Ambiguous search, could be K2Node_VariableGet /Game/ThirdPersonBP/Blueprints/BP_GroundTile.BP_GroundTile:UserConstructionScript.K2Node_VariableGet_1765 or K2Node_VariableGet /Game/ThirdPersonBP/Blueprints/BP_GroundTile.BP_GroundTile:UserConstructionScript.K2Node_VariableGet_1765
[2015.05.10-09.59.17:980][ 92]LogUObjectGlobals:Warning: Failed to find object 'Object None.'
[2015.05.10-09.59.17:980][ 92]LogUObjectHash:Warning: Ambiguous search, could be K2Node_CallFunction /Game/ThirdPersonBP/Blueprints/BP_GroundTile.BP_GroundTile:UserConstructionScript.K2Node_CallFunction_4158 or K2Node_CallFunction /Game/ThirdPersonBP/Blueprints/BP_GroundTile.BP_GroundTile:UserConstructionScript.K2Node_CallFunction_4158
[2015.05.10-09.59.17:980][ 92]LogUObjectGlobals:Warning: Failed to find object 'Object None.'
[2015.05.10-09.59.17:980][ 92]LogUObjectHash:Warning: Ambiguous search, could be K2Node_MacroInstance /Game/ThirdPersonBP/Blueprints/BP_GroundTile.BP_GroundTile:UserConstructionScript.K2Node_MacroInstance_252 or K2Node_MacroInstance /Game/ThirdPersonBP/Blueprints/BP_GroundTile.BP_GroundTile:UserConstructionScript.K2Node_MacroInstance_252
[2015.05.10-09.59.17:981][ 92]LogUObjectGlobals:Warning: Failed to find object 'Object None.'
[2015.05.10-09.59.17:981][ 92]LogUObjectHash:Warning: Ambiguous search, could be K2Node_CallFunction /Game/ThirdPersonBP/Blueprints/BP_GroundTile.BP_GroundTile:UserConstructionScript.K2Node_CallFunction_5617 or K2Node_CallFunction /Game/ThirdPersonBP/Blueprints/BP_GroundTile.BP_GroundTile:UserConstructionScript.K2Node_CallFunction_5617
[2015.05.10-09.59.40:900][ 81]BlueprintLog: New page: Pre-PIE auto-recompile
[2015.05.10-09.59.40:992][ 81]LogPlayLevel: [PIE] Compiling BP_GroundTile before PIE...
[2015.05.10-09.59.41:251][ 81]LogPlayLevel: [PIE] Compiling BP_Pferd before PIE...
[2015.05.10-09.59.41:446][ 81]LogPlayLevel: [PIE] Compiling GrammatikGameMode before PIE...
[2015.05.10-09.59.41:607][ 81]LogPlayLevel: PIE:  Blueprint regeneration took 706 ms (3 blueprints)
[2015.05.10-09.59.41:607][ 81]PIE: New page: PIE session: World (May 10, 2015, 1:59:41 PM)
[2015.05.10-09.59.41:612][ 81]LogPlayLevel: PIE: StaticDuplicateObject took: (0.004149s)
[2015.05.10-09.59.41:613][ 81]LogPlayLevel: PIE: World Init took: (0.000557s)
[2015.05.10-09.59.41:613][ 81]LogPlayLevel: PIE: Created PIE world by copying editor world from /Game/ThirdPersonBP/Maps/World.World to /Game/ThirdPersonBP/Maps/UEDPIE_0_World.World (0.004904s)
[2015.05.10-09.59.41:661][ 81]LogWorld: Game class is 'GrammatikGameMode_C'
[2015.05.10-09.59.41:663][ 81]LogAIModule: Creating AISystem for world World
[2015.05.10-09.59.41:665][ 81]LogWorld: Bringing World /Game/ThirdPersonBP/Maps/UEDPIE_0_World.World up for play (max tick rate 0) at 2015.05.10-11.59.41
[2015.05.10-09.59.41:666][ 81]LogWorld: Bringing up level for play took: 0.002879
[2015.05.10-09.59.41:668][ 81]LogArray:Warning: Attempted to get an item from array CallFunc_GetAllActorsOfClass_OutActors out of bounds [0/0]!
[2015.05.10-09.59.41:669][ 81]LogArray:Warning: Attempted to get an item from array CallFunc_GetAllActorsOfClass_OutActors out of bounds [0/0]!
[2015.05.10-09.59.41:669][ 81]LogBlueprintDebug:Warning: Hit breakpoint on node 'K2Node_VariableSet', from offset 755
[2015.05.10-09.59.41:669][ 81]LogBlueprintDebug: 
Script call stack:
	Function /Game/ThirdPersonBP/Blueprints/BP_GroundTile.BP_GroundTile_C:UserConstructionScript

[2015.05.10-09.59.41:702][ 81]LogScriptCore:Warning: Cannot call UnrealScript (HUD /Game/ThirdPersonBP/Maps/UEDPIE_0_World.World:PersistentLevel.HUD_3 - Function /Script/Engine.HUD:ReceiveDrawHUD) while stopped at a breakpoint.
[2015.05.10-09.59.53:988][ 81]LogArray:Warning: Attempted to get an item from array TestSatzArrayy out of bounds [0/0]!
[2015.05.10-09.59.54:000][ 81]LogArray:Warning: Attempted to get an item from array TestSatzArrayy out of bounds [0/0]!
[2015.05.10-09.59.54:007][ 81]LogArray:Warning: Attempted to get an item from array TestSatzArrayy out of bounds [0/0]!
[2015.05.10-09.59.54:015][ 81]LogArray:Warning: Attempted to get an item from array TestSatzArrayy out of bounds [0/0]!
[2015.05.10-09.59.54:021][ 81]LogArray:Warning: Attempted to get an item from array TestSatzArrayy out of bounds [0/0]!
[2015.05.10-09.59.54:028][ 81]LogArray:Warning: Attempted to get an item from array TestSatzArrayy out of bounds [0/0]!
[2015.05.10-09.59.54:036][ 81]LogArray:Warning: Attempted to get an item from array TestSatzArrayy out of bounds [0/0]!
[2015.05.10-09.59.54:045][ 81]LogArray:Warning: Attempted to get an item from array TestSatzArrayy out of bounds [0/0]!
[2015.05.10-09.59.54:051][ 81]LogArray:Warning: Attempted to get an item from array TestSatzArrayy out of bounds [0/0]!
[2015.05.10-09.59.54:058][ 81]LogArray:Warning: Attempted to get an item from array TestSatzArrayy out of bounds [0/0]!
[2015.05.10-09.59.54:188][ 81]PIE: Info Play in editor start time for /Game/ThirdPersonBP/Maps/UEDPIE_0_World 13.104
[2015.05.10-09.59.54:401][ 82]LogParticles: Destroying 0 GPU particle simulations for FXSystem 0x00000000110BFE20
[2015.05.10-09.59.58:291][307]BlueprintLog: New page: Pre-PIE auto-recompile
[2015.05.10-09.59.58:323][307]LogPlayLevel: [PIE] Compiling BP_GroundTile before PIE...
[2015.05.10-09.59.58:600][307]LogPlayLevel: [PIE] Compiling BP_Pferd before PIE...
[2015.05.10-09.59.58:794][307]LogPlayLevel: [PIE] Compiling GrammatikGameMode before PIE...
[2015.05.10-09.59.58:933][307]LogPlayLevel: PIE:  Blueprint regeneration took 642 ms (3 blueprints)
[2015.05.10-09.59.58:933][307]PIE: New page: PIE session: World (May 10, 2015, 1:59:58 PM)
[2015.05.10-09.59.58:939][307]LogPlayLevel: PIE: StaticDuplicateObject took: (0.004248s)
[2015.05.10-09.59.58:939][307]LogPlayLevel: PIE: World Init took: (0.000599s)
[2015.05.10-09.59.58:940][307]LogPlayLevel: PIE: Created PIE world by copying editor world from /Game/ThirdPersonBP/Maps/World.World to /Game/ThirdPersonBP/Maps/UEDPIE_0_World.World (0.005049s)
[2015.05.10-09.59.59:001][307]LogWorld: Game class is 'GrammatikGameMode_C'
[2015.05.10-09.59.59:005][307]LogAIModule: Creating AISystem for world World
[2015.05.10-09.59.59:011][307]LogWorld: Bringing World /Game/ThirdPersonBP/Maps/UEDPIE_0_World.World up for play (max tick rate 0) at 2015.05.10-11.59.59
[2015.05.10-09.59.59:013][307]LogWorld: Bringing up level for play took: 0.007143
[2015.05.10-09.59.59:016][307]LogArray:Warning: Attempted to get an item from array CallFunc_GetAllActorsOfClass_OutActors out of bounds [0/0]!
[2015.05.10-09.59.59:017][307]LogArray:Warning: Attempted to get an item from array CallFunc_GetAllActorsOfClass_OutActors out of bounds [0/0]!
[2015.05.10-09.59.59:017][307]LogBlueprintDebug:Warning: Hit breakpoint on node 'K2Node_VariableSet', from offset 755
[2015.05.10-09.59.59:017][307]LogBlueprintDebug: 
Script call stack:
	Function /Game/ThirdPersonBP/Blueprints/BP_GroundTile.BP_GroundTile_C:UserConstructionScript

[2015.05.10-09.59.59:049][307]LogScriptCore:Warning: Cannot call UnrealScript (HUD /Game/ThirdPersonBP/Maps/UEDPIE_0_World.World:PersistentLevel.HUD_4 - Function /Script/Engine.HUD:ReceiveDrawHUD) while stopped at a breakpoint.
[2015.05.10-10.00.05:012][307]LogArray:Warning: Attempted to get an item from array TestSatzArrayy out of bounds [0/0]!
[2015.05.10-10.00.05:020][307]LogArray:Warning: Attempted to get an item from array TestSatzArrayy out of bounds [0/0]!
[2015.05.10-10.00.05:031][307]LogArray:Warning: Attempted to get an item from array TestSatzArrayy out of bounds [0/0]!
[2015.05.10-10.00.05:040][307]LogArray:Warning: Attempted to get an item from array TestSatzArrayy out of bounds [0/0]!
[2015.05.10-10.00.05:048][307]LogArray:Warning: Attempted to get an item from array TestSatzArrayy out of bounds [0/0]!
[2015.05.10-10.00.05:055][307]LogArray:Warning: Attempted to get an item from array TestSatzArrayy out of bounds [0/0]!
[2015.05.10-10.00.05:063][307]LogArray:Warning: Attempted to get an item from array TestSatzArrayy out of bounds [0/0]!
[2015.05.10-10.00.05:070][307]LogArray:Warning: Attempted to get an item from array TestSatzArrayy out of bounds [0/0]!
[2015.05.10-10.00.05:078][307]LogArray:Warning: Attempted to get an item from array TestSatzArrayy out of bounds [0/0]!
[2015.05.10-10.00.05:086][307]LogArray:Warning: Attempted to get an item from array TestSatzArrayy out of bounds [0/0]!
[2015.05.10-10.00.05:123][307]PIE: Info Play in editor start time for /Game/ThirdPersonBP/Maps/UEDPIE_0_World 6.038
[2015.05.10-10.00.05:468][308]LogParticles: Destroying 0 GPU particle simulations for FXSystem 0x00000000265C4A40
[2015.05.10-10.00.10:398][617]BlueprintLog: New page: Pre-PIE auto-recompile
[2015.05.10-10.00.10:429][617]LogPlayLevel: [PIE] Compiling BP_GroundTile before PIE...
[2015.05.10-10.00.10:688][617]LogPlayLevel: [PIE] Compiling BP_Pferd before PIE...
[2015.05.10-10.00.10:880][617]LogPlayLevel: [PIE] Compiling GrammatikGameMode before PIE...
[2015.05.10-10.00.11:019][617]LogPlayLevel: PIE:  Blueprint regeneration took 620 ms (3 blueprints)
[2015.05.10-10.00.11:019][617]PIE: New page: PIE session: World (May 10, 2015, 2:00:11 PM)
[2015.05.10-10.00.11:025][617]LogPlayLevel: PIE: StaticDuplicateObject took: (0.004705s)
[2015.05.10-10.00.11:025][617]LogPlayLevel: PIE: World Init took: (0.000580s)
[2015.05.10-10.00.11:025][617]LogPlayLevel: PIE: Created PIE world by copying editor world from /Game/ThirdPersonBP/Maps/World.World to /Game/ThirdPersonBP/Maps/UEDPIE_0_World.World (0.005482s)
[2015.05.10-10.00.11:085][617]LogWorld: Game class is 'GrammatikGameMode_C'
[2015.05.10-10.00.11:089][617]LogAIModule: Creating AISystem for world World
[2015.05.10-10.00.11:095][617]LogWorld: Bringing World /Game/ThirdPersonBP/Maps/UEDPIE_0_World.World up for play (max tick rate 0) at 2015.05.10-12.00.11
[2015.05.10-10.00.11:096][617]LogWorld: Bringing up level for play took: 0.006486
[2015.05.10-10.00.11:101][617]LogArray:Warning: Attempted to get an item from array CallFunc_GetAllActorsOfClass_OutActors out of bounds [0/0]!
[2015.05.10-10.00.11:102][617]LogArray:Warning: Attempted to get an item from array CallFunc_GetAllActorsOfClass_OutActors out of bounds [0/0]!
[2015.05.10-10.00.11:103][617]LogBlueprintDebug:Warning: Hit breakpoint on node 'K2Node_VariableSet', from offset 755
[2015.05.10-10.00.11:104][617]LogBlueprintDebug: 
Script call stack:
	Function /Game/ThirdPersonBP/Blueprints/BP_GroundTile.BP_GroundTile_C:UserConstructionScript

[2015.05.10-10.00.11:136][617]LogScriptCore:Warning: Cannot call UnrealScript (HUD /Game/ThirdPersonBP/Maps/UEDPIE_0_World.World:PersistentLevel.HUD_5 - Function /Script/Engine.HUD:ReceiveDrawHUD) while stopped at a breakpoint.
[2015.05.10-10.00.18:773][617]LogArray:Warning: Attempted to get an item from array TestSatzArrayy out of bounds [0/0]!
[2015.05.10-10.00.18:782][617]LogArray:Warning: Attempted to get an item from array TestSatzArrayy out of bounds [0/0]!
[2015.05.10-10.00.18:790][617]LogArray:Warning: Attempted to get an item from array TestSatzArrayy out of bounds [0/0]!
[2015.05.10-10.00.18:798][617]LogArray:Warning: Attempted to get an item from array TestSatzArrayy out of bounds [0/0]!
[2015.05.10-10.00.18:806][617]LogArray:Warning: Attempted to get an item from array TestSatzArrayy out of bounds [0/0]!
[2015.05.10-10.00.18:813][617]LogArray:Warning: Attempted to get an item from array TestSatzArrayy out of bounds [0/0]!
[2015.05.10-10.00.18:821][617]LogArray:Warning: Attempted to get an item from array TestSatzArrayy out of bounds [0/0]!
[2015.05.10-10.00.18:829][617]LogArray:Warning: Attempted to get an item from array TestSatzArrayy out of bounds [0/0]!
[2015.05.10-10.00.18:837][617]LogArray:Warning: Attempted to get an item from array TestSatzArrayy out of bounds [0/0]!
[2015.05.10-10.00.18:844][617]LogArray:Warning: Attempted to get an item from array TestSatzArrayy out of bounds [0/0]!
[2015.05.10-10.00.18:881][617]PIE: Info Play in editor start time for /Game/ThirdPersonBP/Maps/UEDPIE_0_World 7.796
[2015.05.10-10.00.19:105][618]LogParticles: Destroying 0 GPU particle simulations for FXSystem 0x000000001BA87CE0
[2015.05.10-10.00.22:690][821]BlueprintLog: New page: Pre-PIE auto-recompile
[2015.05.10-10.00.22:715][821]LogPlayLevel: [PIE] Compiling BP_GroundTile before PIE...
[2015.05.10-10.00.22:967][821]LogPlayLevel: [PIE] Compiling BP_Pferd before PIE...
[2015.05.10-10.00.23:158][821]LogPlayLevel: [PIE] Compiling GrammatikGameMode before PIE...
[2015.05.10-10.00.23:300][821]LogPlayLevel: PIE:  Blueprint regeneration took 610 ms (3 blueprints)
[2015.05.10-10.00.23:301][821]PIE: New page: PIE session: World (May 10, 2015, 2:00:23 PM)
[2015.05.10-10.00.23:306][821]LogPlayLevel: PIE: StaticDuplicateObject took: (0.004816s)
[2015.05.10-10.00.23:307][821]LogPlayLevel: PIE: World Init took: (0.000587s)
[2015.05.10-10.00.23:307][821]LogPlayLevel: PIE: Created PIE world by copying editor world from /Game/ThirdPersonBP/Maps/World.World to /Game/ThirdPersonBP/Maps/UEDPIE_0_World.World (0.005715s)
[2015.05.10-10.00.23:371][821]LogWorld: Game class is 'GrammatikGameMode_C'
[2015.05.10-10.00.23:375][821]LogAIModule: Creating AISystem for world World
[2015.05.10-10.00.23:378][821]LogWorld: Bringing World /Game/ThirdPersonBP/Maps/UEDPIE_0_World.World up for play (max tick rate 0) at 2015.05.10-12.00.23
[2015.05.10-10.00.23:378][821]LogWorld: Bringing up level for play took: 0.002856
[2015.05.10-10.00.23:381][821]LogArray:Warning: Attempted to get an item from array CallFunc_GetAllActorsOfClass_OutActors out of bounds [0/0]!
[2015.05.10-10.00.23:381][821]LogArray:Warning: Attempted to get an item from array CallFunc_GetAllActorsOfClass_OutActors out of bounds [0/0]!
[2015.05.10-10.00.23:382][821]LogBlueprintDebug:Warning: Hit breakpoint on node 'K2Node_VariableSet', from offset 755
[2015.05.10-10.00.23:382][821]LogBlueprintDebug: 
Script call stack:
	Function /Game/ThirdPersonBP/Blueprints/BP_GroundTile.BP_GroundTile_C:UserConstructionScript

[2015.05.10-10.00.23:418][821]LogScriptCore:Warning: Cannot call UnrealScript (HUD /Game/ThirdPersonBP/Maps/UEDPIE_0_World.World:PersistentLevel.HUD_6 - Function /Script/Engine.HUD:ReceiveDrawHUD) while stopped at a breakpoint.
[2015.05.10-10.00.28:579][821]LogArray:Warning: Attempted to get an item from array TestSatzArrayy out of bounds [0/0]!
[2015.05.10-10.00.28:601][821]LogArray:Warning: Attempted to get an item from array TestSatzArrayy out of bounds [0/0]!
[2015.05.10-10.00.28:615][821]LogArray:Warning: Attempted to get an item from array TestSatzArrayy out of bounds [0/0]!
[2015.05.10-10.00.28:628][821]LogArray:Warning: Attempted to get an item from array TestSatzArrayy out of bounds [0/0]!
[2015.05.10-10.00.28:642][821]LogArray:Warning: Attempted to get an item from array TestSatzArrayy out of bounds [0/0]!
[2015.05.10-10.00.28:651][821]LogArray:Warning: Attempted to get an item from array TestSatzArrayy out of bounds [0/0]!
[2015.05.10-10.00.28:660][821]LogArray:Warning: Attempted to get an item from array TestSatzArrayy out of bounds [0/0]!
[2015.05.10-10.00.28:669][821]LogArray:Warning: Attempted to get an item from array TestSatzArrayy out of bounds [0/0]!
[2015.05.10-10.00.28:679][821]LogArray:Warning: Attempted to get an item from array TestSatzArrayy out of bounds [0/0]!
[2015.05.10-10.00.28:688][821]LogArray:Warning: Attempted to get an item from array TestSatzArrayy out of bounds [0/0]!
[2015.05.10-10.00.28:725][821]PIE: Info Play in editor start time for /Game/ThirdPersonBP/Maps/UEDPIE_0_World 5.64
[2015.05.10-10.00.28:939][822]LogParticles: Destroying 0 GPU particle simulations for FXSystem 0x000000000F5CC400
[2015.05.10-10.00.32:857][ 52]BlueprintLog: New page: Pre-PIE auto-recompile
[2015.05.10-10.00.32:887][ 52]LogPlayLevel: [PIE] Compiling BP_GroundTile before PIE...
[2015.05.10-10.00.33:153][ 52]LogPlayLevel: [PIE] Compiling BP_Pferd before PIE...
[2015.05.10-10.00.33:343][ 52]LogPlayLevel: [PIE] Compiling GrammatikGameMode before PIE...
[2015.05.10-10.00.33:490][ 52]LogPlayLevel: PIE:  Blueprint regeneration took 632 ms (3 blueprints)
[2015.05.10-10.00.33:490][ 52]PIE: New page: PIE session: World (May 10, 2015, 2:00:33 PM)
[2015.05.10-10.00.33:497][ 52]LogPlayLevel: PIE: StaticDuplicateObject took: (0.006439s)
[2015.05.10-10.00.33:498][ 52]LogPlayLevel: PIE: World Init took: (0.000555s)
[2015.05.10-10.00.33:498][ 52]LogPlayLevel: PIE: Created PIE world by copying editor world from /Game/ThirdPersonBP/Maps/World.World to /Game/ThirdPersonBP/Maps/UEDPIE_0_World.World (0.007178s)
[2015.05.10-10.00.33:599][ 52]LogWorld: Game class is 'GrammatikGameMode_C'
[2015.05.10-10.00.33:601][ 52]LogAIModule: Creating AISystem for world World
[2015.05.10-10.00.33:605][ 52]LogWorld: Bringing World /Game/ThirdPersonBP/Maps/UEDPIE_0_World.World up for play (max tick rate 0) at 2015.05.10-12.00.33
[2015.05.10-10.00.33:605][ 52]LogWorld: Bringing up level for play took: 0.003840
[2015.05.10-10.00.33:608][ 52]LogArray:Warning: Attempted to get an item from array CallFunc_GetAllActorsOfClass_OutActors out of bounds [0/0]!
[2015.05.10-10.00.33:608][ 52]LogArray:Warning: Attempted to get an item from array CallFunc_GetAllActorsOfClass_OutActors out of bounds [0/0]!
[2015.05.10-10.00.33:609][ 52]LogBlueprintDebug:Warning: Hit breakpoint on node 'K2Node_VariableSet', from offset 755
[2015.05.10-10.00.33:609][ 52]LogBlueprintDebug: 
Script call stack:
	Function /Game/ThirdPersonBP/Blueprints/BP_GroundTile.BP_GroundTile_C:UserConstructionScript

[2015.05.10-10.00.33:661][ 52]LogScriptCore:Warning: Cannot call UnrealScript (HUD /Game/ThirdPersonBP/Maps/UEDPIE_0_World.World:PersistentLevel.HUD_7 - Function /Script/Engine.HUD:ReceiveDrawHUD) while stopped at a breakpoint.
[2015.05.10-10.00.38:256][ 52]LogArray:Warning: Attempted to get an item from array TestSatzArrayy out of bounds [0/0]!
[2015.05.10-10.00.38:266][ 52]LogArray:Warning: Attempted to get an item from array TestSatzArrayy out of bounds [0/0]!
[2015.05.10-10.00.38:278][ 52]LogArray:Warning: Attempted to get an item from array TestSatzArrayy out of bounds [0/0]!
[2015.05.10-10.00.38:288][ 52]LogArray:Warning: Attempted to get an item from array TestSatzArrayy out of bounds [0/0]!
[2015.05.10-10.00.38:296][ 52]LogArray:Warning: Attempted to get an item from array TestSatzArrayy out of bounds [0/0]!
[2015.05.10-10.00.38:305][ 52]LogArray:Warning: Attempted to get an item from array TestSatzArrayy out of bounds [0/0]!
[2015.05.10-10.00.38:314][ 52]LogArray:Warning: Attempted to get an item from array TestSatzArrayy out of bounds [0/0]!
[2015.05.10-10.00.38:323][ 52]LogArray:Warning: Attempted to get an item from array TestSatzArrayy out of bounds [0/0]!
[2015.05.10-10.00.38:332][ 52]LogArray:Warning: Attempted to get an item from array TestSatzArrayy out of bounds [0/0]!
[2015.05.10-10.00.38:341][ 52]LogArray:Warning: Attempted to get an item from array TestSatzArrayy out of bounds [0/0]!
[2015.05.10-10.00.38:383][ 52]PIE: Info Play in editor start time for /Game/ThirdPersonBP/Maps/UEDPIE_0_World 5.297
[2015.05.10-10.00.38:699][ 53]LogParticles: Destroying 0 GPU particle simulations for FXSystem 0x000000002671D8A0
[2015.05.10-10.00.42:838][291]BlueprintLog: New page: Pre-PIE auto-recompile
[2015.05.10-10.00.42:881][291]LogPlayLevel: [PIE] Compiling BP_GroundTile before PIE...
[2015.05.10-10.00.43:168][291]LogPlayLevel: [PIE] Compiling BP_Pferd before PIE...
[2015.05.10-10.00.43:357][291]LogPlayLevel: [PIE] Compiling GrammatikGameMode before PIE...
[2015.05.10-10.00.43:497][291]LogPlayLevel: PIE:  Blueprint regeneration took 658 ms (3 blueprints)
[2015.05.10-10.00.43:497][291]PIE: New page: PIE session: World (May 10, 2015, 2:00:43 PM)
[2015.05.10-10.00.43:503][291]LogPlayLevel: PIE: StaticDuplicateObject took: (0.004966s)
[2015.05.10-10.00.43:504][291]LogPlayLevel: PIE: World Init took: (0.000569s)
[2015.05.10-10.00.43:504][291]LogPlayLevel: PIE: Created PIE world by copying editor world from /Game/ThirdPersonBP/Maps/World.World to /Game/ThirdPersonBP/Maps/UEDPIE_0_World.World (0.005735s)
[2015.05.10-10.00.43:552][291]LogWorld: Game class is 'GrammatikGameMode_C'
[2015.05.10-10.00.43:554][291]LogAIModule: Creating AISystem for world World
[2015.05.10-10.00.43:557][291]LogWorld: Bringing World /Game/ThirdPersonBP/Maps/UEDPIE_0_World.World up for play (max tick rate 0) at 2015.05.10-12.00.43
[2015.05.10-10.00.43:557][291]LogWorld: Bringing up level for play took: 0.002746
[2015.05.10-10.00.43:560][291]LogArray:Warning: Attempted to get an item from array CallFunc_GetAllActorsOfClass_OutActors out of bounds [0/0]!
[2015.05.10-10.00.43:560][291]LogArray:Warning: Attempted to get an item from array CallFunc_GetAllActorsOfClass_OutActors out of bounds [0/0]!
[2015.05.10-10.00.43:561][291]LogBlueprintDebug:Warning: Hit breakpoint on node 'K2Node_VariableSet', from offset 755
[2015.05.10-10.00.43:561][291]LogBlueprintDebug: 
Script call stack:
	Function /Game/ThirdPersonBP/Blueprints/BP_GroundTile.BP_GroundTile_C:UserConstructionScript

[2015.05.10-10.00.43:592][291]LogScriptCore:Warning: Cannot call UnrealScript (HUD /Game/ThirdPersonBP/Maps/UEDPIE_0_World.World:PersistentLevel.HUD_8 - Function /Script/Engine.HUD:ReceiveDrawHUD) while stopped at a breakpoint.
[2015.05.10-10.00.50:720][291]LogArray:Warning: Attempted to get an item from array TestSatzArrayy out of bounds [0/0]!
[2015.05.10-10.00.50:732][291]LogArray:Warning: Attempted to get an item from array TestSatzArrayy out of bounds [0/0]!
[2015.05.10-10.00.50:743][291]LogArray:Warning: Attempted to get an item from array TestSatzArrayy out of bounds [0/0]!
[2015.05.10-10.00.50:754][291]LogArray:Warning: Attempted to get an item from array TestSatzArrayy out of bounds [0/0]!
[2015.05.10-10.00.50:764][291]LogArray:Warning: Attempted to get an item from array TestSatzArrayy out of bounds [0/0]!
[2015.05.10-10.00.50:775][291]LogArray:Warning: Attempted to get an item from array TestSatzArrayy out of bounds [0/0]!
[2015.05.10-10.00.50:786][291]LogArray:Warning: Attempted to get an item from array TestSatzArrayy out of bounds [0/0]!
[2015.05.10-10.00.50:797][291]LogArray:Warning: Attempted to get an item from array TestSatzArrayy out of bounds [0/0]!
[2015.05.10-10.00.50:807][291]LogArray:Warning: Attempted to get an item from array TestSatzArrayy out of bounds [0/0]!
[2015.05.10-10.00.50:818][291]LogArray:Warning: Attempted to get an item from array TestSatzArrayy out of bounds [0/0]!
[2015.05.10-10.00.50:855][291]PIE: Info Play in editor start time for /Game/ThirdPersonBP/Maps/UEDPIE_0_World 7.769
[2015.05.10-10.00.51:148][292]LogParticles: Destroying 0 GPU particle simulations for FXSystem 0x0000000018E53240
[2015.05.10-10.01.14:670][827]BlueprintLog: New page: Compile BP_GroundTile
[2015.05.10-10.01.15:027][827]BlueprintEditorCompileResults: Info [0284.11] Compile of BP_GroundTile successful! [in 357 ms]
[2015.05.10-10.01.15:911][850]LogSourceControl: RunCommandInternalRaw: 'git status --porcelain --ignored "C:/Users/Julia/Documents/GitHub/MyProject/Content/ThirdPersonBP/Blueprints/BP_GroundTile.uasset"'
[2015.05.10-10.01.15:962][850]LogSourceControl: RunCommandInternalRaw: ExecProcess ReturnCode=0 OutResults=' M Content/ThirdPersonBP/Blueprints/BP_GroundTile.uasset
'
[2015.05.10-10.01.16:887][850]LogSavePackage: Save=683.317871ms
[2015.05.10-10.01.16:887][850]LogSavePackage: Moving '../../../../../../Users/Julia/Documents/GitHub/MyProject/Saved/BP_GroundTile5B8086574E28A052D1003AB5A13B1D7A.tmp' to '../../../../../../Users/Julia/Documents/GitHub/MyProject/Content/ThirdPersonBP/Blueprints/BP_GroundTile.uasset'
[2015.05.10-10.01.16:923][851]LogSourceControl: RunCommandInternalRaw: 'git status --porcelain --ignored "C:/Users/Julia/Documents/GitHub/MyProject/Content/ThirdPersonBP/Blueprints/BP_GroundTile.uasset"'
[2015.05.10-10.01.16:985][854]LogSourceControl: RunCommandInternalRaw: ExecProcess ReturnCode=0 OutResults=' M Content/ThirdPersonBP/Blueprints/BP_GroundTile.uasset
'
[2015.05.10-10.01.25:394][339]BlueprintLog: New page: Pre-PIE auto-recompile
[2015.05.10-10.01.25:439][339]LogPlayLevel: [PIE] Compiling BP_GroundTile before PIE...
[2015.05.10-10.01.25:709][339]LogPlayLevel: [PIE] Compiling BP_Pferd before PIE...
[2015.05.10-10.01.25:898][339]LogPlayLevel: [PIE] Compiling GrammatikGameMode before PIE...
[2015.05.10-10.01.26:041][339]LogPlayLevel: PIE:  Blueprint regeneration took 646 ms (3 blueprints)
[2015.05.10-10.01.26:041][339]PIE: New page: PIE session: World (May 10, 2015, 2:01:26 PM)
[2015.05.10-10.01.26:047][339]LogPlayLevel: PIE: StaticDuplicateObject took: (0.004252s)
[2015.05.10-10.01.26:047][339]LogPlayLevel: PIE: World Init took: (0.000561s)
[2015.05.10-10.01.26:047][339]LogPlayLevel: PIE: Created PIE world by copying editor world from /Game/ThirdPersonBP/Maps/World.World to /Game/ThirdPersonBP/Maps/UEDPIE_0_World.World (0.005012s)
[2015.05.10-10.01.26:100][339]LogWorld: Game class is 'GrammatikGameMode_C'
[2015.05.10-10.01.26:101][339]LogAIModule: Creating AISystem for world World
[2015.05.10-10.01.26:104][339]LogWorld: Bringing World /Game/ThirdPersonBP/Maps/UEDPIE_0_World.World up for play (max tick rate 0) at 2015.05.10-12.01.26
[2015.05.10-10.01.26:105][339]LogWorld: Bringing up level for play took: 0.003168
[2015.05.10-10.01.26:107][339]LogArray:Warning: Attempted to get an item from array CallFunc_GetAllActorsOfClass_OutActors out of bounds [0/0]!
[2015.05.10-10.01.26:108][339]LogArray:Warning: Attempted to get an item from array CallFunc_GetAllActorsOfClass_OutActors out of bounds [0/0]!
[2015.05.10-10.01.26:108][339]LogBlueprintDebug:Warning: Hit breakpoint on node 'K2Node_VariableSet', from offset 908
[2015.05.10-10.01.26:108][339]LogBlueprintDebug: 
Script call stack:
	Function /Game/ThirdPersonBP/Blueprints/BP_GroundTile.BP_GroundTile_C:UserConstructionScript

[2015.05.10-10.01.26:139][339]LogScriptCore:Warning: Cannot call UnrealScript (HUD /Game/ThirdPersonBP/Maps/UEDPIE_0_World.World:PersistentLevel.HUD_9 - Function /Script/Engine.HUD:ReceiveDrawHUD) while stopped at a breakpoint.
[2015.05.10-10.01.31:717][339]LogArray:Warning: Attempted to get an item from array TestSatzArrayy out of bounds [0/0]!
[2015.05.10-10.01.31:726][339]LogArray:Warning: Attempted to get an item from array TestSatzArrayy out of bounds [0/0]!
[2015.05.10-10.01.31:738][339]LogArray:Warning: Attempted to get an item from array TestSatzArrayy out of bounds [0/0]!
[2015.05.10-10.01.31:745][339]LogArray:Warning: Attempted to get an item from array TestSatzArrayy out of bounds [0/0]!
[2015.05.10-10.01.31:752][339]LogArray:Warning: Attempted to get an item from array TestSatzArrayy out of bounds [0/0]!
[2015.05.10-10.01.31:760][339]LogArray:Warning: Attempted to get an item from array TestSatzArrayy out of bounds [0/0]!
[2015.05.10-10.01.31:768][339]LogArray:Warning: Attempted to get an item from array TestSatzArrayy out of bounds [0/0]!
[2015.05.10-10.01.31:776][339]LogArray:Warning: Attempted to get an item from array TestSatzArrayy out of bounds [0/0]!
[2015.05.10-10.01.31:785][339]LogArray:Warning: Attempted to get an item from array TestSatzArrayy out of bounds [0/0]!
[2015.05.10-10.01.31:792][339]LogArray:Warning: Attempted to get an item from array TestSatzArrayy out of bounds [0/0]!
[2015.05.10-10.01.31:832][339]PIE: Info Play in editor start time for /Game/ThirdPersonBP/Maps/UEDPIE_0_World 6.744
[2015.05.10-10.01.32:040][340]LogParticles: Destroying 0 GPU particle simulations for FXSystem 0x000000002CBBCA40
[2015.05.10-10.01.46:697][ 71]BlueprintLog: New page: Collapse to Function
[2015.05.10-10.02.15:859][747]BlueprintLog: New page: Compile BP_GroundTile
[2015.05.10-10.02.16:344][747]BlueprintEditorCompileResults: Info [0345.42] Compile of BP_GroundTile successful! [in 484 ms]
[2015.05.10-10.02.23:487][131]BlueprintLog: New page: Pre-PIE auto-recompile
[2015.05.10-10.02.23:493][131]LogPlayLevel: [PIE] Compiling BP_Pferd before PIE...
[2015.05.10-10.02.23:707][131]LogPlayLevel: [PIE] Compiling GrammatikGameMode before PIE...
[2015.05.10-10.02.23:807][131]LogPlayLevel: [PIE] Compiling BP_GroundTile before PIE...
[2015.05.10-10.02.24:129][131]LogPlayLevel: PIE:  Blueprint regeneration took 642 ms (3 blueprints)
[2015.05.10-10.02.24:129][131]PIE: New page: PIE session: World (May 10, 2015, 2:02:24 PM)
[2015.05.10-10.02.24:135][131]LogPlayLevel: PIE: StaticDuplicateObject took: (0.005083s)
[2015.05.10-10.02.24:138][131]LogPlayLevel: PIE: World Init took: (0.002622s)
[2015.05.10-10.02.24:138][131]LogPlayLevel: PIE: Created PIE world by copying editor world from /Game/ThirdPersonBP/Maps/World.World to /Game/ThirdPersonBP/Maps/UEDPIE_0_World.World (0.007935s)
[2015.05.10-10.02.24:226][131]LogWorld: Game class is 'GrammatikGameMode_C'
[2015.05.10-10.02.24:228][131]LogAIModule: Creating AISystem for world World
[2015.05.10-10.02.24:231][131]LogWorld: Bringing World /Game/ThirdPersonBP/Maps/UEDPIE_0_World.World up for play (max tick rate 0) at 2015.05.10-12.02.24
[2015.05.10-10.02.24:232][131]LogWorld: Bringing up level for play took: 0.003399
[2015.05.10-10.02.24:235][131]LogArray:Warning: Attempted to get an item from array CallFunc_GetAllActorsOfClass_OutActors out of bounds [0/0]!
[2015.05.10-10.02.24:235][131]LogArray:Warning: Attempted to get an item from array CallFunc_GetAllActorsOfClass_OutActors out of bounds [0/0]!
[2015.05.10-10.02.24:236][131]LogBlueprintDebug:Warning: Hit breakpoint on node 'K2Node_VariableSet', from offset 418
[2015.05.10-10.02.24:236][131]LogBlueprintDebug: 
Script call stack:
	Function /Game/ThirdPersonBP/Blueprints/BP_GroundTile.BP_GroundTile_C:UserConstructionScript

[2015.05.10-10.02.24:309][131]LogScriptCore:Warning: Cannot call UnrealScript (HUD /Game/ThirdPersonBP/Maps/UEDPIE_0_World.World:PersistentLevel.HUD_10 - Function /Script/Engine.HUD:ReceiveDrawHUD) while stopped at a breakpoint.
[2015.05.10-10.02.33:436][131]LogArray:Warning: Attempted to get an item from array TestSatzArrayy out of bounds [0/0]!
[2015.05.10-10.02.33:442][131]LogArray:Warning: Attempted to get an item from array TestSatzArrayy out of bounds [0/0]!
[2015.05.10-10.02.33:451][131]LogArray:Warning: Attempted to get an item from array TestSatzArrayy out of bounds [0/0]!
[2015.05.10-10.02.33:462][131]LogArray:Warning: Attempted to get an item from array TestSatzArrayy out of bounds [0/0]!
[2015.05.10-10.02.33:471][131]LogArray:Warning: Attempted to get an item from array TestSatzArrayy out of bounds [0/0]!
[2015.05.10-10.02.33:480][131]LogArray:Warning: Attempted to get an item from array TestSatzArrayy out of bounds [0/0]!
[2015.05.10-10.02.33:489][131]LogArray:Warning: Attempted to get an item from array TestSatzArrayy out of bounds [0/0]!
[2015.05.10-10.02.33:501][131]LogArray:Warning: Attempted to get an item from array TestSatzArrayy out of bounds [0/0]!
[2015.05.10-10.02.33:508][131]LogArray:Warning: Attempted to get an item from array TestSatzArrayy out of bounds [0/0]!
[2015.05.10-10.02.33:516][131]LogArray:Warning: Attempted to get an item from array TestSatzArrayy out of bounds [0/0]!
[2015.05.10-10.02.33:554][131]PIE: Info Play in editor start time for /Game/ThirdPersonBP/Maps/UEDPIE_0_World 10.464
[2015.05.10-10.02.33:773][132]LogParticles: Destroying 0 GPU particle simulations for FXSystem 0x000000002BCA5260
[2015.05.10-10.02.36:543][251]BlueprintLog: New page: Pre-PIE auto-recompile
[2015.05.10-10.02.36:553][251]LogPlayLevel: [PIE] Compiling BP_Pferd before PIE...
[2015.05.10-10.02.36:803][251]LogPlayLevel: [PIE] Compiling GrammatikGameMode before PIE...
[2015.05.10-10.02.36:899][251]LogPlayLevel: [PIE] Compiling BP_GroundTile before PIE...
[2015.05.10-10.02.37:214][251]LogPlayLevel: PIE:  Blueprint regeneration took 670 ms (3 blueprints)
[2015.05.10-10.02.37:214][251]PIE: New page: PIE session: World (May 10, 2015, 2:02:37 PM)
[2015.05.10-10.02.37:221][251]LogPlayLevel: PIE: StaticDuplicateObject took: (0.005655s)
[2015.05.10-10.02.37:222][251]LogPlayLevel: PIE: World Init took: (0.001059s)
[2015.05.10-10.02.37:222][251]LogPlayLevel: PIE: Created PIE world by copying editor world from /Game/ThirdPersonBP/Maps/World.World to /Game/ThirdPersonBP/Maps/UEDPIE_0_World.World (0.007003s)
[2015.05.10-10.02.37:313][251]LogWorld: Game class is 'GrammatikGameMode_C'
[2015.05.10-10.02.37:315][251]LogAIModule: Creating AISystem for world World
[2015.05.10-10.02.37:318][251]LogWorld: Bringing World /Game/ThirdPersonBP/Maps/UEDPIE_0_World.World up for play (max tick rate 0) at 2015.05.10-12.02.37
[2015.05.10-10.02.37:320][251]LogWorld: Bringing up level for play took: 0.004200
[2015.05.10-10.02.37:322][251]LogArray:Warning: Attempted to get an item from array CallFunc_GetAllActorsOfClass_OutActors out of bounds [0/0]!
[2015.05.10-10.02.37:323][251]LogArray:Warning: Attempted to get an item from array CallFunc_GetAllActorsOfClass_OutActors out of bounds [0/0]!
[2015.05.10-10.02.37:324][251]LogBlueprintDebug:Warning: Hit breakpoint on node 'K2Node_VariableSet', from offset 418
[2015.05.10-10.02.37:324][251]LogBlueprintDebug: 
Script call stack:
	Function /Game/ThirdPersonBP/Blueprints/BP_GroundTile.BP_GroundTile_C:UserConstructionScript

[2015.05.10-10.02.37:372][251]LogScriptCore:Warning: Cannot call UnrealScript (HUD /Game/ThirdPersonBP/Maps/UEDPIE_0_World.World:PersistentLevel.HUD_11 - Function /Script/Engine.HUD:ReceiveDrawHUD) while stopped at a breakpoint.
[2015.05.10-10.02.42:347][251]LogArray:Warning: Attempted to get an item from array TestSatzArrayy out of bounds [0/0]!
[2015.05.10-10.02.42:368][251]LogArray:Warning: Attempted to get an item from array TestSatzArrayy out of bounds [0/0]!
[2015.05.10-10.02.42:388][251]LogArray:Warning: Attempted to get an item from array TestSatzArrayy out of bounds [0/0]!
[2015.05.10-10.02.42:398][251]LogArray:Warning: Attempted to get an item from array TestSatzArrayy out of bounds [0/0]!
[2015.05.10-10.02.42:420][251]LogArray:Warning: Attempted to get an item from array TestSatzArrayy out of bounds [0/0]!
[2015.05.10-10.02.42:434][251]LogArray:Warning: Attempted to get an item from array TestSatzArrayy out of bounds [0/0]!
[2015.05.10-10.02.42:442][251]LogArray:Warning: Attempted to get an item from array TestSatzArrayy out of bounds [0/0]!
[2015.05.10-10.02.42:459][251]LogArray:Warning: Attempted to get an item from array TestSatzArrayy out of bounds [0/0]!
[2015.05.10-10.02.42:472][251]LogArray:Warning: Attempted to get an item from array TestSatzArrayy out of bounds [0/0]!
[2015.05.10-10.02.42:492][251]LogArray:Warning: Attempted to get an item from array TestSatzArrayy out of bounds [0/0]!
[2015.05.10-10.02.42:532][251]PIE: Info Play in editor start time for /Game/ThirdPersonBP/Maps/UEDPIE_0_World 5.442
[2015.05.10-10.02.42:740][252]LogParticles: Destroying 0 GPU particle simulations for FXSystem 0x000000002B5B2840
[2015.05.10-10.03.31:115][314]BlueprintLog: New page: Collapse to Function
[2015.05.10-10.03.47:327][178]BlueprintLog: New page: Compile BP_GroundTile
[2015.05.10-10.03.47:729][178]BlueprintEditorCompileResults: Info [0436.80] Compile of BP_GroundTile successful! [in 401 ms]
[2015.05.10-10.04.15:394][870]BlueprintLog: New page: Pre-PIE auto-recompile
[2015.05.10-10.04.15:406][870]LogPlayLevel: [PIE] Compiling BP_Pferd before PIE...
[2015.05.10-10.04.15:665][870]LogPlayLevel: [PIE] Compiling GrammatikGameMode before PIE...
[2015.05.10-10.04.15:825][870]LogPlayLevel: [PIE] Compiling BP_GroundTile before PIE...
[2015.05.10-10.04.16:171][870]LogPlayLevel: PIE:  Blueprint regeneration took 776 ms (3 blueprints)
[2015.05.10-10.04.16:171][870]PIE: New page: PIE session: World (May 10, 2015, 2:04:16 PM)
[2015.05.10-10.04.16:177][870]LogPlayLevel: PIE: StaticDuplicateObject took: (0.004587s)
[2015.05.10-10.04.16:177][870]LogPlayLevel: PIE: World Init took: (0.000577s)
[2015.05.10-10.04.16:177][870]LogPlayLevel: PIE: Created PIE world by copying editor world from /Game/ThirdPersonBP/Maps/World.World to /Game/ThirdPersonBP/Maps/UEDPIE_0_World.World (0.005363s)
[2015.05.10-10.04.16:227][870]LogWorld: Game class is 'GrammatikGameMode_C'
[2015.05.10-10.04.16:228][870]LogAIModule: Creating AISystem for world World
[2015.05.10-10.04.16:231][870]LogWorld: Bringing World /Game/ThirdPersonBP/Maps/UEDPIE_0_World.World up for play (max tick rate 0) at 2015.05.10-12.04.16
[2015.05.10-10.04.16:232][870]LogWorld: Bringing up level for play took: 0.002974
[2015.05.10-10.04.16:234][870]LogArray:Warning: Attempted to get an item from array CallFunc_GetAllActorsOfClass_OutActors out of bounds [0/0]!
[2015.05.10-10.04.16:234][870]LogArray:Warning: Attempted to get an item from array CallFunc_GetAllActorsOfClass_OutActors out of bounds [0/0]!
[2015.05.10-10.04.16:235][870]LogBlueprintDebug:Warning: Hit breakpoint on node 'K2Node_VariableSet', from offset 69
[2015.05.10-10.04.16:235][870]LogBlueprintDebug: 
Script call stack:
	Function /Game/ThirdPersonBP/Blueprints/BP_GroundTile.BP_GroundTile_C:UserConstructionScript

[2015.05.10-10.04.16:266][870]LogScriptCore:Warning: Cannot call UnrealScript (HUD /Game/ThirdPersonBP/Maps/UEDPIE_0_World.World:PersistentLevel.HUD_12 - Function /Script/Engine.HUD:ReceiveDrawHUD) while stopped at a breakpoint.
[2015.05.10-10.04.20:107][870]LogArray:Warning: Attempted to get an item from array TestSatzArrayy out of bounds [0/0]!
[2015.05.10-10.04.20:116][870]LogArray:Warning: Attempted to get an item from array TestSatzArrayy out of bounds [0/0]!
[2015.05.10-10.04.20:123][870]LogArray:Warning: Attempted to get an item from array TestSatzArrayy out of bounds [0/0]!
[2015.05.10-10.04.20:131][870]LogArray:Warning: Attempted to get an item from array TestSatzArrayy out of bounds [0/0]!
[2015.05.10-10.04.20:138][870]LogArray:Warning: Attempted to get an item from array TestSatzArrayy out of bounds [0/0]!
[2015.05.10-10.04.20:148][870]LogArray:Warning: Attempted to get an item from array TestSatzArrayy out of bounds [0/0]!
[2015.05.10-10.04.20:157][870]LogArray:Warning: Attempted to get an item from array TestSatzArrayy out of bounds [0/0]!
[2015.05.10-10.04.20:164][870]LogArray:Warning: Attempted to get an item from array TestSatzArrayy out of bounds [0/0]!
[2015.05.10-10.04.20:172][870]LogArray:Warning: Attempted to get an item from array TestSatzArrayy out of bounds [0/0]!
[2015.05.10-10.04.20:179][870]LogArray:Warning: Attempted to get an item from array TestSatzArrayy out of bounds [0/0]!
[2015.05.10-10.04.20:212][870]PIE: Info Play in editor start time for /Game/ThirdPersonBP/Maps/UEDPIE_0_World 5.118
[2015.05.10-10.04.20:467][871]LogParticles: Destroying 0 GPU particle simulations for FXSystem 0x000000003A94E7A0
[2015.05.10-10.04.22:111][950]LogSourceControl: RunCommandInternalRaw: 'git status --porcelain --ignored "C:/Users/Julia/Documents/GitHub/MyProject/Content/ThirdPersonBP/Blueprints/BP_GroundTile.uasset"'
[2015.05.10-10.04.22:169][950]LogSourceControl: RunCommandInternalRaw: ExecProcess ReturnCode=0 OutResults=' M Content/ThirdPersonBP/Blueprints/BP_GroundTile.uasset
'
[2015.05.10-10.04.22:998][950]LogSavePackage: Save=669.096802ms
[2015.05.10-10.04.22:998][950]LogSavePackage: Moving '../../../../../../Users/Julia/Documents/GitHub/MyProject/Saved/BP_GroundTile9DD9D1244CD7B251A16FAFB744652509.tmp' to '../../../../../../Users/Julia/Documents/GitHub/MyProject/Content/ThirdPersonBP/Blueprints/BP_GroundTile.uasset'
[2015.05.10-10.04.23:048][951]LogSourceControl: RunCommandInternalRaw: 'git status --porcelain --ignored "C:/Users/Julia/Documents/GitHub/MyProject/Content/ThirdPersonBP/Blueprints/BP_GroundTile.uasset"'
[2015.05.10-10.04.23:120][955]LogSourceControl: RunCommandInternalRaw: ExecProcess ReturnCode=0 OutResults=' M Content/ThirdPersonBP/Blueprints/BP_GroundTile.uasset
'
[2015.05.10-10.04.25:275][ 38]Cmd: QUIT_EDITOR
[2015.05.10-10.04.25:599][ 38]LogExit: Preparing to exit.
[2015.05.10-10.04.25:988][ 38]LogExit: Editor shut down
[2015.05.10-10.04.25:989][ 38]LogExit: Transaction tracking system shut down
[2015.05.10-10.04.25:990][ 38]LogParticles: Destroying 0 GPU particle simulations for FXSystem 0x0000000013D260C0
[2015.05.10-10.04.25:990][ 38]LogParticles: Destroying 0 GPU particle simulations for FXSystem 0x000000001BBCF100
[2015.05.10-10.04.25:991][ 38]LogParticles: Destroying 0 GPU particle simulations for FXSystem 0x0000000020A00680
[2015.05.10-10.04.25:993][ 38]LogParticles: Destroying 0 GPU particle simulations for FXSystem 0x0000000011FEC4A0
[2015.05.10-10.04.25:995][ 38]LogParticles: Destroying 0 GPU particle simulations for FXSystem 0x0000000018E52A20
[2015.05.10-10.04.26:101][ 38]LogExit: Object subsystem successfully closed.
[2015.05.10-10.04.26:212][ 38]LogModuleManager: Shutting down and abandoning module DataTableEditor (178)
[2015.05.10-10.04.26:213][ 38]LogModuleManager: Shutting down and abandoning module CrashTracker (177)
[2015.05.10-10.04.26:213][ 38]LogModuleManager: Shutting down and abandoning module SuperSearch (176)
[2015.05.10-10.04.26:213][ 38]LogModuleManager: Shutting down and abandoning module SceneOutliner (175)
[2015.05.10-10.04.26:213][ 38]LogModuleManager: Shutting down and abandoning module EditorWidgets (174)
[2015.05.10-10.04.26:213][ 38]LogModuleManager: Shutting down and abandoning module CollectionManager (173)
[2015.05.10-10.04.26:213][ 38]LogModuleManager: Shutting down and abandoning module StatsViewer (172)
[2015.05.10-10.04.26:213][ 38]LogModuleManager: Shutting down and abandoning module FoliageEdit (171)
[2015.05.10-10.04.26:213][ 38]LogModuleManager: Shutting down and abandoning module LandscapeEditor (170)
[2015.05.10-10.04.26:214][ 38]LogModuleManager: Shutting down and abandoning module MeshPaint (169)
[2015.05.10-10.04.26:214][ 38]LogModuleManager: Shutting down and abandoning module ActorPickerMode (168)
[2015.05.10-10.04.26:214][ 38]LogModuleManager: Shutting down and abandoning module GeometryMode (167)
[2015.05.10-10.04.26:214][ 38]LogModuleManager: Shutting down and abandoning module TextureAlignMode (166)
[2015.05.10-10.04.26:214][ 38]LogModuleManager: Shutting down and abandoning module BspMode (165)
[2015.05.10-10.04.26:214][ 38]LogModuleManager: Shutting down and abandoning module PlacementMode (164)
[2015.05.10-10.04.26:214][ 38]LogModuleManager: Shutting down and abandoning module AutomationWorker (163)
[2015.05.10-10.04.26:214][ 38]LogModuleManager: Shutting down and abandoning module CharacterAI (162)
[2015.05.10-10.04.26:214][ 38]LogModuleManager: Shutting down and abandoning module SmartSnapping (161)
[2015.05.10-10.04.26:214][ 38]LogModuleManager: Shutting down and abandoning module ViewportSnapping (160)
[2015.05.10-10.04.26:214][ 38]LogModuleManager: Shutting down and abandoning module LogVisualizer (159)
[2015.05.10-10.04.26:215][ 38]LogModuleManager: Shutting down and abandoning module GameProjectGeneration (158)
[2015.05.10-10.04.26:215][ 38]LogModuleManager: Shutting down and abandoning module IntroTutorials (157)
[2015.05.10-10.04.26:216][ 38]LogModuleManager: Shutting down and abandoning module EditorLiveStreaming (156)
[2015.05.10-10.04.26:216][ 38]LogModuleManager: Shutting down and abandoning module HardwareTargeting (155)
[2015.05.10-10.04.26:216][ 38]LogModuleManager: Shutting down and abandoning module DeviceProfileEditor (154)
[2015.05.10-10.04.26:216][ 38]LogModuleManager: Shutting down and abandoning module UndoHistory (153)
[2015.05.10-10.04.26:217][ 38]LogModuleManager: Shutting down and abandoning module GameplayTagsEditor (152)
[2015.05.10-10.04.26:217][ 38]LogModuleManager: Shutting down and abandoning module UserFeedback (151)
[2015.05.10-10.04.26:217][ 38]LogModuleManager: Shutting down and abandoning module XmlParser (150)
[2015.05.10-10.04.26:217][ 38]LogModuleManager: Shutting down and abandoning module Blutility (149)
[2015.05.10-10.04.26:217][ 38]LogModuleManager: Shutting down and abandoning module IOSPlatformEditor (148)
[2015.05.10-10.04.26:217][ 38]LogModuleManager: Shutting down and abandoning module IOSRuntimeSettings (147)
[2015.05.10-10.04.26:217][ 38]LogModuleManager: Shutting down and abandoning module AndroidDeviceDetection (146)
[2015.05.10-10.04.26:781][ 38]LogModuleManager: Shutting down and abandoning module AndroidPlatformEditor (145)
[2015.05.10-10.04.26:781][ 38]LogModuleManager: Shutting down and abandoning module AndroidRuntimeSettings (144)
[2015.05.10-10.04.26:781][ 38]LogModuleManager: Shutting down and abandoning module ProjectTargetPlatformEditor (143)
[2015.05.10-10.04.26:781][ 38]LogModuleManager: Shutting down and abandoning module ProjectSettingsViewer (142)
[2015.05.10-10.04.26:781][ 38]LogModuleManager: Shutting down and abandoning module InputBindingEditor (141)
[2015.05.10-10.04.26:784][ 38]LogModuleManager: Shutting down and abandoning module EditorSettingsViewer (140)
[2015.05.10-10.04.26:784][ 38]LogModuleManager: Shutting down and abandoning module SettingsEditor (139)
[2015.05.10-10.04.26:786][ 38]LogModuleManager: Shutting down and abandoning module ProjectLauncher (138)
[2015.05.10-10.04.26:787][ 38]LogModuleManager: Shutting down and abandoning module SessionFrontend (137)
[2015.05.10-10.04.26:787][ 38]LogModuleManager: Shutting down and abandoning module ProfilerClient (136)
[2015.05.10-10.04.26:788][ 38]LogModuleManager: Shutting down and abandoning module TargetDeviceServices (135)
[2015.05.10-10.04.26:789][ 38]LogModuleManager: Shutting down and abandoning module DeviceManager (134)
[2015.05.10-10.04.26:789][ 38]LogModuleManager: Shutting down and abandoning module AutomationController (133)
[2015.05.10-10.04.26:790][ 38]LogModuleManager: Shutting down and abandoning module AutomationWindow (132)
[2015.05.10-10.04.26:794][ 38]LogModuleManager: Shutting down and abandoning module Layers (131)
[2015.05.10-10.04.26:797][ 38]LogModuleManager: Shutting down and abandoning module ComponentVisualizers (130)
[2015.05.10-10.04.26:800][ 38]LogModuleManager: Shutting down and abandoning module DetailCustomizations (129)
[2015.05.10-10.04.26:802][ 38]LogModuleManager: Shutting down and abandoning module PackagesDialog (128)
[2015.05.10-10.04.26:802][ 38]LogModuleManager: Shutting down and abandoning module AssetRegistry (127)
[2015.05.10-10.04.26:942][ 38]LogModuleManager: Shutting down and abandoning module Persona (126)
[2015.05.10-10.04.26:942][ 38]LogModuleManager: Shutting down and abandoning module SlateReflector (125)
[2015.05.10-10.04.26:943][ 38]LogModuleManager: Shutting down and abandoning module LevelEditor (124)
[2015.05.10-10.04.26:944][ 38]LogModuleManager: Shutting down and abandoning module Kismet (123)
[2015.05.10-10.04.26:944][ 38]LogModuleManager: Shutting down and abandoning module GraphEditor (122)
[2015.05.10-10.04.26:944][ 38]LogModuleManager: Shutting down and abandoning module ClassViewer (121)
[2015.05.10-10.04.26:944][ 38]LogModuleManager: Shutting down and abandoning module Toolbox (120)
[2015.05.10-10.04.26:944][ 38]LogModuleManager: Shutting down and abandoning module ModuleUI (119)
[2015.05.10-10.04.26:945][ 38]LogModuleManager: Shutting down and abandoning module MovieSceneTools (118)
[2015.05.10-10.04.26:945][ 38]LogModuleManager: Shutting down and abandoning module OutputLog (117)
[2015.05.10-10.04.26:945][ 38]LogModuleManager: Shutting down and abandoning module GammaUI (116)
[2015.05.10-10.04.26:945][ 38]LogModuleManager: Shutting down and abandoning module Documentation (115)
[2015.05.10-10.04.26:945][ 38]LogModuleManager: Shutting down and abandoning module GameLiveStreaming (114)
[2015.05.10-10.04.26:945][ 38]LogModuleManager: Shutting down and abandoning module StreamingPauseRendering (113)
[2015.05.10-10.04.26:945][ 38]LogModuleManager: Shutting down and abandoning module HTTP (112)
[2015.05.10-10.04.26:945][ 38]LogModuleManager: Shutting down and abandoning module AnalyticsET (111)
[2015.05.10-10.04.26:945][ 38]LogModuleManager: Shutting down and abandoning module Analytics (110)
[2015.05.10-10.04.26:945][ 38]LogModuleManager: Shutting down and abandoning module AITestSuite (109)
[2015.05.10-10.04.26:945][ 38]LogModuleManager: Shutting down and abandoning module GameplayDebugger (108)
[2015.05.10-10.04.26:946][ 38]LogModuleManager: Shutting down and abandoning module AIModule (107)
[2015.05.10-10.04.26:946][ 38]LogModuleManager: Shutting down and abandoning module ProfilerService (106)
[2015.05.10-10.04.26:988][ 38]LogModuleManager: Shutting down and abandoning module TaskGraph (105)
[2015.05.10-10.04.26:988][ 38]LogModuleManager: Shutting down and abandoning module SlateRemote (104)
[2015.05.10-10.04.26:989][ 38]LogModuleManager: Shutting down and abandoning module ScriptEditorPlugin (103)
[2015.05.10-10.04.26:989][ 38]LogModuleManager: Shutting down and abandoning module CustomMeshComponent (102)
[2015.05.10-10.04.26:989][ 38]LogModuleManager: Shutting down and abandoning module CableComponent (101)
[2015.05.10-10.04.26:989][ 38]LogModuleManager: Shutting down and abandoning module MessagingDebugger (100)
[2015.05.10-10.04.26:990][ 38]LogModuleManager: Shutting down and abandoning module MediaPlayerEditor (99)
[2015.05.10-10.04.26:990][ 38]LogModuleManager: Shutting down and abandoning module SpeedTreeImporter (98)
[2015.05.10-10.04.26:990][ 38]LogModuleManager: Shutting down and abandoning module PluginsEditor (97)
[2015.05.10-10.04.26:990][ 38]LogModuleManager: Shutting down and abandoning module MainFrame (96)
[2015.05.10-10.04.26:990][ 38]LogModuleManager: Shutting down and abandoning module EpicSurvey (95)
[2015.05.10-10.04.26:991][ 38]LogModuleManager: Shutting down and abandoning module DesktopPlatform (94)
[2015.05.10-10.04.26:991][ 38]LogModuleManager: Shutting down and abandoning module DirectoryWatcher (93)
[2015.05.10-10.04.26:991][ 38]LogModuleManager: Shutting down and abandoning module HotReload (92)
[2015.05.10-10.04.26:991][ 38]LogModuleManager: Shutting down and abandoning module VisualStudioSourceCodeAccess (91)
[2015.05.10-10.04.26:991][ 38]LogModuleManager: Shutting down and abandoning module UObjectPlugin (90)
[2015.05.10-10.04.26:991][ 38]LogModuleManager: Shutting down and abandoning module SubversionSourceControl (89)
[2015.05.10-10.04.26:992][ 38]LogModuleManager: Shutting down and abandoning module PerforceSourceControl (88)
[2015.05.10-10.04.26:993][ 38]LogModuleManager: Shutting down and abandoning module SourceControl (87)
[2015.05.10-10.04.26:993][ 38]LogModuleManager: Shutting down and abandoning module GitSourceControl (86)
[2015.05.10-10.04.26:993][ 38]LogModuleManager: Shutting down and abandoning module BlankPlugin (85)
[2015.05.10-10.04.26:993][ 38]LogModuleManager: Shutting down and abandoning module PaperTiledImporter (84)
[2015.05.10-10.04.26:993][ 38]LogModuleManager: Shutting down and abandoning module PaperJsonImporter (83)
[2015.05.10-10.04.26:993][ 38]LogModuleManager: Shutting down and abandoning module ContentBrowser (82)
[2015.05.10-10.04.26:993][ 38]LogModuleManager: Shutting down and abandoning module Paper2DEditor (81)
[2015.05.10-10.04.26:995][ 38]LogModuleManager: Shutting down and abandoning module ScriptPlugin (80)
[2015.05.10-10.04.26:995][ 38]LogModuleManager: Shutting down and abandoning module UdpMessaging (79)
[2015.05.10-10.04.27:095][ 38]LogModuleManager: Shutting down and abandoning module Paper2D (78)
[2015.05.10-10.04.27:095][ 38]LogModuleManager: Shutting down and abandoning module WindowsMoviePlayer (77)
[2015.05.10-10.04.27:098][ 38]LogModuleManager: Shutting down and abandoning module Media (76)
[2015.05.10-10.04.27:098][ 38]LogModuleManager: Shutting down and abandoning module WmfMedia (75)
[2015.05.10-10.04.27:098][ 38]LogModuleManager: Shutting down and abandoning module OnlineBlueprintSupport (74)
[2015.05.10-10.04.27:098][ 38]LogModuleManager: Shutting down and abandoning module PropertyEditor (73)
[2015.05.10-10.04.27:098][ 38]LogModuleManager: Shutting down and abandoning module BehaviorTreeEditor (72)
[2015.05.10-10.04.27:099][ 38]LogModuleManager: Shutting down and abandoning module FunctionalTesting (71)
[2015.05.10-10.04.27:099][ 38]LogModuleManager: Shutting down and abandoning module CollisionAnalyzer (70)
[2015.05.10-10.04.27:099][ 38]LogModuleManager: Shutting down and abandoning module WorkspaceMenuStructure (69)
[2015.05.10-10.04.27:099][ 38]LogModuleManager: Shutting down and abandoning module MessageLog (68)
[2015.05.10-10.04.27:099][ 38]LogModuleManager: Shutting down and abandoning module Sequencer (67)
[2015.05.10-10.04.27:100][ 38]LogModuleManager: Shutting down and abandoning module AssetTools (66)
[2015.05.10-10.04.27:101][ 38]LogModuleManager: Shutting down and abandoning module UMGEditor (65)
[2015.05.10-10.04.27:101][ 38]LogModuleManager: Shutting down and abandoning module UMG (64)
[2015.05.10-10.04.27:101][ 38]LogModuleManager: Shutting down and abandoning module Slate (63)
[2015.05.10-10.04.27:101][ 38]LogModuleManager: Shutting down and abandoning module EditorStyle (62)
[2015.05.10-10.04.27:107][ 38]LogModuleManager: Shutting down and abandoning module SessionServices (61)
[2015.05.10-10.04.27:107][ 38]LogModuleManager: Shutting down and abandoning module SourceCodeAccess (60)
[2015.05.10-10.04.27:107][ 38]LogModuleManager: Shutting down and abandoning module HeadMountedDisplay (59)
[2015.05.10-10.04.27:107][ 38]LogModuleManager: Shutting down and abandoning module XAudio2 (58)
[2015.05.10-10.04.27:107][ 38]LogModuleManager: Shutting down and abandoning module Networking (56)
[2015.05.10-10.04.27:107][ 38]LogModuleManager: Shutting down and abandoning module Core (55)
[2015.05.10-10.04.27:107][ 38]LogModuleManager: Shutting down and abandoning module KismetCompiler (54)
[2015.05.10-10.04.27:107][ 38]LogModuleManager: Shutting down and abandoning module PhysXFormats (53)
[2015.05.10-10.04.27:107][ 38]LogModuleManager: Shutting down and abandoning module MeshUtilities (52)
[2015.05.10-10.04.27:107][ 38]LogModuleManager: Shutting down and abandoning module DerivedDataCache (51)
[2015.05.10-10.04.27:137][ 38]LogDerivedDataCache: Shutdown
[2015.05.10-10.04.27:137][ 38]LogModuleManager: Shutting down and abandoning module ShaderFormatOpenGL (50)
[2015.05.10-10.04.27:137][ 38]LogModuleManager: Shutting down and abandoning module ShaderFormatD3D (49)
[2015.05.10-10.04.27:137][ 38]LogModuleManager: Shutting down and abandoning module MetalShaderFormat (48)
[2015.05.10-10.04.27:137][ 38]LogModuleManager: Shutting down and abandoning module TextureFormatUncompressed (47)
[2015.05.10-10.04.27:137][ 38]LogModuleManager: Shutting down and abandoning module TextureFormatPVR (46)
[2015.05.10-10.04.27:137][ 38]LogModuleManager: Shutting down and abandoning module TextureFormatIntelISPCTexComp (45)
[2015.05.10-10.04.27:137][ 38]LogModuleManager: Shutting down and abandoning module TextureFormatDXT (44)
[2015.05.10-10.04.27:137][ 38]LogModuleManager: Shutting down and abandoning module ImageWrapper (43)
[2015.05.10-10.04.27:137][ 38]LogModuleManager: Shutting down and abandoning module TextureFormatASTC (42)
[2015.05.10-10.04.27:137][ 38]LogModuleManager: Shutting down and abandoning module TextureFormatAndroid (41)
[2015.05.10-10.04.27:137][ 38]LogModuleManager: Shutting down and abandoning module AudioFormatOpus (40)
[2015.05.10-10.04.27:137][ 38]LogModuleManager: Shutting down and abandoning module AudioFormatOgg (39)
[2015.05.10-10.04.27:137][ 38]LogModuleManager: Shutting down and abandoning module AudioFormatADPCM (38)
[2015.05.10-10.04.27:137][ 38]LogModuleManager: Shutting down and abandoning module LinuxTargetPlatform (37)
[2015.05.10-10.04.27:137][ 38]LogModuleManager: Shutting down and abandoning module LinuxServerTargetPlatform (36)
[2015.05.10-10.04.27:137][ 38]LogModuleManager: Shutting down and abandoning module LinuxNoEditorTargetPlatform (35)
[2015.05.10-10.04.27:137][ 38]LogModuleManager: Shutting down and abandoning module Messaging (34)
[2015.05.10-10.04.27:137][ 38]LogModuleManager: Shutting down and abandoning module IOSTargetPlatform (33)
[2015.05.10-10.04.27:137][ 38]LogModuleManager: Shutting down and abandoning module HTML5TargetPlatform (32)
[2015.05.10-10.04.27:137][ 38]LogModuleManager: Shutting down and abandoning module Android_PVRTCTargetPlatform (31)
[2015.05.10-10.04.27:138][ 38]LogModuleManager: Shutting down and abandoning module Android_ETC2TargetPlatform (30)
[2015.05.10-10.04.27:138][ 38]LogModuleManager: Shutting down and abandoning module Android_ETC1TargetPlatform (29)
[2015.05.10-10.04.27:138][ 38]LogModuleManager: Shutting down and abandoning module Android_ES31TargetPlatform (28)
[2015.05.10-10.04.27:138][ 38]LogModuleManager: Shutting down and abandoning module Android_DXTTargetPlatform (27)
[2015.05.10-10.04.27:138][ 38]LogModuleManager: Shutting down and abandoning module Android_ATCTargetPlatform (26)
[2015.05.10-10.04.27:138][ 38]LogModuleManager: Shutting down and abandoning module AndroidTargetPlatform (25)
[2015.05.10-10.04.27:138][ 38]LogModuleManager: Shutting down and abandoning module WindowsTargetPlatform (24)
[2015.05.10-10.04.27:138][ 38]LogModuleManager: Shutting down and abandoning module WindowsServerTargetPlatform (23)
[2015.05.10-10.04.27:138][ 38]LogModuleManager: Shutting down and abandoning module WindowsNoEditorTargetPlatform (22)
[2015.05.10-10.04.27:138][ 38]LogModuleManager: Shutting down and abandoning module WindowsClientTargetPlatform (21)
[2015.05.10-10.04.27:138][ 38]LogModuleManager: Shutting down and abandoning module TargetPlatform (20)
[2015.05.10-10.04.27:138][ 38]LogModuleManager: Shutting down and abandoning module InputCore (19)
[2015.05.10-10.04.27:138][ 38]LogModuleManager: Shutting down and abandoning module Settings (18)
[2015.05.10-10.04.27:138][ 38]LogModuleManager: Shutting down and abandoning module OnlineSubsystem (16)
[2015.05.10-10.04.27:138][ 38]LogModuleManager: Shutting down and abandoning module OculusRift (15)
[2015.05.10-10.04.27:138][ 38]LogModuleManager: Shutting down and abandoning module ExampleDeviceProfileSelector (14)
[2015.05.10-10.04.27:138][ 38]LogModuleManager: Shutting down and abandoning module TextureCompressor (13)
[2015.05.10-10.04.27:138][ 38]LogModuleManager: Shutting down and abandoning module ShaderCore (12)
[2015.05.10-10.04.27:138][ 38]LogModuleManager: Shutting down and abandoning module Landscape (11)
[2015.05.10-10.04.27:138][ 38]LogModuleManager: Shutting down and abandoning module SlateRHIRenderer (10)
[2015.05.10-10.04.27:140][ 38]LogModuleManager: Shutting down and abandoning module OpenGLDrv (9)
[2015.05.10-10.04.27:140][ 38]LogModuleManager: Shutting down and abandoning module D3D11RHI (8)
[2015.05.10-10.04.27:140][ 38]LogModuleManager: Shutting down and abandoning module Renderer (7)
[2015.05.10-10.04.27:140][ 38]LogModuleManager: Shutting down and abandoning module Engine (6)
[2015.05.10-10.04.27:140][ 38]LogModuleManager: Shutting down and abandoning module CoreUObject (5)
[2015.05.10-10.04.27:140][ 38]LogModuleManager: Shutting down and abandoning module NetworkFile (4)
[2015.05.10-10.04.27:140][ 38]LogModuleManager: Shutting down and abandoning module StreamingFile (3)
[2015.05.10-10.04.27:141][ 38]LogModuleManager: Shutting down and abandoning module SandboxFile (2)
[2015.05.10-10.04.27:141][ 38]LogModuleManager: Shutting down and abandoning module PakFile (1)
[2015.05.10-10.04.27:141][ 38]LogExit: Exiting.
[2015.05.10-10.04.27:166][ 38]Log file closed, 05/10/15 12:04:27
