Log file open, 04/27/15 13:08:19
LogInit:Display: Running engine for game: Grammatik
LogInit: Version: 4.7.6-2513093+++depot+UE4-Releases+4.7
LogInit: API Version: 2455222
LogInit: Compiled (64-bit): Apr 15 2015 12:09:54
LogInit: Compiled with Visual C++: 18.00.21005.01
LogInit: Build Configuration: Development
LogInit: Branch Name: ++depot+UE4-Releases+4.7
LogInit: Command line: 
LogInit: Base directory: C:/Program Files/Epic Games/4.7/Engine/Binaries/Win64/
LogInit: Rocket: 1
[2015.04.27-11.08.19:738][  0]LogTaskGraph: Started task graph with 3 named threads and 4 total threads.
[2015.04.27-11.08.19:770][  0]LogOnline:Warning: No default platform service specified for OnlineSubsystem
[2015.04.27-11.08.19:782][  0]LogInit: Presizing for 0 objects not considered by GC, pre-allocating 0 bytes.
[2015.04.27-11.08.19:790][  0]LogInit: Object subsystem initialized
[2015.04.27-11.08.19:792][  0]LogConsoleResponse:Warning: Skipping Unknown console variable: 'TranslucentSortAxis = (X=0.000000,Y=-1.000000,Z=0.000000)'
[2015.04.27-11.08.19:792][  0]LogConsoleResponse:Warning:   Found in ini file 'C:/Users/Benno/Documents/GitHub/Grammatik/Saved/Config/Windows/Engine.ini', in section '[/Script/Engine.RendererSettings]'
[2015.04.27-11.08.19:792][  0]LogConsoleResponse:Warning: Skipping Unknown console variable: 'UIScaleRule = ShortestSide'
[2015.04.27-11.08.19:792][  0]LogConsoleResponse:Warning:   Found in ini file 'C:/Users/Benno/Documents/GitHub/Grammatik/Saved/Config/Windows/Engine.ini', in section '[/Script/Engine.RendererSettings]'
[2015.04.27-11.08.19:792][  0]LogConsoleResponse:Warning: Skipping Unknown console variable: 'UIScaleCurve = (EditorCurveData=(Keys=),ExternalCurve=None)'
[2015.04.27-11.08.19:792][  0]LogConsoleResponse:Warning:   Found in ini file 'C:/Users/Benno/Documents/GitHub/Grammatik/Saved/Config/Windows/Engine.ini', in section '[/Script/Engine.RendererSettings]'
[2015.04.27-11.08.19:792][  0]LogInit: Selected Device Profile: [Windows]
[2015.04.27-11.08.19:792][  0]LogInit: Applying CVar settings loaded from the selected device profile: [Windows]
[2015.04.27-11.08.19:805][  0]LogInit: Computer: BENNO-LAPTOP
[2015.04.27-11.08.19:805][  0]LogInit: User: Benno
[2015.04.27-11.08.19:805][  0]LogInit: CPU Page size=4096, Cores=2
[2015.04.27-11.08.19:805][  0]LogInit: High frequency timer resolution =2.630628 MHz
[2015.04.27-11.08.19:805][  0]LogMemory: Memory total: Physical=11.7GB (12GB approx) Virtual=131072.0GB
[2015.04.27-11.08.19:805][  0]LogMemory: Platform Memory Stats for Windows
[2015.04.27-11.08.19:805][  0]LogMemory: Process Physical Memory: 46.09 MB used, 46.09 MB peak
[2015.04.27-11.08.19:805][  0]LogMemory: Process Virtual Memory: 24.45 MB used, 24.45 MB peak
[2015.04.27-11.08.19:805][  0]LogMemory: Physical Memory: 5661.43 MB used, 11974.32 MB total
[2015.04.27-11.08.19:805][  0]LogMemory: Virtual Memory: 295.01 MB used, 134217728.00 MB total
[2015.04.27-11.08.19:816][  0]LogD3D11RHI: Found D3D11 adapter 0: Intel(R) HD Graphics Family (Feature Level 11_0)
[2015.04.27-11.08.19:816][  0]LogD3D11RHI: Adapter has 0MB of dedicated video memory, 0MB of dedicated system memory, and 1792MB of shared system memory, 1 output[s]
[2015.04.27-11.08.19:817][  0]LogD3D11RHI: Found D3D11 adapter 1: Microsoft Basic Render Driver (Feature Level 11_0)
[2015.04.27-11.08.19:817][  0]LogD3D11RHI: Adapter has 0MB of dedicated video memory, 0MB of dedicated system memory, and 256MB of shared system memory, 0 output[s]
[2015.04.27-11.08.19:817][  0]LogD3D11RHI: Chosen D3D11 Adapter Id = 0
[2015.04.27-11.08.19:821][  0]LogRHI: Texture pool is 627 MB (70% of 896 MB)
[2015.04.27-11.08.19:826][  0]LogD3D11RHI: Async texture creation enabled
[2015.04.27-11.08.19:869][  0]LogTextLocalizationManager: The requested culture ('de_DE') has no localization data; falling back to 'en' for localization and internationalization data.
[2015.04.27-11.08.19:949][  0]LogTextLocalizationManager:Warning: Loading localization resources contain conflicting entries for (Namespace:UICommands, Key:Save_ToolTip):
Resource: (C:/Program Files/Epic Games/4.7/Engine/Content/Localization/Editor/en/Editor.locres) Hash: (-29098895) String: (Saves the current level to disk)
Resource: (C:/Program Files/Epic Games/4.7/Engine/Content/Localization/Engine/en/Engine.locres) Hash: (-1280300587) String: (Save selected data to vlog file)
[2015.04.27-11.08.19:949][  0]LogTextLocalizationManager:Warning: Loading localization resources contain conflicting entries for (Namespace:ContentBrowser, Key:ImportAssetToolTip):
Resource: (C:/Program Files/Epic Games/4.7/Engine/Content/Localization/Editor/en/Editor.locres) Hash: (-630476809) String: (Import to {0}...)
Resource: (C:/Program Files/Epic Games/4.7/Engine/Content/Localization/Editor/en/Editor.locres) Hash: (1271782899) String: (Imports an asset from file to this folder.)
[2015.04.27-11.08.20:024][  0]LogContentStreaming: Texture pool size is 0.000000MB
[2015.04.27-11.08.22:300][  0]LogTargetPlatformManager:Display: Building Assets For Windows
[2015.04.27-11.08.22:850][  0]LogTargetPlatformManager:Display: Building Assets For Windows
[2015.04.27-11.08.22:920][  0]LogDerivedDataCache:Display: Max Cache Size: 512 MB
[2015.04.27-11.08.22:961][  0]LogDerivedDataCache: Loaded boot cache 0.04s 39MB C:/Users/Benno/AppData/Local/UnrealEngine/4.7/DerivedDataCache/Boot.ddc.
[2015.04.27-11.08.22:961][  0]LogDerivedDataCache:Display: Loaded Boot cache: C:/Users/Benno/AppData/Local/UnrealEngine/4.7/DerivedDataCache/Boot.ddc
[2015.04.27-11.08.22:961][  0]LogDerivedDataCache: FDerivedDataBackendGraph:  Pak pak cache file ../../../../../../Users/Benno/Documents/GitHub/Grammatik/DerivedDataCache/DDC.ddp not found, will not use a pak cache.
[2015.04.27-11.08.22:961][  0]LogDerivedDataCache: Unable to find inner node Pak for hierarchical cache Hierarchy.
[2015.04.27-11.08.23:074][  0]LogDerivedDataCache:Display: Pak cache opened for reading ../../../Engine/DerivedDataCache/Compressed.ddp.
[2015.04.27-11.08.23:086][  0]LogDerivedDataCache: Using Local data cache path C:/Users/Benno/AppData/Local/UnrealEngine/Common/DerivedDataCache: Writable
[2015.04.27-11.08.23:332][  0]LogMeshUtilities: No automatic mesh reduction module available
[2015.04.27-11.08.23:332][  0]LogMeshUtilities: No automatic mesh merging module available
[2015.04.27-11.08.23:714][  0]LogInit: WinSock: version 1.1 (2.2), MaxSocks=32767, MaxUdp=65467
[2015.04.27-11.08.23:785][  0]LogSlate:Warning: Failed to load font data from '../../../Engine/Content/Slate/Fonts/Roboto-Italic.ttf'
[2015.04.27-11.08.24:525][  0]UdpMessaging: Initializing bridge on interface 0.0.0.0:0 to multicast group 230.0.0.1:6666.
[2015.04.27-11.08.24:780][  0]SourceControl: Info Source control is disabled
[2015.04.27-11.08.24:780][  0]SourceControl: Info Source control is disabled
[2015.04.27-11.08.24:780][  0]SourceControl: Info Source control is disabled
[2015.04.27-11.08.24:790][  0]LogSourceControl: RunCommandInternalRaw: 'git version'
[2015.04.27-11.08.24:804][  0]LogSourceControl: RunCommandInternalRaw: ExecProcess ReturnCode=0 OutResults='git version 1.9.5.msysgit.0
'
[2015.04.27-11.08.24:998][  0]LogObj: 24232 objects as part of root set at end of initial load.
[2015.04.27-11.08.24:999][  0]LogUObjectAllocator: 5137176 out of 0 bytes used by permanent object pool.
[2015.04.27-11.08.25:083][  0]LogEngine: Initializing Engine...
[2015.04.27-11.08.27:226][  0]LogInit: XAudio2 using 'Realtek HD Audio 2nd output (Realtek High Definition Audio)' : 2 channels at 48 kHz using 32 bits per sample (channel mask 0x3)
[2015.04.27-11.08.27:232][  0]LogInit: FAudioDevice initialized.
[2015.04.27-11.08.27:275][  0]LogAIModule: Creating AISystem for world NewWorld
[2015.04.27-11.08.27:295][  0]LogDerivedDataCache: Saved boot cache 0.02s 39MB C:/Users/Benno/AppData/Local/UnrealEngine/4.7/DerivedDataCache/Boot.ddc.
[2015.04.27-11.08.27:302][  0]LogInit: Texture streaming: Enabled
[2015.04.27-11.08.27:417][  0]LogAnalytics: Creating configured Analytics provider AnalyticsET
[2015.04.27-11.08.27:417][  0]LogAnalytics: ET APIKey = Rocket.Release. APIServer = http://et2.epicgames.com/ET2/. AppVersion = 4.7.6-2513093+++depot+UE4-Releases+4.7
[2015.04.27-11.08.27:417][  0]LogAnalytics: ET APIKey = Rocket.Release. DataRouterUploadURL = https://datarouter-public-service-gamedev.ol.epicgames.net/datarouter/api/v1/public/data. AppVersion = 4.7.6-2513093+++depot+UE4-Releases+4.7
[2015.04.27-11.08.27:417][  0]LogAnalytics: SetUserId b3f5068545dcfd708de917a7b5948d5d|aff75d35ec0b42388805a5339fec181f|be6725f2-7edc-4166-9827-3a4817c894a3
[2015.04.27-11.08.27:417][  0]LogAnalytics: AnalyticsET::StartSession [Rocket.Release]
[2015.04.27-11.08.27:442][  0]LogInit: Transaction tracking system initialized
[2015.04.27-11.08.27:611][  0]BlueprintLog: New page: Editor Load
[2015.04.27-11.08.27:648][  0]LogAssetRegistry: FAssetRegistry took 0.0103 seconds to start up
[2015.04.27-11.08.27:648][  0]LogDirectoryWatcher:Warning: Failed to begin reading directory changes for ../../../Engine/Plugins/Experimental/CharacterAI/Content/. Error: 0
[2015.04.27-11.08.28:461][  0]LogTargetPlatformManager:Display: Building Assets For Windows
[2015.04.27-11.08.29:092][  0]LogTargetPlatformManager:Display: Building Assets For Windows
[2015.04.27-11.08.29:465][  0]LogSlate:Warning: Failed to load font data from '../../../Engine/Content/Editor/Slate/Fonts/Roboto-Regular.ttf'
[2015.04.27-11.08.29:465][  0]LogSlate:Warning: Failed to load font data from '../../../Engine/Content/Editor/Slate/Fonts/Roboto-Bold.ttf'
[2015.04.27-11.08.29:516][  0]LogConsoleResponse:Display: 
[2015.04.27-11.08.29:705][  0]LogCook:Display: Done creating registry. It took  0.00s.
[2015.04.27-11.08.29:932][  0]LogSourceControl: RunCommandInternalRaw: 'git version'
[2015.04.27-11.08.29:946][  0]LogSourceControl: RunCommandInternalRaw: ExecProcess ReturnCode=0 OutResults='git version 1.9.5.msysgit.0
'
[2015.04.27-11.08.29:947][  0]Cmd: MAP LOAD FILE="../../../../../../Users/Benno/Documents/GitHub/Grammatik/Content/ThirdPersonBP/Maps/ThirdPersonExampleMap.umap" TEMPLATE=0 SHOWPROGRESS=1 FEATURELEVEL=3
[2015.04.27-11.08.29:949][  0]LightingResults: New page: Lighting Build
[2015.04.27-11.08.29:977][  0]MapCheck: New page: Map Check
[2015.04.27-11.08.29:977][  0]LightingResults: New page: Lighting Build
[2015.04.27-11.08.30:010][  0]LogParticles: Destroying 0 GPU particle simulations for FXSystem 0x0000005B38F88680
[2015.04.27-11.08.30:040][  0]LogLinker:Warning: Asset '../../../Engine/Content/EngineMeshes/Humanoid.uasset' has been saved with empty engine version. The asset will be loaded but may be incompatible.
[2015.04.27-11.08.31:630][  0]LogEditorServer: Finished looking for orphan Actors (0.000 secs)
[2015.04.27-11.08.31:647][  0]LogAIModule: Creating AISystem for world ThirdPersonExampleMap
[2015.04.27-11.08.31:647][  0]Cmd: MAP CHECKDEP
[2015.04.27-11.08.31:647][  0]MapCheck: New page: ThirdPersonExampleMap - Apr 27, 2015, 3:08:31 PM
[2015.04.27-11.08.31:719][  0]MapCheck: Info Map check complete: 0 Error(s), 0 Warning(s), took 71.493ms to complete.
[2015.04.27-11.08.31:719][  0]LogFileHelpers: Loading map 'ThirdPersonExampleMap' took 1.772
[2015.04.27-11.08.31:921][  0]LogSourceControl: RunCommandInternalRaw: 'git status'
[2015.04.27-11.08.31:921][  0]LogSourceControl: RunCommandInternalRaw: ExecProcess ReturnCode=0 OutResults='On branch master
Your branch is up-to-date with 'origin/master'.

Changes not staged for commit:
  (use "git add/rm <file>..." to update what will be committed)
  (use "git checkout -- <file>..." to discard changes in working directory)

	deleted:    Build/Windows/Thumbs.db
	modified:   Config/DefaultEditorUserSettings.ini
	deleted:    Content/VehicleBP/Blueprints/VehicleGameMode.uasset
	deleted:    Content/VehicleBP/Blueprints/VehicleHUD.uasset
	deleted:    Content/VehicleBP/Maps/VehicleExampleMap.umap
	deleted:    Content/VehicleBP/Meshes/CubeMaterial.uasset
	deleted:    Content/VehicleBP/Meshes/CubeMesh.uasset
	deleted:    Content/VehicleBP/Meshes/RoughTerrain_StaticMesh.uasset
	deleted:    Content/VehicleBP/Meshes/VehicleCube_Rounded.uasset
	deleted:    Content/VehicleBP/Sedan/Materials/M_Vehicle_Sedan.uasset
	deleted:    Content/VehicleBP/Sedan/Materials/M_Vehicle_Sedan_Inst_Glass.uasset
	deleted:    Content/VehicleBP/Sedan/Materials/M_Vehicle_Sedan_Inst_Headlights.uasset
	deleted:    Content/VehicleBP/Sedan/Materials/M_Vehicle_Sedan_Inst_Paint.uasset
	deleted:    Content/VehicleBP/Sedan/Materials/M_Vehicle_Sedan_Inst_Plastic.uasset
	deleted:    Content/VehicleBP/Sedan/Materials/M_Vehicle_Sedan_Inst_TailLights.uasset
	deleted:    Content/VehicleBP/Sedan/Materials/M_Vehicle_Sedan_Inst_Tires.uasset
	deleted:    Content/VehicleBP/Sedan/Materials/M_Vehicle_Sedan_Inst_Wheels.uasset
	deleted:    Content/VehicleBP/Sedan/Sedan.uasset
	deleted:    Content/VehicleBP/Sedan/SedanVirtualJoysticks.uasset
	deleted:    Content/VehicleBP/Sedan/Sedan_AnimBP.uasset
	deleted:    Content/VehicleBP/Sedan/Sedan_BackWheel.uasset
	deleted:    Content/VehicleBP/Sedan/Sedan_FrontWheel.uasset
	deleted:    Content/VehicleBP/Sedan/Sedan_PhysMat.uasset
	deleted:    Content/VehicleBP/Sedan/Sedan_PhysicsAsset.uasset
	deleted:    Content/VehicleBP/Sedan/Sedan_SkelMesh.uasset
	deleted:    Content/VehicleBP/Sedan/Sedan_Skeleton.uasset
	deleted:    Content/VehicleBP/Textures/VehicleJoystick_BackgroundL.uasset
	deleted:    Content/VehicleBP/Textures/VehicleJoystick_BackgroundR.uasset
	deleted:    Content/VehicleBP/Tutorial/VehicleBlueprintDetail.uasset
	deleted:    Content/VehicleBP/VehicleOverview.uasset
	modified:   Intermediate/CachedAssetRegistry.bin
	modified:   Intermediate/Config/CoalescedSourceConfigs/Editor.ini
	modified:   Intermediate/Config/CoalescedSourceConfigs/EditorUserSettings.ini
	modified:   Intermediate/Config/CoalescedSourceConfigs/Engine.ini
	modified:   Intermediate/Config/CoalescedSourceConfigs/Game.ini
	modified:   Intermediate/Config/CoalescedSourceConfigs/Input.ini
	modified:   Intermediate/ReimportCache/3688439234.bin
	deleted:    MyProject.uproject
	modified:   Saved/AutoScreenshot.png
	modified:   Saved/Autosaves/PackageRestoreData.json
	deleted:    Saved/Backup/Floor_400x400_2015-04-26-12-15-58.uasset
	deleted:    Saved/Backup/M_Vehicle_Sedan_2015-04-26-17-44-26.uasset
	deleted:    Saved/Backup/VehicleExampleMap_2015-04-26-12-24-49.umap
	deleted:    Saved/Backup/VehicleExampleMap_2015-04-26-17-18-11.umap
	deleted:    Saved/Backup/VehicleExampleMap_2015-04-26-17-44-57.umap
	deleted:    Saved/Backup/VehicleHUD_2015-04-26-17-40-19.uasset
	modified:   Saved/Config/Windows/EditorLayout.ini
	modified:   Saved/Config/Windows/EditorUserSettings.ini
	modified:   Saved/Config/Windows/Engine.ini
	modified:   Saved/Config/Windows/GameUserSettings.ini
	modified:   Saved/Config/Windows/SourceControlSettings.ini
	deleted:    Saved/Config/WorldState/925945667.json
	deleted:    Saved/Logs/MyProject-backup-2015.04.26-17.15.00.log
	deleted:    Saved/Logs/MyProject-backup-2015.04.26-17.16.17.log
	deleted:    Saved/Logs/MyProject-backup-2015.04.26-17.34.00.log
	deleted:    Saved/Logs/MyProject-backup-2015.04.26-17.35.19.log
	deleted:    Saved/Logs/MyProject-backup-2015.04.26-17.38.06.log
	deleted:    Saved/Logs/MyProject-backup-2015.04.26-17.41.37.log
	deleted:    Saved/Logs/MyProject.log
	deleted:    Saved/Thumbs.db

Untracked files:
  (use "git add <file>..." to include in what will be committed)

	Grammatik.uproject

no changes added to commit (use "git add" and/or "git commit -a")
'
[2015.04.27-11.08.31:922][  0]LogSourceControl: RunCommandInternalRaw: 'git symbolic-ref --short HEAD'
[2015.04.27-11.08.31:922][  0]LogSourceControl: RunCommandInternalRaw: ExecProcess ReturnCode=0 OutResults='master
'
[2015.04.27-11.08.31:922][  0]LogCollectionManager: Loaded 0 collections in 0.001902 seconds
[2015.04.27-11.08.31:930][  0]LogContentBrowser: Native class hierarchy populated in 0.0086 seconds. Added 1696 classes and 261 folders.
[2015.04.27-11.08.31:970][  0]LogContentBrowser: Native class hierarchy updated for 'SceneOutliner' in 0.0017 seconds. Added 1 classes and 2 folders.
[2015.04.27-11.08.32:069][  0]LogCrashTracker: Crashtracker disabled due to settings.
[2015.04.27-11.08.32:070][  0]LogSlate:Warning: Failed to load font data from 'Veranda'
[2015.04.27-11.08.32:084][  0]LogUObjectGlobals:Warning: Failed to find object 'Class None.'
[2015.04.27-11.08.32:115][  0]LogLoad: Full Startup: 14.26 seconds (BP compile: 0.53 seconds)
[2015.04.27-11.08.32:489][  0]LogContentBrowser:Verbose: The content browser source was changed by the sources view to '/Game/ThirdPersonBP/Blueprints'
[2015.04.27-11.08.32:554][  0]SourceControl: Info master
[2015.04.27-11.08.32:624][  0]LogRenderer:Warning: Reallocating scene render targets to support 32x32 (Frame:2).
[2015.04.27-11.08.32:849][  0]LogRenderer:Warning: Reallocating scene render targets to support 968x440 (Frame:3).
[2015.04.27-11.08.34:109][  4]LogAssetRegistry: Asset discovery search completed in 6.4718 seconds
[2015.04.27-11.08.35:771][ 10]LogSourceControl: RunCommandInternalRaw: 'git status --porcelain --ignored "C:/Users/Benno/Documents/GitHub/Grammatik/Content/ThirdPersonBP/Blueprints/BP_GroundTile.uasset" "C:/Users/Benno/Documents/GitHub/Grammatik/Content/ThirdPersonBP/Blueprints/BP_Text.uasset" "C:/Users/Benno/Documents/GitHub/Grammatik/Content/ThirdPersonBP/Blueprints/GrammatikGameMode.uasset" "C:/Users/Benno/Documents/GitHub/Grammatik/Content/ThirdPersonBP/Blueprints/Pferd.uasset"'
[2015.04.27-11.08.36:102][ 11]LogSourceControl: RunCommandInternalRaw: ExecProcess ReturnCode=0 OutResults='!! Content/ThirdPersonBP/Blueprints/BP_GroundTile.uasset
!! Content/ThirdPersonBP/Blueprints/BP_Text.uasset
!! Content/ThirdPersonBP/Blueprints/GrammatikGameMode.uasset
!! Content/ThirdPersonBP/Blueprints/Pferd.uasset
'
[2015.04.27-11.08.53:811][763]LogPlayLevel: PIE:  No blueprints needed recompiling
[2015.04.27-11.08.53:811][763]PIE: New page: PIE session: ThirdPersonExampleMap (Apr 27, 2015, 3:08:53 PM)
[2015.04.27-11.08.53:835][763]LogPlayLevel: PIE: StaticDuplicateObject took: (0.024037s)
[2015.04.27-11.08.53:840][763]LogPlayLevel: PIE: World Init took: (0.004362s)
[2015.04.27-11.08.53:841][763]LogPlayLevel: PIE: Created PIE world by copying editor world from /Game/ThirdPersonBP/Maps/ThirdPersonExampleMap.ThirdPersonExampleMap to /Game/ThirdPersonBP/Maps/UEDPIE_0_ThirdPersonExampleMap.ThirdPersonExampleMap (0.029442s)
[2015.04.27-11.08.53:890][763]LogWorld: Game class is 'GrammatikGameMode_C'
[2015.04.27-11.08.53:891][763]LogAIModule: Creating AISystem for world ThirdPersonExampleMap
[2015.04.27-11.08.53:896][763]LogWorld: Bringing World /Game/ThirdPersonBP/Maps/UEDPIE_0_ThirdPersonExampleMap.ThirdPersonExampleMap up for play (max tick rate 60) at 2015.04.27-13.08.53
[2015.04.27-11.08.53:896][763]LogWorld: Bringing up level for play took: 0.004553
[2015.04.27-11.08.53:927][763]PIE: Info Play in editor start time for /Game/ThirdPersonBP/Maps/UEDPIE_0_ThirdPersonExampleMap 0.368
[2015.04.27-11.08.58:344][976]LogActorComponent: UnregisterComponent: (/Engine/Transient.CharMoveComp) Not registered. Aborting.
[2015.04.27-11.08.58:409][976]LogParticles: Destroying 0 GPU particle simulations for FXSystem 0x0000005B38B91E40
[2015.04.27-11.08.59:402][ 34]LogPlayLevel: PIE:  No blueprints needed recompiling
[2015.04.27-11.08.59:403][ 34]PIE: New page: PIE session: ThirdPersonExampleMap (Apr 27, 2015, 3:08:59 PM)
[2015.04.27-11.08.59:430][ 34]LogPlayLevel: PIE: StaticDuplicateObject took: (0.026886s)
[2015.04.27-11.08.59:432][ 34]LogPlayLevel: PIE: World Init took: (0.002175s)
[2015.04.27-11.08.59:433][ 34]LogPlayLevel: PIE: Created PIE world by copying editor world from /Game/ThirdPersonBP/Maps/ThirdPersonExampleMap.ThirdPersonExampleMap to /Game/ThirdPersonBP/Maps/UEDPIE_0_ThirdPersonExampleMap.ThirdPersonExampleMap (0.029892s)
[2015.04.27-11.08.59:472][ 34]LogWorld: Game class is 'GrammatikGameMode_C'
[2015.04.27-11.08.59:473][ 34]LogAIModule: Creating AISystem for world ThirdPersonExampleMap
[2015.04.27-11.08.59:478][ 34]LogWorld: Bringing World /Game/ThirdPersonBP/Maps/UEDPIE_0_ThirdPersonExampleMap.ThirdPersonExampleMap up for play (max tick rate 60) at 2015.04.27-13.08.59
[2015.04.27-11.08.59:479][ 34]LogWorld: Bringing up level for play took: 0.004661
[2015.04.27-11.08.59:501][ 34]PIE: Info Play in editor start time for /Game/ThirdPersonBP/Maps/UEDPIE_0_ThirdPersonExampleMap -0.058
[2015.04.27-11.09.04:020][229]LogParticles: Destroying 0 GPU particle simulations for FXSystem 0x0000005B38B90680
[2015.04.27-11.09.09:948][573]LogSourceControl: RunCommandInternalRaw: 'git status --porcelain --ignored "C:/Users/Benno/Documents/GitHub/Grammatik/Content/ThirdPersonBP/Blueprints/BP_Interface.uasset" "C:/Users/Benno/Documents/GitHub/Grammatik/Content/ThirdPersonBP/Blueprints/BP_Rock.uasset"'
[2015.04.27-11.09.09:976][574]LogSourceControl: RunCommandInternalRaw: ExecProcess ReturnCode=0 OutResults='!! Content/ThirdPersonBP/Blueprints/BP_Interface.uasset
!! Content/ThirdPersonBP/Blueprints/BP_Rock.uasset
'
[2015.04.27-11.09.27:581][329]LogContentBrowser:Verbose: The content browser source was changed by the sources view to '/Game/ThirdPersonBP/Maps'
[2015.04.27-11.09.28:617][375]LogSourceControl: RunCommandInternalRaw: 'git status --porcelain --ignored "C:/Users/Benno/Documents/GitHub/Grammatik/Content/ThirdPersonBP/Maps/ThirdPersonExampleMap.umap" "C:/Users/Benno/Documents/GitHub/Grammatik/Content/ThirdPersonBP/Maps/World.umap"'
[2015.04.27-11.09.28:678][377]LogSourceControl: RunCommandInternalRaw: ExecProcess ReturnCode=0 OutResults='!! Content/ThirdPersonBP/Maps/ThirdPersonExampleMap.umap
!! Content/ThirdPersonBP/Maps/World.umap
'
[2015.04.27-11.09.30:657][465]LogActorComponent: UnregisterComponent: (/Engine/Transient.CharMoveComp) Not registered. Aborting.
[2015.04.27-11.09.32:305][465]LightingResults: New page: Lighting Build
[2015.04.27-11.09.32:306][465]MapCheck: New page: Map Check
[2015.04.27-11.09.32:306][465]LightingResults: New page: Lighting Build
[2015.04.27-11.09.32:337][465]LogParticles: Destroying 0 GPU particle simulations for FXSystem 0x0000005B313DF920
[2015.04.27-11.09.32:337][465]LogParticles: Destroying 0 GPU particle simulations for FXSystem 0x0000005B43E95C60
[2015.04.27-11.09.32:337][465]LogParticles: Destroying 0 GPU particle simulations for FXSystem 0x0000005B49A9F920
[2015.04.27-11.09.32:338][465]LogParticles: Destroying 0 GPU particle simulations for FXSystem 0x0000005B4D5AB7E0
[2015.04.27-11.09.32:338][465]LogParticles: Destroying 0 GPU particle simulations for FXSystem 0x0000005B4DD2F380
[2015.04.27-11.09.32:338][465]LogParticles: Destroying 0 GPU particle simulations for FXSystem 0x0000005B4E4C3380
[2015.04.27-11.09.32:347][465]LogAIModule: Creating AISystem for world NewWorld
[2015.04.27-11.09.32:366][465]LoadErrors: New page: New Map
[2015.04.27-11.09.32:467][465]LogActorComponent: RegisterComponentWithWorld: (/Game/ThirdPersonBP/Maps/ThirdPersonExampleMap.ThirdPersonExampleMap:PersistentLevel.Pferd_C_0.StaticMeshComponent_23) Specifying a world, but an Owner Actor found, and InWorld is not GetOwner()->GetWorld()
[2015.04.27-11.09.32:467][465]LogActorComponent: RegisterComponentWithWorld: (/Game/ThirdPersonBP/Maps/ThirdPersonExampleMap.ThirdPersonExampleMap:PersistentLevel.Pferd_C_0.DrawFrustumComponent_12) Specifying a world, but an Owner Actor found, and InWorld is not GetOwner()->GetWorld()
[2015.04.27-11.09.32:580][465]LogSourceControl: RunCommandInternalRaw: 'git status --porcelain --ignored "C:/Users/Benno/Documents/GitHub/Grammatik/Content/ThirdPersonBP/Maps/ThirdPersonExampleMap.umap"'
[2015.04.27-11.09.32:603][465]LogSourceControl: RunCommandInternalRaw: ExecProcess ReturnCode=0 OutResults='!! Content/ThirdPersonBP/Maps/ThirdPersonExampleMap.umap
'
[2015.04.27-11.09.32:738][465]LogCrashTracker: 


[2015.04.27-11.09.49:412][465]LogCrashTracker: 


[2015.04.27-11.09.49:412][465]LogWindows: === Critical error: ===
Fatal error!

Unhandled Exception: EXCEPTION_ACCESS_VIOLATION reading address 0x00000180

UE4Editor-BlueprintGraph.dll!FBlueprintActionDatabase::RefreshAssetActions() (0x00007ffda6d1c7f9) + 14 bytes [d:\buildfarm\buildmachine_++depot+ue4-releases+4.7\engine\source\editor\blueprintgraph\private\blueprintactiondatabase.cpp:1121]
UE4Editor-BlueprintGraph.dll!FBlueprintActionDatabase::Tick() (0x00007ffda6d2b3cc) + 0 bytes [d:\buildfarm\buildmachine_++depot+ue4-releases+4.7\engine\source\editor\blueprintgraph\private\blueprintactiondatabase.cpp:948]
UE4Editor-UnrealEd.dll!FTickableEditorObject::TickObjects() (0x00007ffd9e1af504) + 0 bytes [d:\buildfarm\buildmachine_++depot+ue4-releases+4.7\engine\source\editor\unrealed\public\tickableeditorobject.h:15]
UE4Editor-UnrealEd.dll!UEditorEngine::Tick() (0x00007ffd9e1ad573) + 0 bytes [d:\buildfarm\buildmachine_++depot+ue4-releases+4.7\engine\source\editor\unrealed\private\editor.cpp:1110]
UE4Editor-UnrealEd.dll!UUnrealEdEngine::Tick() (0x00007ffd9e668306) + 0 bytes [d:\buildfarm\buildmachine_++depot+ue4-releases+4.7\engine\source\editor\unrealed\private\unrealedengine.cpp:347]
UE4Editor.exe!FEngineLoop::Tick() (0x00007ff63a910263) + 0 bytes [d:\buildfarm\buildmachine_++depot+ue4-releases+4.7\engine\source\runtime\launch\private\launchengineloop.cpp:2257]
UE4Editor.exe!GuardedMain() (0x00007ff63a90267c) + 0 bytes [d:\buildfarm\buildmachine_++depot+ue4-releases+4.7\engine\source\runtime\launch\private\launch.cpp:142]
UE4Editor.exe!GuardedMainWrapper() (0x00007ff63a9026ea) + 5 bytes [d:\buildfarm\buildmachine_++depot+ue4-releases+4.7\engine\source\runtime\launch\private\windows\launchwindows.cpp:126]
UE4Editor.exe!WinMain() (0x00007ff63a912219) + 17 bytes [d:\buildfarm\buildmachine_++depot+ue4-releases+4.7\engine\source\runtime\launch\private\windows\launchwindows.cpp:202]
UE4Editor.exe!__tmainCRTStartup() (0x00007ff63a913159) + 21 bytes [f:\dd\vctools\crt\crtw32\dllstuff\crtexe.c:618]
KERNEL32.DLL!UnknownFunction (0x00007ffdd56113d2) + 0 bytes [UnknownFile:0]
ntdll.dll!UnknownFunction (0x00007ffdd6865444) + 0 bytes [UnknownFile:0]
ntdll.dll!UnknownFunction (0x00007ffdd6865444) + 0 bytes [UnknownFile:0]


[2015.04.27-11.09.49:541][465]LogExit: Executing StaticShutdownAfterError
[2015.04.27-11.09.49:546][465]LogWindows: FPlatformMisc::RequestExit(1)
[2015.04.27-11.09.49:547][465]Log file closed, 04/27/15 13:09:49
