Log file open, 04/26/15 17:41:37
LogInit:Display: Running engine for game: MyProject
LogInit: Version: 4.7.6-2513093+++depot+UE4-Releases+4.7
LogInit: API Version: 2455222
LogInit: Compiled (64-bit): Apr 15 2015 12:09:54
LogInit: Compiled with Visual C++: 18.00.21005.01
LogInit: Build Configuration: Development
LogInit: Branch Name: ++depot+UE4-Releases+4.7
LogInit: Command line:  
LogInit: Base directory: C:/Program Files/Epic Games/4.7/Engine/Binaries/Win64/
LogInit: Rocket: 1
[2015.04.26-15.41.37:551][  0]LogTaskGraph: Started task graph with 3 named threads and 4 total threads.
[2015.04.26-15.41.37:588][  0]LogOnline:Warning: No default platform service specified for OnlineSubsystem
[2015.04.26-15.41.37:608][  0]LogInit: Presizing for 0 objects not considered by GC, pre-allocating 0 bytes.
[2015.04.26-15.41.37:620][  0]LogInit: Object subsystem initialized
[2015.04.26-15.41.37:622][  0]LogConsoleResponse:Warning: Skipping Unknown console variable: 'TranslucentSortAxis = (X=0.000000,Y=-1.000000,Z=0.000000)'
[2015.04.26-15.41.37:622][  0]LogConsoleResponse:Warning:   Found in ini file 'C:/Users/Julia/Documents/GitHub/MyProject/Saved/Config/Windows/Engine.ini', in section '[/Script/Engine.RendererSettings]'
[2015.04.26-15.41.37:622][  0]LogConsoleResponse:Warning: Skipping Unknown console variable: 'UIScaleRule = ShortestSide'
[2015.04.26-15.41.37:622][  0]LogConsoleResponse:Warning:   Found in ini file 'C:/Users/Julia/Documents/GitHub/MyProject/Saved/Config/Windows/Engine.ini', in section '[/Script/Engine.RendererSettings]'
[2015.04.26-15.41.37:622][  0]LogConsoleResponse:Warning: Skipping Unknown console variable: 'UIScaleCurve = (EditorCurveData=(Keys=),ExternalCurve=None)'
[2015.04.26-15.41.37:622][  0]LogConsoleResponse:Warning:   Found in ini file 'C:/Users/Julia/Documents/GitHub/MyProject/Saved/Config/Windows/Engine.ini', in section '[/Script/Engine.RendererSettings]'
[2015.04.26-15.41.37:623][  0]LogInit: Selected Device Profile: [Windows]
[2015.04.26-15.41.37:623][  0]LogInit: Applying CVar settings loaded from the selected device profile: [Windows]
[2015.04.26-15.41.37:631][  0]LogInit: Computer: JULIA-LAPTOP
[2015.04.26-15.41.37:631][  0]LogInit: User: Julia
[2015.04.26-15.41.37:631][  0]LogInit: CPU Page size=4096, Cores=2
[2015.04.26-15.41.37:631][  0]LogInit: High frequency timer resolution =2.435937 MHz
[2015.04.26-15.41.37:631][  0]LogMemory: Memory total: Physical=5.9GB (6GB approx) Virtual=8192.0GB
[2015.04.26-15.41.37:631][  0]LogMemory: Platform Memory Stats for Windows
[2015.04.26-15.41.37:631][  0]LogMemory: Process Physical Memory: 46.93 MB used, 46.93 MB peak
[2015.04.26-15.41.37:631][  0]LogMemory: Process Virtual Memory: 23.28 MB used, 23.28 MB peak
[2015.04.26-15.41.37:631][  0]LogMemory: Physical Memory: 4099.01 MB used, 6002.92 MB total
[2015.04.26-15.41.37:631][  0]LogMemory: Virtual Memory: 272.72 MB used, 8388608.00 MB total
[2015.04.26-15.41.37:683][  0]LogD3D11RHI: Found D3D11 adapter 0: Intel(R) HD Graphics 4000 (Feature Level 11_0)
[2015.04.26-15.41.37:683][  0]LogD3D11RHI: Adapter has 64MB of dedicated video memory, 0MB of dedicated system memory, and 1632MB of shared system memory, 1 output[s]
[2015.04.26-15.41.37:683][  0]LogD3D11RHI: Chosen D3D11 Adapter Id = 0
[2015.04.26-15.41.37:689][  0]LogRHI: Texture pool is 616 MB (70% of 880 MB)
[2015.04.26-15.41.37:709][  0]LogD3D11RHI: Async texture creation enabled
[2015.04.26-15.41.37:796][  0]LogTextLocalizationManager: The requested culture ('de_DE') has no localization data; falling back to 'en' for localization and internationalization data.
[2015.04.26-15.41.37:926][  0]LogTextLocalizationManager:Warning: Loading localization resources contain conflicting entries for (Namespace:UICommands, Key:Save_ToolTip):
Resource: (C:/Program Files/Epic Games/4.7/Engine/Content/Localization/Editor/en/Editor.locres) Hash: (-29098895) String: (Saves the current level to disk)
Resource: (C:/Program Files/Epic Games/4.7/Engine/Content/Localization/Engine/en/Engine.locres) Hash: (-1280300587) String: (Save selected data to vlog file)
[2015.04.26-15.41.37:926][  0]LogTextLocalizationManager:Warning: Loading localization resources contain conflicting entries for (Namespace:ContentBrowser, Key:ImportAssetToolTip):
Resource: (C:/Program Files/Epic Games/4.7/Engine/Content/Localization/Editor/en/Editor.locres) Hash: (-630476809) String: (Import to {0}...)
Resource: (C:/Program Files/Epic Games/4.7/Engine/Content/Localization/Editor/en/Editor.locres) Hash: (1271782899) String: (Imports an asset from file to this folder.)
[2015.04.26-15.41.38:032][  0]LogContentStreaming: Texture pool size is 0.000000MB
[2015.04.26-15.41.40:986][  0]LogTargetPlatformManager:Display: Building Assets For Windows
[2015.04.26-15.41.41:765][  0]LogTargetPlatformManager:Display: Building Assets For Windows
[2015.04.26-15.41.41:850][  0]LogDerivedDataCache:Display: Max Cache Size: 512 MB
[2015.04.26-15.41.41:894][  0]LogDerivedDataCache: Loaded boot cache 0.04s 39MB C:/Users/Julia/AppData/Local/UnrealEngine/4.7/DerivedDataCache/Boot.ddc.
[2015.04.26-15.41.41:894][  0]LogDerivedDataCache:Display: Loaded Boot cache: C:/Users/Julia/AppData/Local/UnrealEngine/4.7/DerivedDataCache/Boot.ddc
[2015.04.26-15.41.41:894][  0]LogDerivedDataCache: FDerivedDataBackendGraph:  Pak pak cache file ../../../../../../Users/Julia/Documents/GitHub/MyProject/DerivedDataCache/DDC.ddp not found, will not use a pak cache.
[2015.04.26-15.41.41:894][  0]LogDerivedDataCache: Unable to find inner node Pak for hierarchical cache Hierarchy.
[2015.04.26-15.41.42:043][  0]LogDerivedDataCache:Display: Pak cache opened for reading ../../../Engine/DerivedDataCache/Compressed.ddp.
[2015.04.26-15.41.42:058][  0]LogDerivedDataCache: Using Local data cache path C:/Users/Julia/AppData/Local/UnrealEngine/Common/DerivedDataCache: Writable
[2015.04.26-15.41.42:527][  0]LogMeshUtilities: No automatic mesh reduction module available
[2015.04.26-15.41.42:527][  0]LogMeshUtilities: No automatic mesh merging module available
[2015.04.26-15.41.43:018][  0]LogInit: WinSock: version 1.1 (2.2), MaxSocks=32767, MaxUdp=65467
[2015.04.26-15.41.43:132][  0]LogSlate:Warning: Failed to load font data from '../../../Engine/Content/Slate/Fonts/Roboto-Italic.ttf'
[2015.04.26-15.41.44:503][  0]UdpMessaging: Initializing bridge on interface 0.0.0.0:0 to multicast group 230.0.0.1:6666.
[2015.04.26-15.41.44:791][  0]SourceControl: Info Source control is disabled
[2015.04.26-15.41.44:791][  0]SourceControl: Info Source control is disabled
[2015.04.26-15.41.44:791][  0]SourceControl: Info Source control is disabled
[2015.04.26-15.41.44:791][  0]LogSourceControl: RunCommandInternalRaw: 'git version'
[2015.04.26-15.41.44:792][  0]LogSourceControl: RunCommandInternalRaw: ExecProcess ReturnCode=2 OutResults=''
[2015.04.26-15.41.44:805][  0]SourceControl: Info Source control is disabled
[2015.04.26-15.41.45:079][  0]LogObj: 24232 objects as part of root set at end of initial load.
[2015.04.26-15.41.45:079][  0]LogUObjectAllocator: 5137176 out of 0 bytes used by permanent object pool.
[2015.04.26-15.41.45:182][  0]LogEngine: Initializing Engine...
[2015.04.26-15.41.47:407][  0]LogInit: XAudio2 using 'Lautsprecher (Conexant SmartAudio HD)' : 2 channels at 48 kHz using 32 bits per sample (channel mask 0x3)
[2015.04.26-15.41.47:418][  0]LogInit: FAudioDevice initialized.
[2015.04.26-15.41.47:472][  0]LogAIModule: Creating AISystem for world NewWorld
[2015.04.26-15.41.47:497][  0]LogDerivedDataCache: Saved boot cache 0.02s 39MB C:/Users/Julia/AppData/Local/UnrealEngine/4.7/DerivedDataCache/Boot.ddc.
[2015.04.26-15.41.47:501][  0]LogInit: Texture streaming: Enabled
[2015.04.26-15.41.47:631][  0]LogAnalytics: Creating configured Analytics provider AnalyticsET
[2015.04.26-15.41.47:631][  0]LogAnalytics: ET APIKey = Rocket.Release. APIServer = http://et2.epicgames.com/ET2/. AppVersion = 4.7.6-2513093+++depot+UE4-Releases+4.7
[2015.04.26-15.41.47:631][  0]LogAnalytics: ET APIKey = Rocket.Release. DataRouterUploadURL = https://datarouter-public-service-gamedev.ol.epicgames.net/datarouter/api/v1/public/data. AppVersion = 4.7.6-2513093+++depot+UE4-Releases+4.7
[2015.04.26-15.41.47:631][  0]LogAnalytics: SetUserId 258c484a4356f31f399d94975cb9c330|0e5824b1e13449eea755d55dd689a1a3|d17cefa2-9ca8-4f6e-9b98-256428fec4a3
[2015.04.26-15.41.47:631][  0]LogAnalytics: AnalyticsET::StartSession [Rocket.Release]
[2015.04.26-15.41.47:663][  0]LogInit: Transaction tracking system initialized
[2015.04.26-15.41.47:910][  0]BlueprintLog: New page: Editor Load
[2015.04.26-15.41.47:955][  0]LogAssetRegistry: FAssetRegistry took 0.0102 seconds to start up
[2015.04.26-15.41.47:955][  0]LogDirectoryWatcher:Warning: Failed to begin reading directory changes for ../../../Engine/Plugins/Experimental/CharacterAI/Content/. Error: 0
[2015.04.26-15.41.48:785][  0]LogTargetPlatformManager:Display: Building Assets For Windows
[2015.04.26-15.41.49:369][  0]LogTargetPlatformManager:Display: Building Assets For Windows
[2015.04.26-15.41.49:800][  0]LogSlate:Warning: Failed to load font data from '../../../Engine/Content/Editor/Slate/Fonts/Roboto-Regular.ttf'
[2015.04.26-15.41.49:801][  0]LogSlate:Warning: Failed to load font data from '../../../Engine/Content/Editor/Slate/Fonts/Roboto-Bold.ttf'
[2015.04.26-15.41.49:807][  0]LogConsoleResponse:Display: 
[2015.04.26-15.41.50:039][  0]LogCook:Display: Done creating registry. It took  0.00s.
[2015.04.26-15.41.50:319][  0]SourceControl: Info Source control is disabled
[2015.04.26-15.41.50:319][  0]Cmd: MAP LOAD FILE="../../../../../../Users/Julia/Documents/GitHub/MyProject/Content/VehicleBP/Maps/VehicleExampleMap.umap" TEMPLATE=0 SHOWPROGRESS=1 FEATURELEVEL=3
[2015.04.26-15.41.50:320][  0]LightingResults: New page: Lighting Build
[2015.04.26-15.41.50:341][  0]MapCheck: New page: Map Check
[2015.04.26-15.41.50:341][  0]LightingResults: New page: Lighting Build
[2015.04.26-15.41.50:363][  0]LogParticles: Destroying 0 GPU particle simulations for FXSystem 0x0000000003C02980
[2015.04.26-15.41.52:417][  0]LogEditorServer: Finished looking for orphan Actors (0.000 secs)
[2015.04.26-15.41.53:068][  0]LogAIModule: Creating AISystem for world VehicleExampleMap
[2015.04.26-15.41.53:069][  0]Cmd: MAP CHECKDEP
[2015.04.26-15.41.53:069][  0]MapCheck: New page: VehicleExampleMap - Apr 26, 2015, 7:41:53 PM
[2015.04.26-15.41.53:242][  0]MapCheck: Info Map check complete: 0 Error(s), 0 Warning(s), took 173.329ms to complete.
[2015.04.26-15.41.53:242][  0]LogFileHelpers: Loading map 'VehicleExampleMap' took 2.923
[2015.04.26-15.41.53:422][  0]LogCollectionManager: Loaded 0 collections in 0.002175 seconds
[2015.04.26-15.41.53:441][  0]LogContentBrowser: Native class hierarchy populated in 0.0186 seconds. Added 1696 classes and 261 folders.
[2015.04.26-15.41.53:493][  0]LogContentBrowser: Native class hierarchy updated for 'SceneOutliner' in 0.0030 seconds. Added 1 classes and 2 folders.
[2015.04.26-15.41.53:577][  0]LogCrashTracker: Crashtracker disabled due to settings.
[2015.04.26-15.41.53:579][  0]LogSlate:Warning: Failed to load font data from 'Veranda'
[2015.04.26-15.41.53:584][  0]LogUObjectGlobals:Warning: Failed to find object 'Class None.'
[2015.04.26-15.41.53:639][  0]LogLoad: Full Startup: 18.27 seconds (BP compile: 0.49 seconds)
[2015.04.26-15.41.54:040][  0]LogContentBrowser:Verbose: The content browser source was changed by the sources view to '/Game/VehicleBP/Meshes'
[2015.04.26-15.41.54:260][  0]LogRenderer:Warning: Reallocating scene render targets to support 856x376 (Frame:2).
[2015.04.26-15.41.57:552][  8]LogAssetRegistry: Asset discovery search completed in 9.6067 seconds
[2015.04.26-15.41.59:399][174]LogPlayLevel: PIE:  No blueprints needed recompiling
[2015.04.26-15.41.59:400][174]PIE: New page: PIE session: VehicleExampleMap (Apr 26, 2015, 7:41:59 PM)
[2015.04.26-15.41.59:446][174]LogPlayLevel: PIE: StaticDuplicateObject took: (0.045337s)
[2015.04.26-15.41.59:447][174]LogPlayLevel: PIE: World Init took: (0.001482s)
[2015.04.26-15.41.59:447][174]LogPlayLevel: PIE: Created PIE world by copying editor world from /Game/VehicleBP/Maps/VehicleExampleMap.VehicleExampleMap to /Game/VehicleBP/Maps/UEDPIE_0_VehicleExampleMap.VehicleExampleMap (0.047070s)
[2015.04.26-15.41.59:506][174]LogWorld: Game class is 'VehicleGameMode_C'
[2015.04.26-15.41.59:509][174]LogAIModule: Creating AISystem for world VehicleExampleMap
[2015.04.26-15.41.59:525][174]LogWorld: Bringing World /Game/VehicleBP/Maps/UEDPIE_0_VehicleExampleMap.VehicleExampleMap up for play (max tick rate 0) at 2015.04.26-17.41.59
[2015.04.26-15.41.59:527][174]LogWorld: Bringing up level for play took: 0.017326
[2015.04.26-15.41.59:529][174]PIE: Info Play in editor start time for /Game/VehicleBP/Maps/UEDPIE_0_VehicleExampleMap 1.092
[2015.04.26-15.43.06:975][222]LogContentBrowser:Verbose: The content browser source was changed by the sources view to '/Game/VehicleBP/Blueprints'
[2015.04.26-15.43.10:978][342]LogParticles: Destroying 0 GPU particle simulations for FXSystem 0x0000000032EC2FC0
[2015.04.26-15.43.12:663][527]LogEditorViewport: Clicking on Actor (LMB): Sedan_C (Sedan)
[2015.04.26-15.43.16:449][858]LogEditorViewport: Clicking on Actor (LMB): Sedan_C (Sedan)
[2015.04.26-15.43.16:563][861]LogEditorViewport: Clicking on Component (LMB): SkeletalMeshComponent (VehicleMesh)
[2015.04.26-15.43.38:962][413]LogMaterial: Missing cached shader map for material M_Vehicle_Sedan, compiling. 
[2015.04.26-15.43.39:035][413]LogActorComponent: UnregisterComponent: (/Engine/Transient.SkeletalMeshComponent_0) Not registered. Aborting.
[2015.04.26-15.43.39:106][413]LogActorComponent: UnregisterComponent: (/Engine/Transient.SkeletalMeshComponent_0) Not registered. Aborting.
[2015.04.26-15.43.39:106][413]LogActorComponent: RegisterComponentWithWorld: (/Engine/Transient.MaterialEditorMeshComponent_0) Already registered. Aborting.
[2015.04.26-15.43.39:114][413]LogMaterial: Missing cached shader map for material M_Vehicle_Sedan, compiling. 
[2015.04.26-15.43.39:137][413]LogMaterial: 0.000041 seconds spent updating 1 materials, 1 interfaces, 0 instances, 0 with static permutations.
[2015.04.26-15.43.39:163][413]LogMaterial: Missing cached shader map for material FMatExpressionPreview MaterialExpressionVectorParameter_0, compiling. 
[2015.04.26-15.43.59:192][157]LogMaterial: Missing cached shader map for material M_Vehicle_Sedan, compiling. 
[2015.04.26-15.43.59:223][157]LogMaterial: 0.002627 seconds spent updating 1 materials, 1 interfaces, 0 instances, 0 with static permutations.
[2015.04.26-15.43.59:258][157]LogMaterial: Missing cached shader map for material FMatExpressionPreview MaterialExpressionVectorParameter_0, compiling. 
[2015.04.26-15.43.59:312][159]MaterialEditorStats: Info Base pass shader with static lighting: 73 instructions
[2015.04.26-15.43.59:312][159]MaterialEditorStats: Info Base pass shader with only dynamic lighting: 42 instructions
[2015.04.26-15.43.59:312][159]MaterialEditorStats: Info Vertex shader: 31 instructions
[2015.04.26-15.43.59:312][159]MaterialEditorStats: Info Texture samplers: 2/16
[2015.04.26-15.43.59:500][166]LogMaterial: Missing cached shader map for material M_Vehicle_Sedan, compiling. 
[2015.04.26-15.43.59:525][166]LogMaterial: 0.000102 seconds spent updating 1 materials, 1 interfaces, 0 instances, 0 with static permutations.
[2015.04.26-15.43.59:590][166]LogMaterial: Missing cached shader map for material FMatExpressionPreview MaterialExpressionVectorParameter_0, compiling. 
[2015.04.26-15.44.00:476][191]LogMaterial: Missing cached shader map for material M_Vehicle_Sedan, compiling. 
[2015.04.26-15.44.00:500][191]LogMaterial: 0.000229 seconds spent updating 1 materials, 1 interfaces, 0 instances, 0 with static permutations.
[2015.04.26-15.44.00:543][191]LogMaterial: Missing cached shader map for material FMatExpressionPreview MaterialExpressionVectorParameter_0, compiling. 
[2015.04.26-15.44.06:434][411]LogMaterialEditor: Saving and Compiling material M_Vehicle_Sedan
[2015.04.26-15.44.09:675][411]LogMaterial: Missing cached shader map for material M_Vehicle_Sedan, compiling. 
[2015.04.26-15.44.09:744][411]LogMaterial: 0.000069 seconds spent updating 1 materials, 1 interfaces, 0 instances, 0 with static permutations.
[2015.04.26-15.44.09:816][411]LogMaterial: Missing cached shader map for material M_Vehicle_Sedan, compiling. 
[2015.04.26-15.44.09:916][411]LogMaterial: Missing cached shader map for material M_Vehicle_Sedan, compiling. 
[2015.04.26-15.44.09:971][411]LogMaterial: Missing cached shader map for material M_Vehicle_Sedan, compiling. 
[2015.04.26-15.44.10:010][411]LogMaterial: 0.041398 seconds spent updating 1 materials, 1 interfaces, 6 instances, 1 with static permutations.
[2015.04.26-15.44.28:132][411]LogSavePackage: Save=1181.523193ms
[2015.04.26-15.44.28:132][411]LogSavePackage: Moving '../../../../../../Users/Julia/Documents/GitHub/MyProject/Saved/M_Vehicle_Sedan445CFB95490BB8A58CBC2D9EF27EE64F.tmp' to '../../../../../../Users/Julia/Documents/GitHub/MyProject/Content/VehicleBP/Sedan/Materials/M_Vehicle_Sedan.uasset'
[2015.04.26-15.44.28:258][412]MaterialEditorStats: Info Base pass shader with static lighting: 98 instructions
[2015.04.26-15.44.28:258][412]MaterialEditorStats: Info Base pass shader with only dynamic lighting: 67 instructions
[2015.04.26-15.44.28:258][412]MaterialEditorStats: Info Vertex shader: 31 instructions
[2015.04.26-15.44.28:258][412]MaterialEditorStats: Info Texture samplers: 3/16
[2015.04.26-15.44.43:356][161]LogPlayLevel: PIE:  No blueprints needed recompiling
[2015.04.26-15.44.43:356][161]PIE: New page: PIE session: VehicleExampleMap (Apr 26, 2015, 7:44:43 PM)
[2015.04.26-15.44.43:399][161]LogPlayLevel: PIE: StaticDuplicateObject took: (0.042051s)
[2015.04.26-15.44.43:400][161]LogPlayLevel: PIE: World Init took: (0.001475s)
[2015.04.26-15.44.43:401][161]LogPlayLevel: PIE: Created PIE world by copying editor world from /Game/VehicleBP/Maps/VehicleExampleMap.VehicleExampleMap to /Game/VehicleBP/Maps/UEDPIE_0_VehicleExampleMap.VehicleExampleMap (0.043963s)
[2015.04.26-15.44.43:468][161]LogWorld: Game class is 'VehicleGameMode_C'
[2015.04.26-15.44.43:471][161]LogAIModule: Creating AISystem for world VehicleExampleMap
[2015.04.26-15.44.43:488][161]LogWorld: Bringing World /Game/VehicleBP/Maps/UEDPIE_0_VehicleExampleMap.VehicleExampleMap up for play (max tick rate 0) at 2015.04.26-17.44.43
[2015.04.26-15.44.43:489][161]LogWorld: Bringing up level for play took: 0.018143
[2015.04.26-15.44.43:491][161]PIE: Info Play in editor start time for /Game/VehicleBP/Maps/UEDPIE_0_VehicleExampleMap 1.05
[2015.04.26-15.44.56:772][563]LogParticles: Destroying 0 GPU particle simulations for FXSystem 0x000000000FE5B2E0
[2015.04.26-15.45.02:058][632]LogSavePackage: Save=4116.584961ms
[2015.04.26-15.45.02:059][632]LogSavePackage: Moving '../../../../../../Users/Julia/Documents/GitHub/MyProject/Saved/VehicleExampleMapB167ADE94F9B51772FA015B78C7206E3.tmp' to '../../../../../../Users/Julia/Documents/GitHub/MyProject/Content/VehicleBP/Maps/VehicleExampleMap.umap'
[2015.04.26-15.45.02:109][632]LogFileHelpers: Saving map 'VehicleExampleMap' took 4.398
[2015.04.26-15.45.05:090][854]Cmd: QUIT_EDITOR
[2015.04.26-15.45.05:401][854]LogExit: Preparing to exit.
[2015.04.26-15.45.05:775][854]LogExit: Editor shut down
[2015.04.26-15.45.05:776][854]LogExit: Transaction tracking system shut down
[2015.04.26-15.45.05:776][854]LogParticles: Destroying 0 GPU particle simulations for FXSystem 0x0000000019548A40
[2015.04.26-15.45.05:777][854]LogParticles: Destroying 0 GPU particle simulations for FXSystem 0x000000003374A8E0
[2015.04.26-15.45.05:781][854]LogParticles: Destroying 0 GPU particle simulations for FXSystem 0x000000003435EDE0
[2015.04.26-15.45.05:781][854]LogParticles: Destroying 0 GPU particle simulations for FXSystem 0x000000003435EA20
[2015.04.26-15.45.05:781][854]LogParticles: Destroying 0 GPU particle simulations for FXSystem 0x0000000019AD1580
[2015.04.26-15.45.05:781][854]LogParticles: Destroying 0 GPU particle simulations for FXSystem 0x0000000013F07A60
[2015.04.26-15.45.05:862][854]LogParticles: Destroying 0 GPU particle simulations for FXSystem 0x000000000FE35D00
[2015.04.26-15.45.05:862][854]LogExit: Object subsystem successfully closed.
[2015.04.26-15.45.05:932][854]LogModuleManager: Shutting down and abandoning module MaterialEditor (178)
[2015.04.26-15.45.05:932][854]LogModuleManager: Shutting down and abandoning module CrashTracker (177)
[2015.04.26-15.45.05:932][854]LogModuleManager: Shutting down and abandoning module SuperSearch (176)
[2015.04.26-15.45.05:932][854]LogModuleManager: Shutting down and abandoning module SceneOutliner (175)
[2015.04.26-15.45.05:932][854]LogModuleManager: Shutting down and abandoning module EditorWidgets (174)
[2015.04.26-15.45.05:932][854]LogModuleManager: Shutting down and abandoning module CollectionManager (173)
[2015.04.26-15.45.05:933][854]LogModuleManager: Shutting down and abandoning module StatsViewer (172)
[2015.04.26-15.45.05:933][854]LogModuleManager: Shutting down and abandoning module FoliageEdit (171)
[2015.04.26-15.45.05:933][854]LogModuleManager: Shutting down and abandoning module LandscapeEditor (170)
[2015.04.26-15.45.05:933][854]LogModuleManager: Shutting down and abandoning module MeshPaint (169)
[2015.04.26-15.45.05:933][854]LogModuleManager: Shutting down and abandoning module ActorPickerMode (168)
[2015.04.26-15.45.05:933][854]LogModuleManager: Shutting down and abandoning module GeometryMode (167)
[2015.04.26-15.45.05:933][854]LogModuleManager: Shutting down and abandoning module TextureAlignMode (166)
[2015.04.26-15.45.05:933][854]LogModuleManager: Shutting down and abandoning module BspMode (165)
[2015.04.26-15.45.05:933][854]LogModuleManager: Shutting down and abandoning module PlacementMode (164)
[2015.04.26-15.45.05:933][854]LogModuleManager: Shutting down and abandoning module AutomationWorker (163)
[2015.04.26-15.45.05:933][854]LogModuleManager: Shutting down and abandoning module CharacterAI (162)
[2015.04.26-15.45.05:933][854]LogModuleManager: Shutting down and abandoning module SmartSnapping (161)
[2015.04.26-15.45.05:933][854]LogModuleManager: Shutting down and abandoning module ViewportSnapping (160)
[2015.04.26-15.45.05:933][854]LogModuleManager: Shutting down and abandoning module LogVisualizer (159)
[2015.04.26-15.45.05:933][854]LogModuleManager: Shutting down and abandoning module GameProjectGeneration (158)
[2015.04.26-15.45.05:933][854]LogModuleManager: Shutting down and abandoning module IntroTutorials (157)
[2015.04.26-15.45.05:933][854]LogModuleManager: Shutting down and abandoning module EditorLiveStreaming (156)
[2015.04.26-15.45.05:933][854]LogModuleManager: Shutting down and abandoning module HardwareTargeting (155)
[2015.04.26-15.45.05:933][854]LogModuleManager: Shutting down and abandoning module DeviceProfileEditor (154)
[2015.04.26-15.45.05:933][854]LogModuleManager: Shutting down and abandoning module UndoHistory (153)
[2015.04.26-15.45.05:933][854]LogModuleManager: Shutting down and abandoning module GameplayTagsEditor (152)
[2015.04.26-15.45.05:933][854]LogModuleManager: Shutting down and abandoning module UserFeedback (151)
[2015.04.26-15.45.05:933][854]LogModuleManager: Shutting down and abandoning module XmlParser (150)
[2015.04.26-15.45.05:933][854]LogModuleManager: Shutting down and abandoning module Blutility (149)
[2015.04.26-15.45.05:933][854]LogModuleManager: Shutting down and abandoning module IOSPlatformEditor (148)
[2015.04.26-15.45.05:933][854]LogModuleManager: Shutting down and abandoning module IOSRuntimeSettings (147)
[2015.04.26-15.45.05:933][854]LogModuleManager: Shutting down and abandoning module AndroidDeviceDetection (146)
[2015.04.26-15.45.06:574][854]LogModuleManager: Shutting down and abandoning module AndroidPlatformEditor (145)
[2015.04.26-15.45.06:574][854]LogModuleManager: Shutting down and abandoning module AndroidRuntimeSettings (144)
[2015.04.26-15.45.06:574][854]LogModuleManager: Shutting down and abandoning module ProjectTargetPlatformEditor (143)
[2015.04.26-15.45.06:574][854]LogModuleManager: Shutting down and abandoning module ProjectSettingsViewer (142)
[2015.04.26-15.45.06:575][854]LogModuleManager: Shutting down and abandoning module InputBindingEditor (141)
[2015.04.26-15.45.06:575][854]LogModuleManager: Shutting down and abandoning module EditorSettingsViewer (140)
[2015.04.26-15.45.06:575][854]LogModuleManager: Shutting down and abandoning module SettingsEditor (139)
[2015.04.26-15.45.06:575][854]LogModuleManager: Shutting down and abandoning module ProjectLauncher (138)
[2015.04.26-15.45.06:575][854]LogModuleManager: Shutting down and abandoning module SessionFrontend (137)
[2015.04.26-15.45.06:575][854]LogModuleManager: Shutting down and abandoning module ProfilerClient (136)
[2015.04.26-15.45.06:575][854]LogModuleManager: Shutting down and abandoning module TargetDeviceServices (135)
[2015.04.26-15.45.06:575][854]LogModuleManager: Shutting down and abandoning module DeviceManager (134)
[2015.04.26-15.45.06:576][854]LogModuleManager: Shutting down and abandoning module AutomationController (133)
[2015.04.26-15.45.06:576][854]LogModuleManager: Shutting down and abandoning module AutomationWindow (132)
[2015.04.26-15.45.06:576][854]LogModuleManager: Shutting down and abandoning module Layers (131)
[2015.04.26-15.45.06:576][854]LogModuleManager: Shutting down and abandoning module ComponentVisualizers (130)
[2015.04.26-15.45.06:576][854]LogModuleManager: Shutting down and abandoning module DetailCustomizations (129)
[2015.04.26-15.45.06:576][854]LogModuleManager: Shutting down and abandoning module PackagesDialog (128)
[2015.04.26-15.45.06:576][854]LogModuleManager: Shutting down and abandoning module AssetRegistry (127)
[2015.04.26-15.45.06:658][854]LogModuleManager: Shutting down and abandoning module Persona (126)
[2015.04.26-15.45.06:658][854]LogModuleManager: Shutting down and abandoning module SlateReflector (125)
[2015.04.26-15.45.06:658][854]LogModuleManager: Shutting down and abandoning module LevelEditor (124)
[2015.04.26-15.45.06:659][854]LogModuleManager: Shutting down and abandoning module Kismet (123)
[2015.04.26-15.45.06:659][854]LogModuleManager: Shutting down and abandoning module GraphEditor (122)
[2015.04.26-15.45.06:659][854]LogModuleManager: Shutting down and abandoning module ClassViewer (121)
[2015.04.26-15.45.06:659][854]LogModuleManager: Shutting down and abandoning module Toolbox (120)
[2015.04.26-15.45.06:659][854]LogModuleManager: Shutting down and abandoning module ModuleUI (119)
[2015.04.26-15.45.06:659][854]LogModuleManager: Shutting down and abandoning module MovieSceneTools (118)
[2015.04.26-15.45.06:659][854]LogModuleManager: Shutting down and abandoning module OutputLog (117)
[2015.04.26-15.45.06:659][854]LogModuleManager: Shutting down and abandoning module GammaUI (116)
[2015.04.26-15.45.06:659][854]LogModuleManager: Shutting down and abandoning module Documentation (115)
[2015.04.26-15.45.06:659][854]LogModuleManager: Shutting down and abandoning module GameLiveStreaming (114)
[2015.04.26-15.45.06:659][854]LogModuleManager: Shutting down and abandoning module StreamingPauseRendering (113)
[2015.04.26-15.45.06:659][854]LogModuleManager: Shutting down and abandoning module HTTP (112)
[2015.04.26-15.45.06:659][854]LogModuleManager: Shutting down and abandoning module AnalyticsET (111)
[2015.04.26-15.45.06:659][854]LogModuleManager: Shutting down and abandoning module Analytics (110)
[2015.04.26-15.45.06:659][854]LogModuleManager: Shutting down and abandoning module AITestSuite (109)
[2015.04.26-15.45.06:659][854]LogModuleManager: Shutting down and abandoning module GameplayDebugger (108)
[2015.04.26-15.45.06:659][854]LogModuleManager: Shutting down and abandoning module AIModule (107)
[2015.04.26-15.45.06:659][854]LogModuleManager: Shutting down and abandoning module ProfilerService (106)
[2015.04.26-15.45.06:754][854]LogModuleManager: Shutting down and abandoning module TaskGraph (105)
[2015.04.26-15.45.06:754][854]LogModuleManager: Shutting down and abandoning module SlateRemote (104)
[2015.04.26-15.45.06:754][854]LogModuleManager: Shutting down and abandoning module ScriptEditorPlugin (103)
[2015.04.26-15.45.06:754][854]LogModuleManager: Shutting down and abandoning module CustomMeshComponent (102)
[2015.04.26-15.45.06:754][854]LogModuleManager: Shutting down and abandoning module CableComponent (101)
[2015.04.26-15.45.06:754][854]LogModuleManager: Shutting down and abandoning module MessagingDebugger (100)
[2015.04.26-15.45.06:754][854]LogModuleManager: Shutting down and abandoning module MediaPlayerEditor (99)
[2015.04.26-15.45.06:754][854]LogModuleManager: Shutting down and abandoning module SpeedTreeImporter (98)
[2015.04.26-15.45.06:754][854]LogModuleManager: Shutting down and abandoning module PluginsEditor (97)
[2015.04.26-15.45.06:754][854]LogModuleManager: Shutting down and abandoning module MainFrame (96)
[2015.04.26-15.45.06:754][854]LogModuleManager: Shutting down and abandoning module EpicSurvey (95)
[2015.04.26-15.45.06:754][854]LogModuleManager: Shutting down and abandoning module DesktopPlatform (94)
[2015.04.26-15.45.06:754][854]LogModuleManager: Shutting down and abandoning module DirectoryWatcher (93)
[2015.04.26-15.45.06:754][854]LogModuleManager: Shutting down and abandoning module HotReload (92)
[2015.04.26-15.45.06:754][854]LogModuleManager: Shutting down and abandoning module VisualStudioSourceCodeAccess (91)
[2015.04.26-15.45.06:755][854]LogModuleManager: Shutting down and abandoning module UObjectPlugin (90)
[2015.04.26-15.45.06:755][854]LogModuleManager: Shutting down and abandoning module SubversionSourceControl (89)
[2015.04.26-15.45.06:755][854]LogModuleManager: Shutting down and abandoning module PerforceSourceControl (88)
[2015.04.26-15.45.06:755][854]LogModuleManager: Shutting down and abandoning module SourceControl (87)
[2015.04.26-15.45.06:755][854]LogModuleManager: Shutting down and abandoning module GitSourceControl (86)
[2015.04.26-15.45.06:755][854]LogModuleManager: Shutting down and abandoning module BlankPlugin (85)
[2015.04.26-15.45.06:755][854]LogModuleManager: Shutting down and abandoning module PaperTiledImporter (84)
[2015.04.26-15.45.06:755][854]LogModuleManager: Shutting down and abandoning module PaperJsonImporter (83)
[2015.04.26-15.45.06:755][854]LogModuleManager: Shutting down and abandoning module ContentBrowser (82)
[2015.04.26-15.45.06:756][854]LogModuleManager: Shutting down and abandoning module Paper2DEditor (81)
[2015.04.26-15.45.06:756][854]LogModuleManager: Shutting down and abandoning module ScriptPlugin (80)
[2015.04.26-15.45.06:756][854]LogModuleManager: Shutting down and abandoning module UdpMessaging (79)
[2015.04.26-15.45.06:856][854]LogModuleManager: Shutting down and abandoning module Paper2D (78)
[2015.04.26-15.45.06:856][854]LogModuleManager: Shutting down and abandoning module WindowsMoviePlayer (77)
[2015.04.26-15.45.06:856][854]LogModuleManager: Shutting down and abandoning module Media (76)
[2015.04.26-15.45.06:856][854]LogModuleManager: Shutting down and abandoning module WmfMedia (75)
[2015.04.26-15.45.06:856][854]LogModuleManager: Shutting down and abandoning module OnlineBlueprintSupport (74)
[2015.04.26-15.45.06:856][854]LogModuleManager: Shutting down and abandoning module PropertyEditor (73)
[2015.04.26-15.45.06:856][854]LogModuleManager: Shutting down and abandoning module BehaviorTreeEditor (72)
[2015.04.26-15.45.06:856][854]LogModuleManager: Shutting down and abandoning module FunctionalTesting (71)
[2015.04.26-15.45.06:856][854]LogModuleManager: Shutting down and abandoning module CollisionAnalyzer (70)
[2015.04.26-15.45.06:856][854]LogModuleManager: Shutting down and abandoning module WorkspaceMenuStructure (69)
[2015.04.26-15.45.06:856][854]LogModuleManager: Shutting down and abandoning module MessageLog (68)
[2015.04.26-15.45.06:856][854]LogModuleManager: Shutting down and abandoning module Sequencer (67)
[2015.04.26-15.45.06:856][854]LogModuleManager: Shutting down and abandoning module AssetTools (66)
[2015.04.26-15.45.06:856][854]LogModuleManager: Shutting down and abandoning module UMGEditor (65)
[2015.04.26-15.45.06:856][854]LogModuleManager: Shutting down and abandoning module UMG (64)
[2015.04.26-15.45.06:856][854]LogModuleManager: Shutting down and abandoning module Slate (63)
[2015.04.26-15.45.06:856][854]LogModuleManager: Shutting down and abandoning module EditorStyle (62)
[2015.04.26-15.45.06:862][854]LogModuleManager: Shutting down and abandoning module SessionServices (61)
[2015.04.26-15.45.06:862][854]LogModuleManager: Shutting down and abandoning module SourceCodeAccess (60)
[2015.04.26-15.45.06:862][854]LogModuleManager: Shutting down and abandoning module HeadMountedDisplay (59)
[2015.04.26-15.45.06:862][854]LogModuleManager: Shutting down and abandoning module XAudio2 (58)
[2015.04.26-15.45.06:862][854]LogModuleManager: Shutting down and abandoning module Networking (56)
[2015.04.26-15.45.06:862][854]LogModuleManager: Shutting down and abandoning module Core (55)
[2015.04.26-15.45.06:862][854]LogModuleManager: Shutting down and abandoning module KismetCompiler (54)
[2015.04.26-15.45.06:862][854]LogModuleManager: Shutting down and abandoning module PhysXFormats (53)
[2015.04.26-15.45.06:862][854]LogModuleManager: Shutting down and abandoning module MeshUtilities (52)
[2015.04.26-15.45.06:862][854]LogModuleManager: Shutting down and abandoning module DerivedDataCache (51)
[2015.04.26-15.45.06:934][854]LogDerivedDataCache: Shutdown
[2015.04.26-15.45.06:934][854]LogModuleManager: Shutting down and abandoning module ShaderFormatOpenGL (50)
[2015.04.26-15.45.06:934][854]LogModuleManager: Shutting down and abandoning module ShaderFormatD3D (49)
[2015.04.26-15.45.06:934][854]LogModuleManager: Shutting down and abandoning module MetalShaderFormat (48)
[2015.04.26-15.45.06:934][854]LogModuleManager: Shutting down and abandoning module TextureFormatUncompressed (47)
[2015.04.26-15.45.06:934][854]LogModuleManager: Shutting down and abandoning module TextureFormatPVR (46)
[2015.04.26-15.45.06:934][854]LogModuleManager: Shutting down and abandoning module TextureFormatIntelISPCTexComp (45)
[2015.04.26-15.45.06:934][854]LogModuleManager: Shutting down and abandoning module TextureFormatDXT (44)
[2015.04.26-15.45.06:934][854]LogModuleManager: Shutting down and abandoning module ImageWrapper (43)
[2015.04.26-15.45.06:934][854]LogModuleManager: Shutting down and abandoning module TextureFormatASTC (42)
[2015.04.26-15.45.06:934][854]LogModuleManager: Shutting down and abandoning module TextureFormatAndroid (41)
[2015.04.26-15.45.06:934][854]LogModuleManager: Shutting down and abandoning module AudioFormatOpus (40)
[2015.04.26-15.45.06:934][854]LogModuleManager: Shutting down and abandoning module AudioFormatOgg (39)
[2015.04.26-15.45.06:934][854]LogModuleManager: Shutting down and abandoning module AudioFormatADPCM (38)
[2015.04.26-15.45.06:934][854]LogModuleManager: Shutting down and abandoning module LinuxTargetPlatform (37)
[2015.04.26-15.45.06:934][854]LogModuleManager: Shutting down and abandoning module LinuxServerTargetPlatform (36)
[2015.04.26-15.45.06:935][854]LogModuleManager: Shutting down and abandoning module LinuxNoEditorTargetPlatform (35)
[2015.04.26-15.45.06:935][854]LogModuleManager: Shutting down and abandoning module Messaging (34)
[2015.04.26-15.45.06:935][854]LogModuleManager: Shutting down and abandoning module IOSTargetPlatform (33)
[2015.04.26-15.45.06:935][854]LogModuleManager: Shutting down and abandoning module HTML5TargetPlatform (32)
[2015.04.26-15.45.06:935][854]LogModuleManager: Shutting down and abandoning module Android_PVRTCTargetPlatform (31)
[2015.04.26-15.45.06:935][854]LogModuleManager: Shutting down and abandoning module Android_ETC2TargetPlatform (30)
[2015.04.26-15.45.06:935][854]LogModuleManager: Shutting down and abandoning module Android_ETC1TargetPlatform (29)
[2015.04.26-15.45.06:935][854]LogModuleManager: Shutting down and abandoning module Android_ES31TargetPlatform (28)
[2015.04.26-15.45.06:935][854]LogModuleManager: Shutting down and abandoning module Android_DXTTargetPlatform (27)
[2015.04.26-15.45.06:935][854]LogModuleManager: Shutting down and abandoning module Android_ATCTargetPlatform (26)
[2015.04.26-15.45.06:935][854]LogModuleManager: Shutting down and abandoning module AndroidTargetPlatform (25)
[2015.04.26-15.45.06:935][854]LogModuleManager: Shutting down and abandoning module WindowsTargetPlatform (24)
[2015.04.26-15.45.06:935][854]LogModuleManager: Shutting down and abandoning module WindowsServerTargetPlatform (23)
[2015.04.26-15.45.06:935][854]LogModuleManager: Shutting down and abandoning module WindowsNoEditorTargetPlatform (22)
[2015.04.26-15.45.06:935][854]LogModuleManager: Shutting down and abandoning module WindowsClientTargetPlatform (21)
[2015.04.26-15.45.06:935][854]LogModuleManager: Shutting down and abandoning module TargetPlatform (20)
[2015.04.26-15.45.06:935][854]LogModuleManager: Shutting down and abandoning module InputCore (19)
[2015.04.26-15.45.06:935][854]LogModuleManager: Shutting down and abandoning module Settings (18)
[2015.04.26-15.45.06:935][854]LogModuleManager: Shutting down and abandoning module OnlineSubsystem (16)
[2015.04.26-15.45.06:935][854]LogModuleManager: Shutting down and abandoning module OculusRift (15)
[2015.04.26-15.45.06:935][854]LogModuleManager: Shutting down and abandoning module ExampleDeviceProfileSelector (14)
[2015.04.26-15.45.06:935][854]LogModuleManager: Shutting down and abandoning module TextureCompressor (13)
[2015.04.26-15.45.06:936][854]LogModuleManager: Shutting down and abandoning module ShaderCore (12)
[2015.04.26-15.45.06:936][854]LogModuleManager: Shutting down and abandoning module Landscape (11)
[2015.04.26-15.45.06:936][854]LogModuleManager: Shutting down and abandoning module SlateRHIRenderer (10)
[2015.04.26-15.45.06:938][854]LogModuleManager: Shutting down and abandoning module OpenGLDrv (9)
[2015.04.26-15.45.06:938][854]LogModuleManager: Shutting down and abandoning module D3D11RHI (8)
[2015.04.26-15.45.06:938][854]LogModuleManager: Shutting down and abandoning module Renderer (7)
[2015.04.26-15.45.06:938][854]LogModuleManager: Shutting down and abandoning module Engine (6)
[2015.04.26-15.45.06:938][854]LogModuleManager: Shutting down and abandoning module CoreUObject (5)
[2015.04.26-15.45.06:938][854]LogModuleManager: Shutting down and abandoning module NetworkFile (4)
[2015.04.26-15.45.06:938][854]LogModuleManager: Shutting down and abandoning module StreamingFile (3)
[2015.04.26-15.45.06:938][854]LogModuleManager: Shutting down and abandoning module SandboxFile (2)
[2015.04.26-15.45.06:938][854]LogModuleManager: Shutting down and abandoning module PakFile (1)
[2015.04.26-15.45.06:939][854]LogExit: Exiting.
[2015.04.26-15.45.06:968][854]Log file closed, 04/26/15 17:45:06
