Log file open, 04/26/15 17:35:19
LogInit:Display: Running engine for game: MyProject
LogInit: Version: 4.7.6-2513093+++depot+UE4-Releases+4.7
LogInit: API Version: 2455222
LogInit: Compiled (64-bit): Apr 15 2015 12:09:54
LogInit: Compiled with Visual C++: 18.00.21005.01
LogInit: Build Configuration: Development
LogInit: Branch Name: ++depot+UE4-Releases+4.7
LogInit: Command line:  
LogInit: Base directory: C:/Program Files/Epic Games/4.7/Engine/Binaries/Win64/
LogInit: Rocket: 1
[2015.04.26-15.35.19:925][  0]LogTaskGraph: Started task graph with 3 named threads and 4 total threads.
[2015.04.26-15.35.19:971][  0]LogOnline:Warning: No default platform service specified for OnlineSubsystem
[2015.04.26-15.35.19:991][  0]LogInit: Presizing for 0 objects not considered by GC, pre-allocating 0 bytes.
[2015.04.26-15.35.20:002][  0]LogInit: Object subsystem initialized
[2015.04.26-15.35.20:004][  0]LogConsoleResponse:Warning: Skipping Unknown console variable: 'TranslucentSortAxis = (X=0.000000,Y=-1.000000,Z=0.000000)'
[2015.04.26-15.35.20:004][  0]LogConsoleResponse:Warning:   Found in ini file 'C:/Users/Julia/Documents/GitHub/MyProject/Saved/Config/Windows/Engine.ini', in section '[/Script/Engine.RendererSettings]'
[2015.04.26-15.35.20:004][  0]LogConsoleResponse:Warning: Skipping Unknown console variable: 'UIScaleRule = ShortestSide'
[2015.04.26-15.35.20:004][  0]LogConsoleResponse:Warning:   Found in ini file 'C:/Users/Julia/Documents/GitHub/MyProject/Saved/Config/Windows/Engine.ini', in section '[/Script/Engine.RendererSettings]'
[2015.04.26-15.35.20:004][  0]LogConsoleResponse:Warning: Skipping Unknown console variable: 'UIScaleCurve = (EditorCurveData=(Keys=),ExternalCurve=None)'
[2015.04.26-15.35.20:004][  0]LogConsoleResponse:Warning:   Found in ini file 'C:/Users/Julia/Documents/GitHub/MyProject/Saved/Config/Windows/Engine.ini', in section '[/Script/Engine.RendererSettings]'
[2015.04.26-15.35.20:005][  0]LogInit: Selected Device Profile: [Windows]
[2015.04.26-15.35.20:005][  0]LogInit: Applying CVar settings loaded from the selected device profile: [Windows]
[2015.04.26-15.35.20:013][  0]LogInit: Computer: JULIA-LAPTOP
[2015.04.26-15.35.20:013][  0]LogInit: User: Julia
[2015.04.26-15.35.20:013][  0]LogInit: CPU Page size=4096, Cores=2
[2015.04.26-15.35.20:013][  0]LogInit: High frequency timer resolution =2.435937 MHz
[2015.04.26-15.35.20:013][  0]LogMemory: Memory total: Physical=5.9GB (6GB approx) Virtual=8192.0GB
[2015.04.26-15.35.20:013][  0]LogMemory: Platform Memory Stats for Windows
[2015.04.26-15.35.20:013][  0]LogMemory: Process Physical Memory: 47.00 MB used, 47.00 MB peak
[2015.04.26-15.35.20:013][  0]LogMemory: Process Virtual Memory: 27.28 MB used, 27.28 MB peak
[2015.04.26-15.35.20:013][  0]LogMemory: Physical Memory: 4039.67 MB used, 6002.92 MB total
[2015.04.26-15.35.20:013][  0]LogMemory: Virtual Memory: 276.72 MB used, 8388608.00 MB total
[2015.04.26-15.35.20:058][  0]LogD3D11RHI: Found D3D11 adapter 0: Intel(R) HD Graphics 4000 (Feature Level 11_0)
[2015.04.26-15.35.20:058][  0]LogD3D11RHI: Adapter has 64MB of dedicated video memory, 0MB of dedicated system memory, and 1632MB of shared system memory, 1 output[s]
[2015.04.26-15.35.20:058][  0]LogD3D11RHI: Chosen D3D11 Adapter Id = 0
[2015.04.26-15.35.20:064][  0]LogRHI: Texture pool is 616 MB (70% of 880 MB)
[2015.04.26-15.35.20:090][  0]LogD3D11RHI: Async texture creation enabled
[2015.04.26-15.35.20:172][  0]LogTextLocalizationManager: The requested culture ('de_DE') has no localization data; falling back to 'en' for localization and internationalization data.
[2015.04.26-15.35.20:295][  0]LogTextLocalizationManager:Warning: Loading localization resources contain conflicting entries for (Namespace:UICommands, Key:Save_ToolTip):
Resource: (C:/Program Files/Epic Games/4.7/Engine/Content/Localization/Editor/en/Editor.locres) Hash: (-29098895) String: (Saves the current level to disk)
Resource: (C:/Program Files/Epic Games/4.7/Engine/Content/Localization/Engine/en/Engine.locres) Hash: (-1280300587) String: (Save selected data to vlog file)
[2015.04.26-15.35.20:295][  0]LogTextLocalizationManager:Warning: Loading localization resources contain conflicting entries for (Namespace:ContentBrowser, Key:ImportAssetToolTip):
Resource: (C:/Program Files/Epic Games/4.7/Engine/Content/Localization/Editor/en/Editor.locres) Hash: (-630476809) String: (Import to {0}...)
Resource: (C:/Program Files/Epic Games/4.7/Engine/Content/Localization/Editor/en/Editor.locres) Hash: (1271782899) String: (Imports an asset from file to this folder.)
[2015.04.26-15.35.20:398][  0]LogContentStreaming: Texture pool size is 0.000000MB
[2015.04.26-15.35.23:404][  0]LogTargetPlatformManager:Display: Building Assets For Windows
[2015.04.26-15.35.24:155][  0]LogTargetPlatformManager:Display: Building Assets For Windows
[2015.04.26-15.35.24:240][  0]LogDerivedDataCache:Display: Max Cache Size: 512 MB
[2015.04.26-15.35.24:322][  0]LogDerivedDataCache: Loaded boot cache 0.08s 39MB C:/Users/Julia/AppData/Local/UnrealEngine/4.7/DerivedDataCache/Boot.ddc.
[2015.04.26-15.35.24:322][  0]LogDerivedDataCache:Display: Loaded Boot cache: C:/Users/Julia/AppData/Local/UnrealEngine/4.7/DerivedDataCache/Boot.ddc
[2015.04.26-15.35.24:322][  0]LogDerivedDataCache: FDerivedDataBackendGraph:  Pak pak cache file ../../../../../../Users/Julia/Documents/GitHub/MyProject/DerivedDataCache/DDC.ddp not found, will not use a pak cache.
[2015.04.26-15.35.24:322][  0]LogDerivedDataCache: Unable to find inner node Pak for hierarchical cache Hierarchy.
[2015.04.26-15.35.24:473][  0]LogDerivedDataCache:Display: Pak cache opened for reading ../../../Engine/DerivedDataCache/Compressed.ddp.
[2015.04.26-15.35.24:488][  0]LogDerivedDataCache: Using Local data cache path C:/Users/Julia/AppData/Local/UnrealEngine/Common/DerivedDataCache: Writable
[2015.04.26-15.35.24:960][  0]LogMeshUtilities: No automatic mesh reduction module available
[2015.04.26-15.35.24:960][  0]LogMeshUtilities: No automatic mesh merging module available
[2015.04.26-15.35.25:485][  0]LogInit: WinSock: version 1.1 (2.2), MaxSocks=32767, MaxUdp=65467
[2015.04.26-15.35.25:599][  0]LogSlate:Warning: Failed to load font data from '../../../Engine/Content/Slate/Fonts/Roboto-Italic.ttf'
[2015.04.26-15.35.26:726][  0]UdpMessaging: Initializing bridge on interface 0.0.0.0:0 to multicast group 230.0.0.1:6666.
[2015.04.26-15.35.27:015][  0]SourceControl: Info Source control is disabled
[2015.04.26-15.35.27:015][  0]SourceControl: Info Source control is disabled
[2015.04.26-15.35.27:015][  0]SourceControl: Info Source control is disabled
[2015.04.26-15.35.27:015][  0]LogSourceControl: RunCommandInternalRaw: 'git version'
[2015.04.26-15.35.27:016][  0]LogSourceControl: RunCommandInternalRaw: ExecProcess ReturnCode=2 OutResults=''
[2015.04.26-15.35.27:029][  0]SourceControl: Info Source control is disabled
[2015.04.26-15.35.27:296][  0]LogObj: 24232 objects as part of root set at end of initial load.
[2015.04.26-15.35.27:296][  0]LogUObjectAllocator: 5137176 out of 0 bytes used by permanent object pool.
[2015.04.26-15.35.27:398][  0]LogEngine: Initializing Engine...
[2015.04.26-15.35.29:624][  0]LogInit: XAudio2 using 'Lautsprecher (Conexant SmartAudio HD)' : 2 channels at 48 kHz using 32 bits per sample (channel mask 0x3)
[2015.04.26-15.35.29:635][  0]LogInit: FAudioDevice initialized.
[2015.04.26-15.35.29:689][  0]LogAIModule: Creating AISystem for world NewWorld
[2015.04.26-15.35.29:731][  0]LogDerivedDataCache: Saved boot cache 0.04s 39MB C:/Users/Julia/AppData/Local/UnrealEngine/4.7/DerivedDataCache/Boot.ddc.
[2015.04.26-15.35.29:735][  0]LogInit: Texture streaming: Enabled
[2015.04.26-15.35.29:864][  0]LogAnalytics: Creating configured Analytics provider AnalyticsET
[2015.04.26-15.35.29:864][  0]LogAnalytics: ET APIKey = Rocket.Release. APIServer = http://et2.epicgames.com/ET2/. AppVersion = 4.7.6-2513093+++depot+UE4-Releases+4.7
[2015.04.26-15.35.29:864][  0]LogAnalytics: ET APIKey = Rocket.Release. DataRouterUploadURL = https://datarouter-public-service-gamedev.ol.epicgames.net/datarouter/api/v1/public/data. AppVersion = 4.7.6-2513093+++depot+UE4-Releases+4.7
[2015.04.26-15.35.29:864][  0]LogAnalytics: SetUserId 258c484a4356f31f399d94975cb9c330|0e5824b1e13449eea755d55dd689a1a3|d17cefa2-9ca8-4f6e-9b98-256428fec4a3
[2015.04.26-15.35.29:865][  0]LogAnalytics: AnalyticsET::StartSession [Rocket.Release]
[2015.04.26-15.35.29:898][  0]LogInit: Transaction tracking system initialized
[2015.04.26-15.35.30:145][  0]BlueprintLog: New page: Editor Load
[2015.04.26-15.35.30:189][  0]LogAssetRegistry: FAssetRegistry took 0.0099 seconds to start up
[2015.04.26-15.35.30:189][  0]LogDirectoryWatcher:Warning: Failed to begin reading directory changes for ../../../Engine/Plugins/Experimental/CharacterAI/Content/. Error: 0
[2015.04.26-15.35.30:994][  0]LogTargetPlatformManager:Display: Building Assets For Windows
[2015.04.26-15.35.31:520][  0]LogTargetPlatformManager:Display: Building Assets For Windows
[2015.04.26-15.35.31:916][  0]LogSlate:Warning: Failed to load font data from '../../../Engine/Content/Editor/Slate/Fonts/Roboto-Regular.ttf'
[2015.04.26-15.35.31:916][  0]LogSlate:Warning: Failed to load font data from '../../../Engine/Content/Editor/Slate/Fonts/Roboto-Bold.ttf'
[2015.04.26-15.35.31:923][  0]LogConsoleResponse:Display: 
[2015.04.26-15.35.32:135][  0]LogCook:Display: Done creating registry. It took  0.00s.
[2015.04.26-15.35.32:387][  0]SourceControl: Info Source control is disabled
[2015.04.26-15.35.32:387][  0]Cmd: MAP LOAD FILE="../../../../../../Users/Julia/Documents/GitHub/MyProject/Content/VehicleBP/Maps/VehicleExampleMap.umap" TEMPLATE=0 SHOWPROGRESS=1 FEATURELEVEL=3
[2015.04.26-15.35.32:388][  0]LightingResults: New page: Lighting Build
[2015.04.26-15.35.32:406][  0]MapCheck: New page: Map Check
[2015.04.26-15.35.32:406][  0]LightingResults: New page: Lighting Build
[2015.04.26-15.35.32:424][  0]LogParticles: Destroying 0 GPU particle simulations for FXSystem 0x0000000003B02980
[2015.04.26-15.35.34:200][  0]LogEditorServer: Finished looking for orphan Actors (0.000 secs)
[2015.04.26-15.35.34:818][  0]LogAIModule: Creating AISystem for world VehicleExampleMap
[2015.04.26-15.35.34:819][  0]Cmd: MAP CHECKDEP
[2015.04.26-15.35.34:819][  0]MapCheck: New page: VehicleExampleMap - Apr 26, 2015, 7:35:34 PM
[2015.04.26-15.35.34:966][  0]MapCheck: Info Map check complete: 0 Error(s), 0 Warning(s), took 146.08ms to complete.
[2015.04.26-15.35.34:966][  0]LogFileHelpers: Loading map 'VehicleExampleMap' took 2.579
[2015.04.26-15.35.35:138][  0]LogCollectionManager: Loaded 0 collections in 0.001973 seconds
[2015.04.26-15.35.35:154][  0]LogContentBrowser: Native class hierarchy populated in 0.0156 seconds. Added 1696 classes and 261 folders.
[2015.04.26-15.35.35:199][  0]LogContentBrowser: Native class hierarchy updated for 'SceneOutliner' in 0.0031 seconds. Added 1 classes and 2 folders.
[2015.04.26-15.35.35:267][  0]LogCrashTracker: Crashtracker disabled due to settings.
[2015.04.26-15.35.35:268][  0]LogSlate:Warning: Failed to load font data from 'Veranda'
[2015.04.26-15.35.35:272][  0]LogUObjectGlobals:Warning: Failed to find object 'Class None.'
[2015.04.26-15.35.35:312][  0]LogLoad: Full Startup: 17.52 seconds (BP compile: 0.43 seconds)
[2015.04.26-15.35.35:779][  0]LogContentBrowser:Verbose: The content browser source was changed by the sources view to '/Game/VehicleBP/Meshes'
[2015.04.26-15.35.35:981][  0]LogRenderer:Warning: Reallocating scene render targets to support 856x376 (Frame:2).
[2015.04.26-15.35.39:298][  9]LogAssetRegistry: Asset discovery search completed in 9.1197 seconds
[2015.04.26-15.35.45:611][715]LogPlayLevel: PIE:  No blueprints needed recompiling
[2015.04.26-15.35.45:612][715]PIE: New page: PIE session: VehicleExampleMap (Apr 26, 2015, 7:35:45 PM)
[2015.04.26-15.35.45:657][715]LogPlayLevel: PIE: StaticDuplicateObject took: (0.045169s)
[2015.04.26-15.35.45:661][715]LogPlayLevel: PIE: World Init took: (0.003670s)
[2015.04.26-15.35.45:663][715]LogPlayLevel: PIE: Created PIE world by copying editor world from /Game/VehicleBP/Maps/VehicleExampleMap.VehicleExampleMap to /Game/VehicleBP/Maps/UEDPIE_0_VehicleExampleMap.VehicleExampleMap (0.050925s)
[2015.04.26-15.35.45:735][715]LogWorld: Game class is 'VehicleGameMode_C'
[2015.04.26-15.35.45:738][715]LogAIModule: Creating AISystem for world VehicleExampleMap
[2015.04.26-15.35.45:755][715]LogWorld: Bringing World /Game/VehicleBP/Maps/UEDPIE_0_VehicleExampleMap.VehicleExampleMap up for play (max tick rate 0) at 2015.04.26-17.35.45
[2015.04.26-15.35.45:756][715]LogWorld: Bringing up level for play took: 0.017590
[2015.04.26-15.35.45:758][715]PIE: Info Play in editor start time for /Game/VehicleBP/Maps/UEDPIE_0_VehicleExampleMap -0.669
[2015.04.26-15.36.04:318][257]LogContentBrowser:Verbose: The content browser source was changed by the sources view to '/Game/VehicleBP/Blueprints'
[2015.04.26-15.37.17:009][795]LogParticles: Destroying 0 GPU particle simulations for FXSystem 0x0000000032F9EB60
[2015.04.26-15.37.33:357][709]Cmd: QUIT_EDITOR
[2015.04.26-15.37.33:668][709]LogExit: Preparing to exit.
[2015.04.26-15.37.34:854][709]LogExit: Editor shut down
[2015.04.26-15.37.34:854][709]LogExit: Transaction tracking system shut down
[2015.04.26-15.37.34:855][709]LogParticles: Destroying 0 GPU particle simulations for FXSystem 0x0000000011814A40
[2015.04.26-15.37.34:856][709]LogParticles: Destroying 0 GPU particle simulations for FXSystem 0x000000000F6F28E0
[2015.04.26-15.37.34:857][709]LogParticles: Destroying 0 GPU particle simulations for FXSystem 0x000000003D54B7E0
[2015.04.26-15.37.34:857][709]LogParticles: Destroying 0 GPU particle simulations for FXSystem 0x000000003D54B420
[2015.04.26-15.37.34:857][709]LogParticles: Destroying 0 GPU particle simulations for FXSystem 0x000000001C6C9300
[2015.04.26-15.37.34:857][709]LogParticles: Destroying 0 GPU particle simulations for FXSystem 0x000000003D5487C0
[2015.04.26-15.37.34:950][709]LogExit: Object subsystem successfully closed.
[2015.04.26-15.37.35:037][709]LogModuleManager: Shutting down and abandoning module CrashTracker (177)
[2015.04.26-15.37.35:037][709]LogModuleManager: Shutting down and abandoning module SuperSearch (176)
[2015.04.26-15.37.35:037][709]LogModuleManager: Shutting down and abandoning module SceneOutliner (175)
[2015.04.26-15.37.35:037][709]LogModuleManager: Shutting down and abandoning module EditorWidgets (174)
[2015.04.26-15.37.35:037][709]LogModuleManager: Shutting down and abandoning module CollectionManager (173)
[2015.04.26-15.37.35:037][709]LogModuleManager: Shutting down and abandoning module StatsViewer (172)
[2015.04.26-15.37.35:037][709]LogModuleManager: Shutting down and abandoning module FoliageEdit (171)
[2015.04.26-15.37.35:037][709]LogModuleManager: Shutting down and abandoning module LandscapeEditor (170)
[2015.04.26-15.37.35:037][709]LogModuleManager: Shutting down and abandoning module MeshPaint (169)
[2015.04.26-15.37.35:037][709]LogModuleManager: Shutting down and abandoning module ActorPickerMode (168)
[2015.04.26-15.37.35:037][709]LogModuleManager: Shutting down and abandoning module GeometryMode (167)
[2015.04.26-15.37.35:037][709]LogModuleManager: Shutting down and abandoning module TextureAlignMode (166)
[2015.04.26-15.37.35:037][709]LogModuleManager: Shutting down and abandoning module BspMode (165)
[2015.04.26-15.37.35:037][709]LogModuleManager: Shutting down and abandoning module PlacementMode (164)
[2015.04.26-15.37.35:037][709]LogModuleManager: Shutting down and abandoning module AutomationWorker (163)
[2015.04.26-15.37.35:037][709]LogModuleManager: Shutting down and abandoning module CharacterAI (162)
[2015.04.26-15.37.35:037][709]LogModuleManager: Shutting down and abandoning module SmartSnapping (161)
[2015.04.26-15.37.35:037][709]LogModuleManager: Shutting down and abandoning module ViewportSnapping (160)
[2015.04.26-15.37.35:037][709]LogModuleManager: Shutting down and abandoning module LogVisualizer (159)
[2015.04.26-15.37.35:037][709]LogModuleManager: Shutting down and abandoning module GameProjectGeneration (158)
[2015.04.26-15.37.35:037][709]LogModuleManager: Shutting down and abandoning module IntroTutorials (157)
[2015.04.26-15.37.35:038][709]LogModuleManager: Shutting down and abandoning module EditorLiveStreaming (156)
[2015.04.26-15.37.35:038][709]LogModuleManager: Shutting down and abandoning module HardwareTargeting (155)
[2015.04.26-15.37.35:038][709]LogModuleManager: Shutting down and abandoning module DeviceProfileEditor (154)
[2015.04.26-15.37.35:038][709]LogModuleManager: Shutting down and abandoning module UndoHistory (153)
[2015.04.26-15.37.35:038][709]LogModuleManager: Shutting down and abandoning module GameplayTagsEditor (152)
[2015.04.26-15.37.35:038][709]LogModuleManager: Shutting down and abandoning module UserFeedback (151)
[2015.04.26-15.37.35:038][709]LogModuleManager: Shutting down and abandoning module XmlParser (150)
[2015.04.26-15.37.35:038][709]LogModuleManager: Shutting down and abandoning module Blutility (149)
[2015.04.26-15.37.35:038][709]LogModuleManager: Shutting down and abandoning module IOSPlatformEditor (148)
[2015.04.26-15.37.35:038][709]LogModuleManager: Shutting down and abandoning module IOSRuntimeSettings (147)
[2015.04.26-15.37.35:038][709]LogModuleManager: Shutting down and abandoning module AndroidDeviceDetection (146)
[2015.04.26-15.37.35:643][709]LogModuleManager: Shutting down and abandoning module AndroidPlatformEditor (145)
[2015.04.26-15.37.35:643][709]LogModuleManager: Shutting down and abandoning module AndroidRuntimeSettings (144)
[2015.04.26-15.37.35:643][709]LogModuleManager: Shutting down and abandoning module ProjectTargetPlatformEditor (143)
[2015.04.26-15.37.35:643][709]LogModuleManager: Shutting down and abandoning module ProjectSettingsViewer (142)
[2015.04.26-15.37.35:644][709]LogModuleManager: Shutting down and abandoning module InputBindingEditor (141)
[2015.04.26-15.37.35:644][709]LogModuleManager: Shutting down and abandoning module EditorSettingsViewer (140)
[2015.04.26-15.37.35:644][709]LogModuleManager: Shutting down and abandoning module SettingsEditor (139)
[2015.04.26-15.37.35:644][709]LogModuleManager: Shutting down and abandoning module ProjectLauncher (138)
[2015.04.26-15.37.35:644][709]LogModuleManager: Shutting down and abandoning module SessionFrontend (137)
[2015.04.26-15.37.35:644][709]LogModuleManager: Shutting down and abandoning module ProfilerClient (136)
[2015.04.26-15.37.35:644][709]LogModuleManager: Shutting down and abandoning module TargetDeviceServices (135)
[2015.04.26-15.37.35:644][709]LogModuleManager: Shutting down and abandoning module DeviceManager (134)
[2015.04.26-15.37.35:644][709]LogModuleManager: Shutting down and abandoning module AutomationController (133)
[2015.04.26-15.37.35:644][709]LogModuleManager: Shutting down and abandoning module AutomationWindow (132)
[2015.04.26-15.37.35:644][709]LogModuleManager: Shutting down and abandoning module Layers (131)
[2015.04.26-15.37.35:645][709]LogModuleManager: Shutting down and abandoning module ComponentVisualizers (130)
[2015.04.26-15.37.35:645][709]LogModuleManager: Shutting down and abandoning module DetailCustomizations (129)
[2015.04.26-15.37.35:645][709]LogModuleManager: Shutting down and abandoning module PackagesDialog (128)
[2015.04.26-15.37.35:645][709]LogModuleManager: Shutting down and abandoning module AssetRegistry (127)
[2015.04.26-15.37.35:712][709]LogModuleManager: Shutting down and abandoning module Persona (126)
[2015.04.26-15.37.35:712][709]LogModuleManager: Shutting down and abandoning module SlateReflector (125)
[2015.04.26-15.37.35:712][709]LogModuleManager: Shutting down and abandoning module LevelEditor (124)
[2015.04.26-15.37.35:713][709]LogModuleManager: Shutting down and abandoning module Kismet (123)
[2015.04.26-15.37.35:713][709]LogModuleManager: Shutting down and abandoning module GraphEditor (122)
[2015.04.26-15.37.35:713][709]LogModuleManager: Shutting down and abandoning module ClassViewer (121)
[2015.04.26-15.37.35:713][709]LogModuleManager: Shutting down and abandoning module Toolbox (120)
[2015.04.26-15.37.35:713][709]LogModuleManager: Shutting down and abandoning module ModuleUI (119)
[2015.04.26-15.37.35:713][709]LogModuleManager: Shutting down and abandoning module MovieSceneTools (118)
[2015.04.26-15.37.35:713][709]LogModuleManager: Shutting down and abandoning module OutputLog (117)
[2015.04.26-15.37.35:713][709]LogModuleManager: Shutting down and abandoning module GammaUI (116)
[2015.04.26-15.37.35:713][709]LogModuleManager: Shutting down and abandoning module Documentation (115)
[2015.04.26-15.37.35:713][709]LogModuleManager: Shutting down and abandoning module GameLiveStreaming (114)
[2015.04.26-15.37.35:713][709]LogModuleManager: Shutting down and abandoning module StreamingPauseRendering (113)
[2015.04.26-15.37.35:713][709]LogModuleManager: Shutting down and abandoning module HTTP (112)
[2015.04.26-15.37.35:713][709]LogModuleManager: Shutting down and abandoning module AnalyticsET (111)
[2015.04.26-15.37.35:713][709]LogModuleManager: Shutting down and abandoning module Analytics (110)
[2015.04.26-15.37.35:713][709]LogModuleManager: Shutting down and abandoning module AITestSuite (109)
[2015.04.26-15.37.35:713][709]LogModuleManager: Shutting down and abandoning module GameplayDebugger (108)
[2015.04.26-15.37.35:713][709]LogModuleManager: Shutting down and abandoning module AIModule (107)
[2015.04.26-15.37.35:713][709]LogModuleManager: Shutting down and abandoning module ProfilerService (106)
[2015.04.26-15.37.35:764][709]LogModuleManager: Shutting down and abandoning module TaskGraph (105)
[2015.04.26-15.37.35:764][709]LogModuleManager: Shutting down and abandoning module SlateRemote (104)
[2015.04.26-15.37.35:764][709]LogModuleManager: Shutting down and abandoning module ScriptEditorPlugin (103)
[2015.04.26-15.37.35:764][709]LogModuleManager: Shutting down and abandoning module CustomMeshComponent (102)
[2015.04.26-15.37.35:764][709]LogModuleManager: Shutting down and abandoning module CableComponent (101)
[2015.04.26-15.37.35:764][709]LogModuleManager: Shutting down and abandoning module MessagingDebugger (100)
[2015.04.26-15.37.35:764][709]LogModuleManager: Shutting down and abandoning module MediaPlayerEditor (99)
[2015.04.26-15.37.35:764][709]LogModuleManager: Shutting down and abandoning module SpeedTreeImporter (98)
[2015.04.26-15.37.35:764][709]LogModuleManager: Shutting down and abandoning module PluginsEditor (97)
[2015.04.26-15.37.35:764][709]LogModuleManager: Shutting down and abandoning module MainFrame (96)
[2015.04.26-15.37.35:764][709]LogModuleManager: Shutting down and abandoning module EpicSurvey (95)
[2015.04.26-15.37.35:764][709]LogModuleManager: Shutting down and abandoning module DesktopPlatform (94)
[2015.04.26-15.37.35:764][709]LogModuleManager: Shutting down and abandoning module DirectoryWatcher (93)
[2015.04.26-15.37.35:764][709]LogModuleManager: Shutting down and abandoning module HotReload (92)
[2015.04.26-15.37.35:764][709]LogModuleManager: Shutting down and abandoning module VisualStudioSourceCodeAccess (91)
[2015.04.26-15.37.35:764][709]LogModuleManager: Shutting down and abandoning module UObjectPlugin (90)
[2015.04.26-15.37.35:764][709]LogModuleManager: Shutting down and abandoning module SubversionSourceControl (89)
[2015.04.26-15.37.35:764][709]LogModuleManager: Shutting down and abandoning module PerforceSourceControl (88)
[2015.04.26-15.37.35:764][709]LogModuleManager: Shutting down and abandoning module SourceControl (87)
[2015.04.26-15.37.35:764][709]LogModuleManager: Shutting down and abandoning module GitSourceControl (86)
[2015.04.26-15.37.35:764][709]LogModuleManager: Shutting down and abandoning module BlankPlugin (85)
[2015.04.26-15.37.35:764][709]LogModuleManager: Shutting down and abandoning module PaperTiledImporter (84)
[2015.04.26-15.37.35:764][709]LogModuleManager: Shutting down and abandoning module PaperJsonImporter (83)
[2015.04.26-15.37.35:764][709]LogModuleManager: Shutting down and abandoning module ContentBrowser (82)
[2015.04.26-15.37.35:765][709]LogModuleManager: Shutting down and abandoning module Paper2DEditor (81)
[2015.04.26-15.37.35:765][709]LogModuleManager: Shutting down and abandoning module ScriptPlugin (80)
[2015.04.26-15.37.35:765][709]LogModuleManager: Shutting down and abandoning module UdpMessaging (79)
[2015.04.26-15.37.35:865][709]LogModuleManager: Shutting down and abandoning module Paper2D (78)
[2015.04.26-15.37.35:865][709]LogModuleManager: Shutting down and abandoning module WindowsMoviePlayer (77)
[2015.04.26-15.37.35:868][709]LogModuleManager: Shutting down and abandoning module Media (76)
[2015.04.26-15.37.35:868][709]LogModuleManager: Shutting down and abandoning module WmfMedia (75)
[2015.04.26-15.37.35:869][709]LogModuleManager: Shutting down and abandoning module OnlineBlueprintSupport (74)
[2015.04.26-15.37.35:869][709]LogModuleManager: Shutting down and abandoning module PropertyEditor (73)
[2015.04.26-15.37.35:869][709]LogModuleManager: Shutting down and abandoning module BehaviorTreeEditor (72)
[2015.04.26-15.37.35:869][709]LogModuleManager: Shutting down and abandoning module FunctionalTesting (71)
[2015.04.26-15.37.35:869][709]LogModuleManager: Shutting down and abandoning module CollisionAnalyzer (70)
[2015.04.26-15.37.35:869][709]LogModuleManager: Shutting down and abandoning module WorkspaceMenuStructure (69)
[2015.04.26-15.37.35:869][709]LogModuleManager: Shutting down and abandoning module MessageLog (68)
[2015.04.26-15.37.35:869][709]LogModuleManager: Shutting down and abandoning module Sequencer (67)
[2015.04.26-15.37.35:869][709]LogModuleManager: Shutting down and abandoning module AssetTools (66)
[2015.04.26-15.37.35:869][709]LogModuleManager: Shutting down and abandoning module UMGEditor (65)
[2015.04.26-15.37.35:869][709]LogModuleManager: Shutting down and abandoning module UMG (64)
[2015.04.26-15.37.35:869][709]LogModuleManager: Shutting down and abandoning module Slate (63)
[2015.04.26-15.37.35:869][709]LogModuleManager: Shutting down and abandoning module EditorStyle (62)
[2015.04.26-15.37.35:877][709]LogModuleManager: Shutting down and abandoning module SessionServices (61)
[2015.04.26-15.37.35:877][709]LogModuleManager: Shutting down and abandoning module SourceCodeAccess (60)
[2015.04.26-15.37.35:877][709]LogModuleManager: Shutting down and abandoning module HeadMountedDisplay (59)
[2015.04.26-15.37.35:877][709]LogModuleManager: Shutting down and abandoning module XAudio2 (58)
[2015.04.26-15.37.35:877][709]LogModuleManager: Shutting down and abandoning module Networking (56)
[2015.04.26-15.37.35:877][709]LogModuleManager: Shutting down and abandoning module Core (55)
[2015.04.26-15.37.35:878][709]LogModuleManager: Shutting down and abandoning module KismetCompiler (54)
[2015.04.26-15.37.35:878][709]LogModuleManager: Shutting down and abandoning module PhysXFormats (53)
[2015.04.26-15.37.35:878][709]LogModuleManager: Shutting down and abandoning module MeshUtilities (52)
[2015.04.26-15.37.35:878][709]LogModuleManager: Shutting down and abandoning module DerivedDataCache (51)
[2015.04.26-15.37.35:946][709]LogDerivedDataCache: Shutdown
[2015.04.26-15.37.35:946][709]LogModuleManager: Shutting down and abandoning module ShaderFormatOpenGL (50)
[2015.04.26-15.37.35:946][709]LogModuleManager: Shutting down and abandoning module ShaderFormatD3D (49)
[2015.04.26-15.37.35:946][709]LogModuleManager: Shutting down and abandoning module MetalShaderFormat (48)
[2015.04.26-15.37.35:946][709]LogModuleManager: Shutting down and abandoning module TextureFormatUncompressed (47)
[2015.04.26-15.37.35:946][709]LogModuleManager: Shutting down and abandoning module TextureFormatPVR (46)
[2015.04.26-15.37.35:946][709]LogModuleManager: Shutting down and abandoning module TextureFormatIntelISPCTexComp (45)
[2015.04.26-15.37.35:946][709]LogModuleManager: Shutting down and abandoning module TextureFormatDXT (44)
[2015.04.26-15.37.35:946][709]LogModuleManager: Shutting down and abandoning module ImageWrapper (43)
[2015.04.26-15.37.35:946][709]LogModuleManager: Shutting down and abandoning module TextureFormatASTC (42)
[2015.04.26-15.37.35:946][709]LogModuleManager: Shutting down and abandoning module TextureFormatAndroid (41)
[2015.04.26-15.37.35:946][709]LogModuleManager: Shutting down and abandoning module AudioFormatOpus (40)
[2015.04.26-15.37.35:946][709]LogModuleManager: Shutting down and abandoning module AudioFormatOgg (39)
[2015.04.26-15.37.35:946][709]LogModuleManager: Shutting down and abandoning module AudioFormatADPCM (38)
[2015.04.26-15.37.35:946][709]LogModuleManager: Shutting down and abandoning module LinuxTargetPlatform (37)
[2015.04.26-15.37.35:946][709]LogModuleManager: Shutting down and abandoning module LinuxServerTargetPlatform (36)
[2015.04.26-15.37.35:946][709]LogModuleManager: Shutting down and abandoning module LinuxNoEditorTargetPlatform (35)
[2015.04.26-15.37.35:946][709]LogModuleManager: Shutting down and abandoning module Messaging (34)
[2015.04.26-15.37.35:946][709]LogModuleManager: Shutting down and abandoning module IOSTargetPlatform (33)
[2015.04.26-15.37.35:946][709]LogModuleManager: Shutting down and abandoning module HTML5TargetPlatform (32)
[2015.04.26-15.37.35:946][709]LogModuleManager: Shutting down and abandoning module Android_PVRTCTargetPlatform (31)
[2015.04.26-15.37.35:946][709]LogModuleManager: Shutting down and abandoning module Android_ETC2TargetPlatform (30)
[2015.04.26-15.37.35:946][709]LogModuleManager: Shutting down and abandoning module Android_ETC1TargetPlatform (29)
[2015.04.26-15.37.35:946][709]LogModuleManager: Shutting down and abandoning module Android_ES31TargetPlatform (28)
[2015.04.26-15.37.35:946][709]LogModuleManager: Shutting down and abandoning module Android_DXTTargetPlatform (27)
[2015.04.26-15.37.35:946][709]LogModuleManager: Shutting down and abandoning module Android_ATCTargetPlatform (26)
[2015.04.26-15.37.35:946][709]LogModuleManager: Shutting down and abandoning module AndroidTargetPlatform (25)
[2015.04.26-15.37.35:946][709]LogModuleManager: Shutting down and abandoning module WindowsTargetPlatform (24)
[2015.04.26-15.37.35:946][709]LogModuleManager: Shutting down and abandoning module WindowsServerTargetPlatform (23)
[2015.04.26-15.37.35:946][709]LogModuleManager: Shutting down and abandoning module WindowsNoEditorTargetPlatform (22)
[2015.04.26-15.37.35:946][709]LogModuleManager: Shutting down and abandoning module WindowsClientTargetPlatform (21)
[2015.04.26-15.37.35:946][709]LogModuleManager: Shutting down and abandoning module TargetPlatform (20)
[2015.04.26-15.37.35:946][709]LogModuleManager: Shutting down and abandoning module InputCore (19)
[2015.04.26-15.37.35:946][709]LogModuleManager: Shutting down and abandoning module Settings (18)
[2015.04.26-15.37.35:946][709]LogModuleManager: Shutting down and abandoning module OnlineSubsystem (16)
[2015.04.26-15.37.35:946][709]LogModuleManager: Shutting down and abandoning module OculusRift (15)
[2015.04.26-15.37.35:946][709]LogModuleManager: Shutting down and abandoning module ExampleDeviceProfileSelector (14)
[2015.04.26-15.37.35:946][709]LogModuleManager: Shutting down and abandoning module TextureCompressor (13)
[2015.04.26-15.37.35:946][709]LogModuleManager: Shutting down and abandoning module ShaderCore (12)
[2015.04.26-15.37.35:946][709]LogModuleManager: Shutting down and abandoning module Landscape (11)
[2015.04.26-15.37.35:946][709]LogModuleManager: Shutting down and abandoning module SlateRHIRenderer (10)
[2015.04.26-15.37.35:948][709]LogModuleManager: Shutting down and abandoning module OpenGLDrv (9)
[2015.04.26-15.37.35:948][709]LogModuleManager: Shutting down and abandoning module D3D11RHI (8)
[2015.04.26-15.37.35:948][709]LogModuleManager: Shutting down and abandoning module Renderer (7)
[2015.04.26-15.37.35:948][709]LogModuleManager: Shutting down and abandoning module Engine (6)
[2015.04.26-15.37.35:948][709]LogModuleManager: Shutting down and abandoning module CoreUObject (5)
[2015.04.26-15.37.35:948][709]LogModuleManager: Shutting down and abandoning module NetworkFile (4)
[2015.04.26-15.37.35:948][709]LogModuleManager: Shutting down and abandoning module StreamingFile (3)
[2015.04.26-15.37.35:948][709]LogModuleManager: Shutting down and abandoning module SandboxFile (2)
[2015.04.26-15.37.35:948][709]LogModuleManager: Shutting down and abandoning module PakFile (1)
[2015.04.26-15.37.35:949][709]LogExit: Exiting.
[2015.04.26-15.37.35:956][709]Log file closed, 04/26/15 17:37:35
